CRITICAL - 2021-10-06 18:07:57 --> Undefined variable: data
#0 C:\xampp\htdocs\free-membership\app\Controllers\AjaxController.php(116): CodeIgniter\Debug\Exceptions->errorHandler(8, 'Undefined varia...', 'C:\\xampp\\htdocs...', 116, Array)
#1 C:\xampp\htdocs\free-membership\system\CodeIgniter.php(936): App\Controllers\AjaxController->fetchProduct()
#2 C:\xampp\htdocs\free-membership\system\CodeIgniter.php(432): CodeIgniter\CodeIgniter->runController(Object(App\Controllers\AjaxController))
#3 C:\xampp\htdocs\free-membership\system\CodeIgniter.php(333): CodeIgniter\CodeIgniter->handleRequest(NULL, Object(Config\Cache), false)
#4 C:\xampp\htdocs\free-membership\public\index.php(44): CodeIgniter\CodeIgniter->run()
#5 C:\xampp\htdocs\free-membership\index.php(6): require_once('C:\\xampp\\htdocs...')
#6 {main}
CRITICAL - 2021-10-06 21:15:49 --> Undefined variable: data
#0 C:\xampp\htdocs\free-membership\app\Controllers\AjaxController.php(116): CodeIgniter\Debug\Exceptions->errorHandler(8, 'Undefined varia...', 'C:\\xampp\\htdocs...', 116, Array)
#1 C:\xampp\htdocs\free-membership\system\CodeIgniter.php(936): App\Controllers\AjaxController->fetchProduct()
#2 C:\xampp\htdocs\free-membership\system\CodeIgniter.php(432): CodeIgniter\CodeIgniter->runController(Object(App\Controllers\AjaxController))
#3 C:\xampp\htdocs\free-membership\system\CodeIgniter.php(333): CodeIgniter\CodeIgniter->handleRequest(NULL, Object(Config\Cache), false)
#4 C:\xampp\htdocs\free-membership\public\index.php(44): CodeIgniter\CodeIgniter->run()
#5 C:\xampp\htdocs\free-membership\index.php(6): require_once('C:\\xampp\\htdocs...')
#6 {main}
CRITICAL - 2021-10-06 21:16:02 --> Undefined variable: data
#0 C:\xampp\htdocs\free-membership\app\Controllers\AjaxController.php(116): CodeIgniter\Debug\Exceptions->errorHandler(8, 'Undefined varia...', 'C:\\xampp\\htdocs...', 116, Array)
#1 C:\xampp\htdocs\free-membership\system\CodeIgniter.php(936): App\Controllers\AjaxController->fetchProduct()
#2 C:\xampp\htdocs\free-membership\system\CodeIgniter.php(432): CodeIgniter\CodeIgniter->runController(Object(App\Controllers\AjaxController))
#3 C:\xampp\htdocs\free-membership\system\CodeIgniter.php(333): CodeIgniter\CodeIgniter->handleRequest(NULL, Object(Config\Cache), false)
#4 C:\xampp\htdocs\free-membership\public\index.php(44): CodeIgniter\CodeIgniter->run()
#5 C:\xampp\htdocs\free-membership\index.php(6): require_once('C:\\xampp\\htdocs...')
#6 {main}
CRITICAL - 2021-10-06 21:16:11 --> Undefined variable: data
#0 C:\xampp\htdocs\free-membership\app\Controllers\AjaxController.php(116): CodeIgniter\Debug\Exceptions->errorHandler(8, 'Undefined varia...', 'C:\\xampp\\htdocs...', 116, Array)
#1 C:\xampp\htdocs\free-membership\system\CodeIgniter.php(936): App\Controllers\AjaxController->fetchProduct()
#2 C:\xampp\htdocs\free-membership\system\CodeIgniter.php(432): CodeIgniter\CodeIgniter->runController(Object(App\Controllers\AjaxController))
#3 C:\xampp\htdocs\free-membership\system\CodeIgniter.php(333): CodeIgniter\CodeIgniter->handleRequest(NULL, Object(Config\Cache), false)
#4 C:\xampp\htdocs\free-membership\public\index.php(44): CodeIgniter\CodeIgniter->run()
#5 C:\xampp\htdocs\free-membership\index.php(6): require_once('C:\\xampp\\htdocs...')
#6 {main}
CRITICAL - 2021-10-06 22:28:46 --> Undefined variable: data
#0 C:\xampp\htdocs\free-membership\app\Controllers\AjaxController.php(116): CodeIgniter\Debug\Exceptions->errorHandler(8, 'Undefined varia...', 'C:\\xampp\\htdocs...', 116, Array)
#1 C:\xampp\htdocs\free-membership\system\CodeIgniter.php(936): App\Controllers\AjaxController->fetchProduct()
#2 C:\xampp\htdocs\free-membership\system\CodeIgniter.php(432): CodeIgniter\CodeIgniter->runController(Object(App\Controllers\AjaxController))
#3 C:\xampp\htdocs\free-membership\system\CodeIgniter.php(333): CodeIgniter\CodeIgniter->handleRequest(NULL, Object(Config\Cache), false)
#4 C:\xampp\htdocs\free-membership\public\index.php(44): CodeIgniter\CodeIgniter->run()
#5 C:\xampp\htdocs\free-membership\index.php(6): require_once('C:\\xampp\\htdocs...')
#6 {main}
