CRITICAL - 2021-08-17 07:53:24 --> Undefined variable: site
#0 C:\xampp\htdocs\prive\app\Views\register\index.php(35): CodeIgniter\Debug\Exceptions->errorHandler(8, 'Undefined varia...', 'C:\\xampp\\htdocs...', 35, Array)
#1 C:\xampp\htdocs\prive\system\View\View.php(220): include('C:\\xampp\\htdocs...')
#2 C:\xampp\htdocs\prive\system\View\View.php(222): CodeIgniter\View\View->CodeIgniter\View\{closure}()
#3 C:\xampp\htdocs\prive\system\Common.php(1217): CodeIgniter\View\View->render('register/index', Array, true)
#4 C:\xampp\htdocs\prive\app\Controllers\Home.php(35): view('register/index', Array)
#5 C:\xampp\htdocs\prive\system\CodeIgniter.php(936): App\Controllers\Home->index()
#6 C:\xampp\htdocs\prive\system\CodeIgniter.php(432): CodeIgniter\CodeIgniter->runController(Object(App\Controllers\Home))
#7 C:\xampp\htdocs\prive\system\CodeIgniter.php(333): CodeIgniter\CodeIgniter->handleRequest(NULL, Object(Config\Cache), false)
#8 C:\xampp\htdocs\prive\public\index.php(44): CodeIgniter\CodeIgniter->run()
#9 C:\xampp\htdocs\prive\index.php(6): require_once('C:\\xampp\\htdocs...')
#10 {main}
CRITICAL - 2021-08-17 07:56:53 --> Invalid file: register/test.php
#0 C:\xampp\htdocs\prive\system\View\View.php(203): CodeIgniter\Exceptions\FrameworkException::forInvalidFile('register/test.p...')
#1 C:\xampp\htdocs\prive\system\Common.php(1217): CodeIgniter\View\View->render('register/test', Array, true)
#2 C:\xampp\htdocs\prive\app\Controllers\Home.php(35): view('register/test', Array)
#3 C:\xampp\htdocs\prive\system\CodeIgniter.php(936): App\Controllers\Home->index()
#4 C:\xampp\htdocs\prive\system\CodeIgniter.php(432): CodeIgniter\CodeIgniter->runController(Object(App\Controllers\Home))
#5 C:\xampp\htdocs\prive\system\CodeIgniter.php(333): CodeIgniter\CodeIgniter->handleRequest(NULL, Object(Config\Cache), false)
#6 C:\xampp\htdocs\prive\public\index.php(44): CodeIgniter\CodeIgniter->run()
#7 C:\xampp\htdocs\prive\index.php(6): require_once('C:\\xampp\\htdocs...')
#8 {main}
CRITICAL - 2021-08-17 07:57:02 --> Invalid file: register/test.php
#0 C:\xampp\htdocs\prive\system\View\View.php(203): CodeIgniter\Exceptions\FrameworkException::forInvalidFile('register/test.p...')
#1 C:\xampp\htdocs\prive\system\Common.php(1217): CodeIgniter\View\View->render('register/test', Array, true)
#2 C:\xampp\htdocs\prive\app\Controllers\Home.php(35): view('register/test', Array)
#3 C:\xampp\htdocs\prive\system\CodeIgniter.php(936): App\Controllers\Home->index()
#4 C:\xampp\htdocs\prive\system\CodeIgniter.php(432): CodeIgniter\CodeIgniter->runController(Object(App\Controllers\Home))
#5 C:\xampp\htdocs\prive\system\CodeIgniter.php(333): CodeIgniter\CodeIgniter->handleRequest(NULL, Object(Config\Cache), false)
#6 C:\xampp\htdocs\prive\public\index.php(44): CodeIgniter\CodeIgniter->run()
#7 C:\xampp\htdocs\prive\index.php(6): require_once('C:\\xampp\\htdocs...')
#8 {main}
CRITICAL - 2021-08-17 13:59:06 --> Cannot call constructor
#0 C:\xampp\htdocs\prive\system\CodeIgniter.php(908): App\Controllers\AjaxController->__construct()
#1 C:\xampp\htdocs\prive\system\CodeIgniter.php(422): CodeIgniter\CodeIgniter->createController()
#2 C:\xampp\htdocs\prive\system\CodeIgniter.php(333): CodeIgniter\CodeIgniter->handleRequest(NULL, Object(Config\Cache), false)
#3 C:\xampp\htdocs\prive\public\index.php(44): CodeIgniter\CodeIgniter->run()
#4 C:\xampp\htdocs\prive\index.php(6): require_once('C:\\xampp\\htdocs...')
#5 {main}
CRITICAL - 2021-08-17 13:59:28 --> Cannot call constructor
#0 C:\xampp\htdocs\prive\system\CodeIgniter.php(908): App\Controllers\AjaxController->__construct()
#1 C:\xampp\htdocs\prive\system\CodeIgniter.php(422): CodeIgniter\CodeIgniter->createController()
#2 C:\xampp\htdocs\prive\system\CodeIgniter.php(333): CodeIgniter\CodeIgniter->handleRequest(NULL, Object(Config\Cache), false)
#3 C:\xampp\htdocs\prive\public\index.php(44): CodeIgniter\CodeIgniter->run()
#4 C:\xampp\htdocs\prive\index.php(6): require_once('C:\\xampp\\htdocs...')
#5 {main}
CRITICAL - 2021-08-17 14:00:38 --> Cannot call constructor
#0 C:\xampp\htdocs\prive\system\CodeIgniter.php(908): App\Controllers\AjaxController->__construct()
#1 C:\xampp\htdocs\prive\system\CodeIgniter.php(422): CodeIgniter\CodeIgniter->createController()
#2 C:\xampp\htdocs\prive\system\CodeIgniter.php(333): CodeIgniter\CodeIgniter->handleRequest(NULL, Object(Config\Cache), false)
#3 C:\xampp\htdocs\prive\public\index.php(44): CodeIgniter\CodeIgniter->run()
#4 C:\xampp\htdocs\prive\index.php(6): require_once('C:\\xampp\\htdocs...')
#5 {main}
CRITICAL - 2021-08-17 14:01:19 --> Class 'App\Controllers\Ajax_model' not found
#0 C:\xampp\htdocs\prive\system\CodeIgniter.php(908): App\Controllers\AjaxController->__construct()
#1 C:\xampp\htdocs\prive\system\CodeIgniter.php(422): CodeIgniter\CodeIgniter->createController()
#2 C:\xampp\htdocs\prive\system\CodeIgniter.php(333): CodeIgniter\CodeIgniter->handleRequest(NULL, Object(Config\Cache), false)
#3 C:\xampp\htdocs\prive\public\index.php(44): CodeIgniter\CodeIgniter->run()
#4 C:\xampp\htdocs\prive\index.php(6): require_once('C:\\xampp\\htdocs...')
#5 {main}
CRITICAL - 2021-08-17 14:01:58 --> syntax error, unexpected 'getResult' (T_STRING), expecting ';'
#0 C:\xampp\htdocs\prive\system\Autoloader\Autoloader.php(265): CodeIgniter\Autoloader\Autoloader->includeFile('C:\\xampp\\htdocs...')
#1 C:\xampp\htdocs\prive\system\Autoloader\Autoloader.php(228): CodeIgniter\Autoloader\Autoloader->loadInNamespace('App\\Models\\Ajax...')
#2 [internal function]: CodeIgniter\Autoloader\Autoloader->loadClass('App\\Models\\Ajax...')
#3 C:\xampp\htdocs\prive\app\Controllers\AjaxController.php(13): spl_autoload_call('App\\Models\\Ajax...')
#4 C:\xampp\htdocs\prive\system\CodeIgniter.php(908): App\Controllers\AjaxController->__construct()
#5 C:\xampp\htdocs\prive\system\CodeIgniter.php(422): CodeIgniter\CodeIgniter->createController()
#6 C:\xampp\htdocs\prive\system\CodeIgniter.php(333): CodeIgniter\CodeIgniter->handleRequest(NULL, Object(Config\Cache), false)
#7 C:\xampp\htdocs\prive\public\index.php(44): CodeIgniter\CodeIgniter->run()
#8 C:\xampp\htdocs\prive\index.php(6): require_once('C:\\xampp\\htdocs...')
#9 {main}
CRITICAL - 2021-08-17 14:18:09 --> Too few arguments to function App\Models\Ajax_model::fetchAllDistrict(), 0 passed in C:\xampp\htdocs\prive\app\Controllers\AjaxController.php on line 29 and exactly 1 expected
#0 C:\xampp\htdocs\prive\app\Controllers\AjaxController.php(29): App\Models\Ajax_model->fetchAllDistrict()
#1 C:\xampp\htdocs\prive\system\CodeIgniter.php(936): App\Controllers\AjaxController->fetchDistrict()
#2 C:\xampp\htdocs\prive\system\CodeIgniter.php(432): CodeIgniter\CodeIgniter->runController(Object(App\Controllers\AjaxController))
#3 C:\xampp\htdocs\prive\system\CodeIgniter.php(333): CodeIgniter\CodeIgniter->handleRequest(NULL, Object(Config\Cache), false)
#4 C:\xampp\htdocs\prive\public\index.php(44): CodeIgniter\CodeIgniter->run()
#5 C:\xampp\htdocs\prive\index.php(6): require_once('C:\\xampp\\htdocs...')
#6 {main}
CRITICAL - 2021-08-17 14:32:12 --> Too few arguments to function App\Controllers\AjaxController::fetchDistrict(), 0 passed in C:\xampp\htdocs\prive\system\CodeIgniter.php on line 936 and exactly 1 expected
#0 C:\xampp\htdocs\prive\system\CodeIgniter.php(936): App\Controllers\AjaxController->fetchDistrict()
#1 C:\xampp\htdocs\prive\system\CodeIgniter.php(432): CodeIgniter\CodeIgniter->runController(Object(App\Controllers\AjaxController))
#2 C:\xampp\htdocs\prive\system\CodeIgniter.php(333): CodeIgniter\CodeIgniter->handleRequest(NULL, Object(Config\Cache), false)
#3 C:\xampp\htdocs\prive\public\index.php(44): CodeIgniter\CodeIgniter->run()
#4 C:\xampp\htdocs\prive\index.php(6): require_once('C:\\xampp\\htdocs...')
#5 {main}
CRITICAL - 2021-08-17 14:38:34 --> You must set the database table to be used with your query.
#0 C:\xampp\htdocs\prive\system\Model.php(615): CodeIgniter\Database\BaseConnection->table(NULL)
#1 C:\xampp\htdocs\prive\system\Model.php(834): CodeIgniter\Model->builder()
#2 C:\xampp\htdocs\prive\app\Controllers\AjaxController.php(59): CodeIgniter\Model->__call('fetchPostalcode', Array)
#3 C:\xampp\htdocs\prive\system\CodeIgniter.php(936): App\Controllers\AjaxController->fetchPostalcode()
#4 C:\xampp\htdocs\prive\system\CodeIgniter.php(432): CodeIgniter\CodeIgniter->runController(Object(App\Controllers\AjaxController))
#5 C:\xampp\htdocs\prive\system\CodeIgniter.php(333): CodeIgniter\CodeIgniter->handleRequest(NULL, Object(Config\Cache), false)
#6 C:\xampp\htdocs\prive\public\index.php(44): CodeIgniter\CodeIgniter->run()
#7 C:\xampp\htdocs\prive\index.php(6): require_once('C:\\xampp\\htdocs...')
#8 {main}
CRITICAL - 2021-08-17 14:38:37 --> You must set the database table to be used with your query.
#0 C:\xampp\htdocs\prive\system\Model.php(615): CodeIgniter\Database\BaseConnection->table(NULL)
#1 C:\xampp\htdocs\prive\system\Model.php(834): CodeIgniter\Model->builder()
#2 C:\xampp\htdocs\prive\app\Controllers\AjaxController.php(59): CodeIgniter\Model->__call('fetchPostalcode', Array)
#3 C:\xampp\htdocs\prive\system\CodeIgniter.php(936): App\Controllers\AjaxController->fetchPostalcode()
#4 C:\xampp\htdocs\prive\system\CodeIgniter.php(432): CodeIgniter\CodeIgniter->runController(Object(App\Controllers\AjaxController))
#5 C:\xampp\htdocs\prive\system\CodeIgniter.php(333): CodeIgniter\CodeIgniter->handleRequest(NULL, Object(Config\Cache), false)
#6 C:\xampp\htdocs\prive\public\index.php(44): CodeIgniter\CodeIgniter->run()
#7 C:\xampp\htdocs\prive\index.php(6): require_once('C:\\xampp\\htdocs...')
#8 {main}
CRITICAL - 2021-08-17 14:38:44 --> You must set the database table to be used with your query.
#0 C:\xampp\htdocs\prive\system\Model.php(615): CodeIgniter\Database\BaseConnection->table(NULL)
#1 C:\xampp\htdocs\prive\system\Model.php(834): CodeIgniter\Model->builder()
#2 C:\xampp\htdocs\prive\app\Controllers\AjaxController.php(59): CodeIgniter\Model->__call('fetchPostalcode', Array)
#3 C:\xampp\htdocs\prive\system\CodeIgniter.php(936): App\Controllers\AjaxController->fetchPostalcode()
#4 C:\xampp\htdocs\prive\system\CodeIgniter.php(432): CodeIgniter\CodeIgniter->runController(Object(App\Controllers\AjaxController))
#5 C:\xampp\htdocs\prive\system\CodeIgniter.php(333): CodeIgniter\CodeIgniter->handleRequest(NULL, Object(Config\Cache), false)
#6 C:\xampp\htdocs\prive\public\index.php(44): CodeIgniter\CodeIgniter->run()
#7 C:\xampp\htdocs\prive\index.php(6): require_once('C:\\xampp\\htdocs...')
#8 {main}
CRITICAL - 2021-08-17 14:40:20 --> You must set the database table to be used with your query.
#0 C:\xampp\htdocs\prive\system\Model.php(615): CodeIgniter\Database\BaseConnection->table(NULL)
#1 C:\xampp\htdocs\prive\system\Model.php(834): CodeIgniter\Model->builder()
#2 C:\xampp\htdocs\prive\app\Controllers\AjaxController.php(59): CodeIgniter\Model->__call('fetchPostalcode', Array)
#3 C:\xampp\htdocs\prive\system\CodeIgniter.php(936): App\Controllers\AjaxController->fetchPostalcode()
#4 C:\xampp\htdocs\prive\system\CodeIgniter.php(432): CodeIgniter\CodeIgniter->runController(Object(App\Controllers\AjaxController))
#5 C:\xampp\htdocs\prive\system\CodeIgniter.php(333): CodeIgniter\CodeIgniter->handleRequest(NULL, Object(Config\Cache), false)
#6 C:\xampp\htdocs\prive\public\index.php(44): CodeIgniter\CodeIgniter->run()
#7 C:\xampp\htdocs\prive\index.php(6): require_once('C:\\xampp\\htdocs...')
#8 {main}
CRITICAL - 2021-08-17 14:40:28 --> You must set the database table to be used with your query.
#0 C:\xampp\htdocs\prive\system\Model.php(615): CodeIgniter\Database\BaseConnection->table(NULL)
#1 C:\xampp\htdocs\prive\system\Model.php(834): CodeIgniter\Model->builder()
#2 C:\xampp\htdocs\prive\app\Controllers\AjaxController.php(59): CodeIgniter\Model->__call('fetchPostalcode', Array)
#3 C:\xampp\htdocs\prive\system\CodeIgniter.php(936): App\Controllers\AjaxController->fetchPostalcode()
#4 C:\xampp\htdocs\prive\system\CodeIgniter.php(432): CodeIgniter\CodeIgniter->runController(Object(App\Controllers\AjaxController))
#5 C:\xampp\htdocs\prive\system\CodeIgniter.php(333): CodeIgniter\CodeIgniter->handleRequest(NULL, Object(Config\Cache), false)
#6 C:\xampp\htdocs\prive\public\index.php(44): CodeIgniter\CodeIgniter->run()
#7 C:\xampp\htdocs\prive\index.php(6): require_once('C:\\xampp\\htdocs...')
#8 {main}
CRITICAL - 2021-08-17 14:42:14 --> You must set the database table to be used with your query.
#0 C:\xampp\htdocs\prive\system\Model.php(615): CodeIgniter\Database\BaseConnection->table(NULL)
#1 C:\xampp\htdocs\prive\system\Model.php(834): CodeIgniter\Model->builder()
#2 C:\xampp\htdocs\prive\app\Controllers\AjaxController.php(59): CodeIgniter\Model->__call('fetchPostalcode', Array)
#3 C:\xampp\htdocs\prive\system\CodeIgniter.php(936): App\Controllers\AjaxController->fetchPostalcode()
#4 C:\xampp\htdocs\prive\system\CodeIgniter.php(432): CodeIgniter\CodeIgniter->runController(Object(App\Controllers\AjaxController))
#5 C:\xampp\htdocs\prive\system\CodeIgniter.php(333): CodeIgniter\CodeIgniter->handleRequest(NULL, Object(Config\Cache), false)
#6 C:\xampp\htdocs\prive\public\index.php(44): CodeIgniter\CodeIgniter->run()
#7 C:\xampp\htdocs\prive\index.php(6): require_once('C:\\xampp\\htdocs...')
#8 {main}
CRITICAL - 2021-08-17 16:27:56 --> syntax error, unexpected 'orderBy' (T_STRING), expecting ';'
#0 C:\xampp\htdocs\prive\system\Autoloader\Autoloader.php(265): CodeIgniter\Autoloader\Autoloader->includeFile('C:\\xampp\\htdocs...')
#1 C:\xampp\htdocs\prive\system\Autoloader\Autoloader.php(228): CodeIgniter\Autoloader\Autoloader->loadInNamespace('App\\Models\\Ajax...')
#2 [internal function]: CodeIgniter\Autoloader\Autoloader->loadClass('App\\Models\\Ajax...')
#3 C:\xampp\htdocs\prive\app\Controllers\AjaxController.php(13): spl_autoload_call('App\\Models\\Ajax...')
#4 C:\xampp\htdocs\prive\system\CodeIgniter.php(908): App\Controllers\AjaxController->__construct()
#5 C:\xampp\htdocs\prive\system\CodeIgniter.php(422): CodeIgniter\CodeIgniter->createController()
#6 C:\xampp\htdocs\prive\system\CodeIgniter.php(333): CodeIgniter\CodeIgniter->handleRequest(NULL, Object(Config\Cache), false)
#7 C:\xampp\htdocs\prive\public\index.php(44): CodeIgniter\CodeIgniter->run()
#8 C:\xampp\htdocs\prive\index.php(6): require_once('C:\\xampp\\htdocs...')
#9 {main}
CRITICAL - 2021-08-17 16:27:56 --> syntax error, unexpected 'orderBy' (T_STRING), expecting ';'
#0 C:\xampp\htdocs\prive\system\Autoloader\Autoloader.php(265): CodeIgniter\Autoloader\Autoloader->includeFile('C:\\xampp\\htdocs...')
#1 C:\xampp\htdocs\prive\system\Autoloader\Autoloader.php(228): CodeIgniter\Autoloader\Autoloader->loadInNamespace('App\\Models\\Ajax...')
#2 [internal function]: CodeIgniter\Autoloader\Autoloader->loadClass('App\\Models\\Ajax...')
#3 C:\xampp\htdocs\prive\app\Controllers\AjaxController.php(13): spl_autoload_call('App\\Models\\Ajax...')
#4 C:\xampp\htdocs\prive\system\CodeIgniter.php(908): App\Controllers\AjaxController->__construct()
#5 C:\xampp\htdocs\prive\system\CodeIgniter.php(422): CodeIgniter\CodeIgniter->createController()
#6 C:\xampp\htdocs\prive\system\CodeIgniter.php(333): CodeIgniter\CodeIgniter->handleRequest(NULL, Object(Config\Cache), false)
#7 C:\xampp\htdocs\prive\public\index.php(44): CodeIgniter\CodeIgniter->run()
#8 C:\xampp\htdocs\prive\index.php(6): require_once('C:\\xampp\\htdocs...')
#9 {main}
CRITICAL - 2021-08-17 16:31:17 --> syntax error, unexpected 'orderBy' (T_STRING), expecting ';'
#0 C:\xampp\htdocs\prive\system\Autoloader\Autoloader.php(265): CodeIgniter\Autoloader\Autoloader->includeFile('C:\\xampp\\htdocs...')
#1 C:\xampp\htdocs\prive\system\Autoloader\Autoloader.php(228): CodeIgniter\Autoloader\Autoloader->loadInNamespace('App\\Models\\Ajax...')
#2 [internal function]: CodeIgniter\Autoloader\Autoloader->loadClass('App\\Models\\Ajax...')
#3 C:\xampp\htdocs\prive\app\Controllers\AjaxController.php(13): spl_autoload_call('App\\Models\\Ajax...')
#4 C:\xampp\htdocs\prive\system\CodeIgniter.php(908): App\Controllers\AjaxController->__construct()
#5 C:\xampp\htdocs\prive\system\CodeIgniter.php(422): CodeIgniter\CodeIgniter->createController()
#6 C:\xampp\htdocs\prive\system\CodeIgniter.php(333): CodeIgniter\CodeIgniter->handleRequest(NULL, Object(Config\Cache), false)
#7 C:\xampp\htdocs\prive\public\index.php(44): CodeIgniter\CodeIgniter->run()
#8 C:\xampp\htdocs\prive\index.php(6): require_once('C:\\xampp\\htdocs...')
#9 {main}
CRITICAL - 2021-08-17 16:31:57 --> syntax error, unexpected 'orderBy' (T_STRING), expecting ';'
#0 C:\xampp\htdocs\prive\system\Autoloader\Autoloader.php(265): CodeIgniter\Autoloader\Autoloader->includeFile('C:\\xampp\\htdocs...')
#1 C:\xampp\htdocs\prive\system\Autoloader\Autoloader.php(228): CodeIgniter\Autoloader\Autoloader->loadInNamespace('App\\Models\\Ajax...')
#2 [internal function]: CodeIgniter\Autoloader\Autoloader->loadClass('App\\Models\\Ajax...')
#3 C:\xampp\htdocs\prive\app\Controllers\AjaxController.php(13): spl_autoload_call('App\\Models\\Ajax...')
#4 C:\xampp\htdocs\prive\system\CodeIgniter.php(908): App\Controllers\AjaxController->__construct()
#5 C:\xampp\htdocs\prive\system\CodeIgniter.php(422): CodeIgniter\CodeIgniter->createController()
#6 C:\xampp\htdocs\prive\system\CodeIgniter.php(333): CodeIgniter\CodeIgniter->handleRequest(NULL, Object(Config\Cache), false)
#7 C:\xampp\htdocs\prive\public\index.php(44): CodeIgniter\CodeIgniter->run()
#8 C:\xampp\htdocs\prive\index.php(6): require_once('C:\\xampp\\htdocs...')
#9 {main}
CRITICAL - 2021-08-17 16:49:10 --> Undefined property: stdClass::$sku
#0 C:\xampp\htdocs\prive\app\Controllers\AjaxController.php(71): CodeIgniter\Debug\Exceptions->errorHandler(8, 'Undefined prope...', 'C:\\xampp\\htdocs...', 71, Array)
#1 C:\xampp\htdocs\prive\system\CodeIgniter.php(936): App\Controllers\AjaxController->fetchProduct()
#2 C:\xampp\htdocs\prive\system\CodeIgniter.php(432): CodeIgniter\CodeIgniter->runController(Object(App\Controllers\AjaxController))
#3 C:\xampp\htdocs\prive\system\CodeIgniter.php(333): CodeIgniter\CodeIgniter->handleRequest(NULL, Object(Config\Cache), false)
#4 C:\xampp\htdocs\prive\public\index.php(44): CodeIgniter\CodeIgniter->run()
#5 C:\xampp\htdocs\prive\index.php(6): require_once('C:\\xampp\\htdocs...')
#6 {main}
CRITICAL - 2021-08-17 16:49:32 --> Undefined property: stdClass::$sku
#0 C:\xampp\htdocs\prive\app\Controllers\AjaxController.php(71): CodeIgniter\Debug\Exceptions->errorHandler(8, 'Undefined prope...', 'C:\\xampp\\htdocs...', 71, Array)
#1 C:\xampp\htdocs\prive\system\CodeIgniter.php(936): App\Controllers\AjaxController->fetchProduct()
#2 C:\xampp\htdocs\prive\system\CodeIgniter.php(432): CodeIgniter\CodeIgniter->runController(Object(App\Controllers\AjaxController))
#3 C:\xampp\htdocs\prive\system\CodeIgniter.php(333): CodeIgniter\CodeIgniter->handleRequest(NULL, Object(Config\Cache), false)
#4 C:\xampp\htdocs\prive\public\index.php(44): CodeIgniter\CodeIgniter->run()
#5 C:\xampp\htdocs\prive\index.php(6): require_once('C:\\xampp\\htdocs...')
#6 {main}
CRITICAL - 2021-08-17 16:53:37 --> syntax error, unexpected ';', expecting ')'
#0 C:\xampp\htdocs\prive\system\Router\Router.php(170): CodeIgniter\Router\Router->autoRoute('AjaxController/...')
#1 C:\xampp\htdocs\prive\system\CodeIgniter.php(816): CodeIgniter\Router\Router->handle('AjaxController/...')
#2 C:\xampp\htdocs\prive\system\CodeIgniter.php(385): CodeIgniter\CodeIgniter->tryToRouteIt(Object(CodeIgniter\Router\RouteCollection))
#3 C:\xampp\htdocs\prive\system\CodeIgniter.php(333): CodeIgniter\CodeIgniter->handleRequest(NULL, Object(Config\Cache), false)
#4 C:\xampp\htdocs\prive\public\index.php(44): CodeIgniter\CodeIgniter->run()
#5 C:\xampp\htdocs\prive\index.php(6): require_once('C:\\xampp\\htdocs...')
#6 {main}
ERROR - 2021-08-17 17:36:44 --> mysqli_sql_exception: You have an error in your SQL syntax; check the manual that corresponds to your MariaDB server version for the right syntax to use near 'FROM `products`
ORDER BY `title` ASC' at line 2 in C:\xampp\htdocs\prive\system\Database\MySQLi\Connection.php:314
Stack trace:
#0 C:\xampp\htdocs\prive\system\Database\MySQLi\Connection.php(314): mysqli->query('SELECT `top 10`...')
#1 C:\xampp\htdocs\prive\system\Database\BaseConnection.php(713): CodeIgniter\Database\MySQLi\Connection->execute('SELECT `top 10`...')
#2 C:\xampp\htdocs\prive\system\Database\BaseConnection.php(641): CodeIgniter\Database\BaseConnection->simpleQuery('SELECT `top 10`...')
#3 C:\xampp\htdocs\prive\system\Database\BaseBuilder.php(1866): CodeIgniter\Database\BaseConnection->query('SELECT `top 10`...', Array, false)
#4 C:\xampp\htdocs\prive\app\Models\Ajax_model.php(36): CodeIgniter\Database\BaseBuilder->get()
#5 C:\xampp\htdocs\prive\app\Controllers\AjaxController.php(70): App\Models\Ajax_model->fetchAllProduct()
#6 C:\xampp\htdocs\prive\system\CodeIgniter.php(936): App\Controllers\AjaxController->fetchProduct()
#7 C:\xampp\htdocs\prive\system\CodeIgniter.php(432): CodeIgniter\CodeIgniter->runController(Object(App\Controllers\AjaxController))
#8 C:\xampp\htdocs\prive\system\CodeIgniter.php(333): CodeIgniter\CodeIgniter->handleRequest(NULL, Object(Config\Cache), false)
#9 C:\xampp\htdocs\prive\public\index.php(44): CodeIgniter\CodeIgniter->run()
#10 C:\xampp\htdocs\prive\index.php(6): require_once('C:\\xampp\\htdocs...')
#11 {main}
CRITICAL - 2021-08-17 17:36:44 --> You have an error in your SQL syntax; check the manual that corresponds to your MariaDB server version for the right syntax to use near 'FROM `products`
ORDER BY `title` ASC' at line 2
#0 C:\xampp\htdocs\prive\system\Database\MySQLi\Connection.php(314): mysqli->query('SELECT `top 10`...')
#1 C:\xampp\htdocs\prive\system\Database\BaseConnection.php(713): CodeIgniter\Database\MySQLi\Connection->execute('SELECT `top 10`...')
#2 C:\xampp\htdocs\prive\system\Database\BaseConnection.php(641): CodeIgniter\Database\BaseConnection->simpleQuery('SELECT `top 10`...')
#3 C:\xampp\htdocs\prive\system\Database\BaseBuilder.php(1866): CodeIgniter\Database\BaseConnection->query('SELECT `top 10`...', Array, false)
#4 C:\xampp\htdocs\prive\app\Models\Ajax_model.php(36): CodeIgniter\Database\BaseBuilder->get()
#5 C:\xampp\htdocs\prive\app\Controllers\AjaxController.php(70): App\Models\Ajax_model->fetchAllProduct()
#6 C:\xampp\htdocs\prive\system\CodeIgniter.php(936): App\Controllers\AjaxController->fetchProduct()
#7 C:\xampp\htdocs\prive\system\CodeIgniter.php(432): CodeIgniter\CodeIgniter->runController(Object(App\Controllers\AjaxController))
#8 C:\xampp\htdocs\prive\system\CodeIgniter.php(333): CodeIgniter\CodeIgniter->handleRequest(NULL, Object(Config\Cache), false)
#9 C:\xampp\htdocs\prive\public\index.php(44): CodeIgniter\CodeIgniter->run()
#10 C:\xampp\htdocs\prive\index.php(6): require_once('C:\\xampp\\htdocs...')
#11 {main}
CRITICAL - 2021-08-17 17:37:34 --> Call to undefined method CodeIgniter\Database\MySQLi\Builder::limits()
#0 C:\xampp\htdocs\prive\app\Controllers\AjaxController.php(70): App\Models\Ajax_model->fetchAllProduct()
#1 C:\xampp\htdocs\prive\system\CodeIgniter.php(936): App\Controllers\AjaxController->fetchProduct()
#2 C:\xampp\htdocs\prive\system\CodeIgniter.php(432): CodeIgniter\CodeIgniter->runController(Object(App\Controllers\AjaxController))
#3 C:\xampp\htdocs\prive\system\CodeIgniter.php(333): CodeIgniter\CodeIgniter->handleRequest(NULL, Object(Config\Cache), false)
#4 C:\xampp\htdocs\prive\public\index.php(44): CodeIgniter\CodeIgniter->run()
#5 C:\xampp\htdocs\prive\index.php(6): require_once('C:\\xampp\\htdocs...')
#6 {main}
CRITICAL - 2021-08-17 18:30:20 --> syntax error, unexpected 'if' (T_IF)
#0 C:\xampp\htdocs\prive\system\CodeIgniter.php(385): CodeIgniter\CodeIgniter->tryToRouteIt(NULL)
#1 C:\xampp\htdocs\prive\system\CodeIgniter.php(333): CodeIgniter\CodeIgniter->handleRequest(NULL, Object(Config\Cache), false)
#2 C:\xampp\htdocs\prive\public\index.php(44): CodeIgniter\CodeIgniter->run()
#3 C:\xampp\htdocs\prive\index.php(6): require_once('C:\\xampp\\htdocs...')
#4 {main}
CRITICAL - 2021-08-17 19:07:08 --> Undefined variable: session
#0 C:\xampp\htdocs\prive\app\Views\layout\master.php(130): CodeIgniter\Debug\Exceptions->errorHandler(8, 'Undefined varia...', 'C:\\xampp\\htdocs...', 130, Array)
#1 C:\xampp\htdocs\prive\system\View\View.php(220): include('C:\\xampp\\htdocs...')
#2 C:\xampp\htdocs\prive\system\View\View.php(222): CodeIgniter\View\View->CodeIgniter\View\{closure}()
#3 C:\xampp\htdocs\prive\system\View\View.php(236): CodeIgniter\View\View->render('layout/master', Array, true)
#4 C:\xampp\htdocs\prive\system\Common.php(1217): CodeIgniter\View\View->render('home/test', Array, true)
#5 C:\xampp\htdocs\prive\app\Controllers\Home.php(27): view('home/test', Array)
#6 C:\xampp\htdocs\prive\system\CodeIgniter.php(936): App\Controllers\Home->index()
#7 C:\xampp\htdocs\prive\system\CodeIgniter.php(432): CodeIgniter\CodeIgniter->runController(Object(App\Controllers\Home))
#8 C:\xampp\htdocs\prive\system\CodeIgniter.php(333): CodeIgniter\CodeIgniter->handleRequest(NULL, Object(Config\Cache), false)
#9 C:\xampp\htdocs\prive\public\index.php(44): CodeIgniter\CodeIgniter->run()
#10 C:\xampp\htdocs\prive\index.php(6): require_once('C:\\xampp\\htdocs...')
#11 {main}
CRITICAL - 2021-08-17 21:25:32 --> syntax error, unexpected ''is_unique'' (T_CONSTANT_ENCAPSED_STRING), expecting ']'
#0 C:\xampp\htdocs\prive\system\Autoloader\Autoloader.php(265): CodeIgniter\Autoloader\Autoloader->includeFile('C:\\xampp\\htdocs...')
#1 C:\xampp\htdocs\prive\system\Autoloader\Autoloader.php(228): CodeIgniter\Autoloader\Autoloader->loadInNamespace('App\\Controllers...')
#2 [internal function]: CodeIgniter\Autoloader\Autoloader->loadClass('App\\Controllers...')
#3 [internal function]: spl_autoload_call('App\\Controllers...')
#4 C:\xampp\htdocs\prive\system\CodeIgniter.php(893): class_exists('\\App\\Controller...', true)
#5 C:\xampp\htdocs\prive\system\CodeIgniter.php(417): CodeIgniter\CodeIgniter->startController()
#6 C:\xampp\htdocs\prive\system\CodeIgniter.php(333): CodeIgniter\CodeIgniter->handleRequest(NULL, Object(Config\Cache), false)
#7 C:\xampp\htdocs\prive\public\index.php(44): CodeIgniter\CodeIgniter->run()
#8 C:\xampp\htdocs\prive\index.php(6): require_once('C:\\xampp\\htdocs...')
#9 {main}
CRITICAL - 2021-08-17 21:27:28 --> Call to undefined function App\Controllers\checklogin()
#0 C:\xampp\htdocs\prive\system\CodeIgniter.php(908): App\Controllers\Customers->__construct()
#1 C:\xampp\htdocs\prive\system\CodeIgniter.php(422): CodeIgniter\CodeIgniter->createController()
#2 C:\xampp\htdocs\prive\system\CodeIgniter.php(333): CodeIgniter\CodeIgniter->handleRequest(NULL, Object(Config\Cache), false)
#3 C:\xampp\htdocs\prive\public\index.php(44): CodeIgniter\CodeIgniter->run()
#4 C:\xampp\htdocs\prive\index.php(6): require_once('C:\\xampp\\htdocs...')
#5 {main}
CRITICAL - 2021-08-17 21:29:25 --> Call to undefined function App\Controllers\checklogin()
#0 C:\xampp\htdocs\prive\system\CodeIgniter.php(908): App\Controllers\Customers->__construct()
#1 C:\xampp\htdocs\prive\system\CodeIgniter.php(422): CodeIgniter\CodeIgniter->createController()
#2 C:\xampp\htdocs\prive\system\CodeIgniter.php(333): CodeIgniter\CodeIgniter->handleRequest(NULL, Object(Config\Cache), false)
#3 C:\xampp\htdocs\prive\public\index.php(44): CodeIgniter\CodeIgniter->run()
#4 C:\xampp\htdocs\prive\index.php(6): require_once('C:\\xampp\\htdocs...')
#5 {main}
CRITICAL - 2021-08-17 21:32:39 --> Class 'App\Controllers\Galeri_model' not found
#0 C:\xampp\htdocs\prive\system\CodeIgniter.php(908): App\Controllers\Customers->__construct()
#1 C:\xampp\htdocs\prive\system\CodeIgniter.php(422): CodeIgniter\CodeIgniter->createController()
#2 C:\xampp\htdocs\prive\system\CodeIgniter.php(333): CodeIgniter\CodeIgniter->handleRequest(NULL, Object(Config\Cache), false)
#3 C:\xampp\htdocs\prive\public\index.php(44): CodeIgniter\CodeIgniter->run()
#4 C:\xampp\htdocs\prive\index.php(6): require_once('C:\\xampp\\htdocs...')
#5 {main}
CRITICAL - 2021-08-17 21:50:45 --> syntax error, unexpected '='
#0 C:\xampp\htdocs\prive\system\Autoloader\Autoloader.php(265): CodeIgniter\Autoloader\Autoloader->includeFile('C:\\xampp\\htdocs...')
#1 C:\xampp\htdocs\prive\system\Autoloader\Autoloader.php(228): CodeIgniter\Autoloader\Autoloader->loadInNamespace('App\\Controllers...')
#2 [internal function]: CodeIgniter\Autoloader\Autoloader->loadClass('App\\Controllers...')
#3 [internal function]: spl_autoload_call('App\\Controllers...')
#4 C:\xampp\htdocs\prive\system\CodeIgniter.php(893): class_exists('\\App\\Controller...', true)
#5 C:\xampp\htdocs\prive\system\CodeIgniter.php(417): CodeIgniter\CodeIgniter->startController()
#6 C:\xampp\htdocs\prive\system\CodeIgniter.php(333): CodeIgniter\CodeIgniter->handleRequest(NULL, Object(Config\Cache), false)
#7 C:\xampp\htdocs\prive\public\index.php(44): CodeIgniter\CodeIgniter->run()
#8 C:\xampp\htdocs\prive\index.php(6): require_once('C:\\xampp\\htdocs...')
#9 {main}
ERROR - 2021-08-17 21:54:28 --> mysqli_sql_exception: Unknown column 'produk' in 'field list' in C:\xampp\htdocs\prive\system\Database\MySQLi\Connection.php:314
Stack trace:
#0 C:\xampp\htdocs\prive\system\Database\MySQLi\Connection.php(314): mysqli->query('INSERT INTO `cu...')
#1 C:\xampp\htdocs\prive\system\Database\BaseConnection.php(713): CodeIgniter\Database\MySQLi\Connection->execute('INSERT INTO `cu...')
#2 C:\xampp\htdocs\prive\system\Database\BaseConnection.php(641): CodeIgniter\Database\BaseConnection->simpleQuery('INSERT INTO `cu...')
#3 C:\xampp\htdocs\prive\system\Database\BaseBuilder.php(2263): CodeIgniter\Database\BaseConnection->query('INSERT INTO `cu...', Array, false)
#4 C:\xampp\htdocs\prive\app\Models\Customer_model.php(42): CodeIgniter\Database\BaseBuilder->insert(Array)
#5 C:\xampp\htdocs\prive\app\Controllers\Customers.php(90): App\Models\Customer_model->tambah(Array)
#6 C:\xampp\htdocs\prive\system\CodeIgniter.php(936): App\Controllers\Customers->register()
#7 C:\xampp\htdocs\prive\system\CodeIgniter.php(432): CodeIgniter\CodeIgniter->runController(Object(App\Controllers\Customers))
#8 C:\xampp\htdocs\prive\system\CodeIgniter.php(333): CodeIgniter\CodeIgniter->handleRequest(NULL, Object(Config\Cache), false)
#9 C:\xampp\htdocs\prive\public\index.php(44): CodeIgniter\CodeIgniter->run()
#10 C:\xampp\htdocs\prive\index.php(6): require_once('C:\\xampp\\htdocs...')
#11 {main}
ERROR - 2021-08-17 21:55:32 --> mysqli_sql_exception: Unknown column 'alamat' in 'field list' in C:\xampp\htdocs\prive\system\Database\MySQLi\Connection.php:314
Stack trace:
#0 C:\xampp\htdocs\prive\system\Database\MySQLi\Connection.php(314): mysqli->query('INSERT INTO `cu...')
#1 C:\xampp\htdocs\prive\system\Database\BaseConnection.php(713): CodeIgniter\Database\MySQLi\Connection->execute('INSERT INTO `cu...')
#2 C:\xampp\htdocs\prive\system\Database\BaseConnection.php(641): CodeIgniter\Database\BaseConnection->simpleQuery('INSERT INTO `cu...')
#3 C:\xampp\htdocs\prive\system\Database\BaseBuilder.php(2263): CodeIgniter\Database\BaseConnection->query('INSERT INTO `cu...', Array, false)
#4 C:\xampp\htdocs\prive\app\Models\Customer_model.php(42): CodeIgniter\Database\BaseBuilder->insert(Array)
#5 C:\xampp\htdocs\prive\app\Controllers\Customers.php(90): App\Models\Customer_model->tambah(Array)
#6 C:\xampp\htdocs\prive\system\CodeIgniter.php(936): App\Controllers\Customers->register()
#7 C:\xampp\htdocs\prive\system\CodeIgniter.php(432): CodeIgniter\CodeIgniter->runController(Object(App\Controllers\Customers))
#8 C:\xampp\htdocs\prive\system\CodeIgniter.php(333): CodeIgniter\CodeIgniter->handleRequest(NULL, Object(Config\Cache), false)
#9 C:\xampp\htdocs\prive\public\index.php(44): CodeIgniter\CodeIgniter->run()
#10 C:\xampp\htdocs\prive\index.php(6): require_once('C:\\xampp\\htdocs...')
#11 {main}
