CRITICAL - 2021-10-16 01:27:48 --> Undefined variable: data
#0 C:\xampp\htdocs\free-membership\app\Controllers\AjaxController.php(116): CodeIgniter\Debug\Exceptions->errorHandler(8, 'Undefined varia...', 'C:\\xampp\\htdocs...', 116, Array)
#1 C:\xampp\htdocs\free-membership\system\CodeIgniter.php(936): App\Controllers\AjaxController->fetchProduct()
#2 C:\xampp\htdocs\free-membership\system\CodeIgniter.php(432): CodeIgniter\CodeIgniter->runController(Object(App\Controllers\AjaxController))
#3 C:\xampp\htdocs\free-membership\system\CodeIgniter.php(333): CodeIgniter\CodeIgniter->handleRequest(NULL, Object(Config\Cache), false)
#4 C:\xampp\htdocs\free-membership\public\index.php(44): CodeIgniter\CodeIgniter->run()
#5 C:\xampp\htdocs\free-membership\index.php(6): require_once('C:\\xampp\\htdocs...')
#6 {main}
CRITICAL - 2021-10-16 06:20:06 --> Undefined variable: data
#0 C:\xampp\htdocs\free-membership\app\Controllers\AjaxController.php(116): CodeIgniter\Debug\Exceptions->errorHandler(8, 'Undefined varia...', 'C:\\xampp\\htdocs...', 116, Array)
#1 C:\xampp\htdocs\free-membership\system\CodeIgniter.php(936): App\Controllers\AjaxController->fetchProduct()
#2 C:\xampp\htdocs\free-membership\system\CodeIgniter.php(432): CodeIgniter\CodeIgniter->runController(Object(App\Controllers\AjaxController))
#3 C:\xampp\htdocs\free-membership\system\CodeIgniter.php(333): CodeIgniter\CodeIgniter->handleRequest(NULL, Object(Config\Cache), false)
#4 C:\xampp\htdocs\free-membership\public\index.php(44): CodeIgniter\CodeIgniter->run()
#5 C:\xampp\htdocs\free-membership\index.php(6): require_once('C:\\xampp\\htdocs...')
#6 {main}
CRITICAL - 2021-10-16 11:34:15 --> Undefined variable: data
#0 C:\xampp\htdocs\free-membership\app\Controllers\AjaxController.php(116): CodeIgniter\Debug\Exceptions->errorHandler(8, 'Undefined varia...', 'C:\\xampp\\htdocs...', 116, Array)
#1 C:\xampp\htdocs\free-membership\system\CodeIgniter.php(936): App\Controllers\AjaxController->fetchProduct()
#2 C:\xampp\htdocs\free-membership\system\CodeIgniter.php(432): CodeIgniter\CodeIgniter->runController(Object(App\Controllers\AjaxController))
#3 C:\xampp\htdocs\free-membership\system\CodeIgniter.php(333): CodeIgniter\CodeIgniter->handleRequest(NULL, Object(Config\Cache), false)
#4 C:\xampp\htdocs\free-membership\public\index.php(44): CodeIgniter\CodeIgniter->run()
#5 C:\xampp\htdocs\free-membership\index.php(6): require_once('C:\\xampp\\htdocs...')
#6 {main}
CRITICAL - 2021-10-16 12:16:58 --> Undefined variable: data
#0 C:\xampp\htdocs\free-membership\app\Controllers\AjaxController.php(116): CodeIgniter\Debug\Exceptions->errorHandler(8, 'Undefined varia...', 'C:\\xampp\\htdocs...', 116, Array)
#1 C:\xampp\htdocs\free-membership\system\CodeIgniter.php(936): App\Controllers\AjaxController->fetchProduct()
#2 C:\xampp\htdocs\free-membership\system\CodeIgniter.php(432): CodeIgniter\CodeIgniter->runController(Object(App\Controllers\AjaxController))
#3 C:\xampp\htdocs\free-membership\system\CodeIgniter.php(333): CodeIgniter\CodeIgniter->handleRequest(NULL, Object(Config\Cache), false)
#4 C:\xampp\htdocs\free-membership\public\index.php(44): CodeIgniter\CodeIgniter->run()
#5 C:\xampp\htdocs\free-membership\index.php(6): require_once('C:\\xampp\\htdocs...')
#6 {main}
CRITICAL - 2021-10-16 12:21:29 --> Undefined variable: data
#0 C:\xampp\htdocs\free-membership\app\Controllers\AjaxController.php(116): CodeIgniter\Debug\Exceptions->errorHandler(8, 'Undefined varia...', 'C:\\xampp\\htdocs...', 116, Array)
#1 C:\xampp\htdocs\free-membership\system\CodeIgniter.php(936): App\Controllers\AjaxController->fetchProduct()
#2 C:\xampp\htdocs\free-membership\system\CodeIgniter.php(432): CodeIgniter\CodeIgniter->runController(Object(App\Controllers\AjaxController))
#3 C:\xampp\htdocs\free-membership\system\CodeIgniter.php(333): CodeIgniter\CodeIgniter->handleRequest(NULL, Object(Config\Cache), false)
#4 C:\xampp\htdocs\free-membership\public\index.php(44): CodeIgniter\CodeIgniter->run()
#5 C:\xampp\htdocs\free-membership\index.php(6): require_once('C:\\xampp\\htdocs...')
#6 {main}
CRITICAL - 2021-10-16 15:15:10 --> Undefined variable: data
#0 C:\xampp\htdocs\free-membership\app\Controllers\AjaxController.php(116): CodeIgniter\Debug\Exceptions->errorHandler(8, 'Undefined varia...', 'C:\\xampp\\htdocs...', 116, Array)
#1 C:\xampp\htdocs\free-membership\system\CodeIgniter.php(936): App\Controllers\AjaxController->fetchProduct()
#2 C:\xampp\htdocs\free-membership\system\CodeIgniter.php(432): CodeIgniter\CodeIgniter->runController(Object(App\Controllers\AjaxController))
#3 C:\xampp\htdocs\free-membership\system\CodeIgniter.php(333): CodeIgniter\CodeIgniter->handleRequest(NULL, Object(Config\Cache), false)
#4 C:\xampp\htdocs\free-membership\public\index.php(44): CodeIgniter\CodeIgniter->run()
#5 C:\xampp\htdocs\free-membership\index.php(6): require_once('C:\\xampp\\htdocs...')
#6 {main}
CRITICAL - 2021-10-16 15:57:55 --> Undefined variable: data
#0 C:\xampp\htdocs\free-membership\app\Controllers\AjaxController.php(116): CodeIgniter\Debug\Exceptions->errorHandler(8, 'Undefined varia...', 'C:\\xampp\\htdocs...', 116, Array)
#1 C:\xampp\htdocs\free-membership\system\CodeIgniter.php(936): App\Controllers\AjaxController->fetchProduct()
#2 C:\xampp\htdocs\free-membership\system\CodeIgniter.php(432): CodeIgniter\CodeIgniter->runController(Object(App\Controllers\AjaxController))
#3 C:\xampp\htdocs\free-membership\system\CodeIgniter.php(333): CodeIgniter\CodeIgniter->handleRequest(NULL, Object(Config\Cache), false)
#4 C:\xampp\htdocs\free-membership\public\index.php(44): CodeIgniter\CodeIgniter->run()
#5 C:\xampp\htdocs\free-membership\index.php(6): require_once('C:\\xampp\\htdocs...')
#6 {main}
CRITICAL - 2021-10-16 16:36:41 --> Undefined variable: data
#0 C:\xampp\htdocs\free-membership\app\Controllers\AjaxController.php(116): CodeIgniter\Debug\Exceptions->errorHandler(8, 'Undefined varia...', 'C:\\xampp\\htdocs...', 116, Array)
#1 C:\xampp\htdocs\free-membership\system\CodeIgniter.php(936): App\Controllers\AjaxController->fetchProduct()
#2 C:\xampp\htdocs\free-membership\system\CodeIgniter.php(432): CodeIgniter\CodeIgniter->runController(Object(App\Controllers\AjaxController))
#3 C:\xampp\htdocs\free-membership\system\CodeIgniter.php(333): CodeIgniter\CodeIgniter->handleRequest(NULL, Object(Config\Cache), false)
#4 C:\xampp\htdocs\free-membership\public\index.php(44): CodeIgniter\CodeIgniter->run()
#5 C:\xampp\htdocs\free-membership\index.php(6): require_once('C:\\xampp\\htdocs...')
#6 {main}
CRITICAL - 2021-10-16 16:37:13 --> Undefined variable: data
#0 C:\xampp\htdocs\free-membership\app\Controllers\AjaxController.php(116): CodeIgniter\Debug\Exceptions->errorHandler(8, 'Undefined varia...', 'C:\\xampp\\htdocs...', 116, Array)
#1 C:\xampp\htdocs\free-membership\system\CodeIgniter.php(936): App\Controllers\AjaxController->fetchProduct()
#2 C:\xampp\htdocs\free-membership\system\CodeIgniter.php(432): CodeIgniter\CodeIgniter->runController(Object(App\Controllers\AjaxController))
#3 C:\xampp\htdocs\free-membership\system\CodeIgniter.php(333): CodeIgniter\CodeIgniter->handleRequest(NULL, Object(Config\Cache), false)
#4 C:\xampp\htdocs\free-membership\public\index.php(44): CodeIgniter\CodeIgniter->run()
#5 C:\xampp\htdocs\free-membership\index.php(6): require_once('C:\\xampp\\htdocs...')
#6 {main}
CRITICAL - 2021-10-16 16:37:18 --> Undefined variable: data
#0 C:\xampp\htdocs\free-membership\app\Controllers\AjaxController.php(116): CodeIgniter\Debug\Exceptions->errorHandler(8, 'Undefined varia...', 'C:\\xampp\\htdocs...', 116, Array)
#1 C:\xampp\htdocs\free-membership\system\CodeIgniter.php(936): App\Controllers\AjaxController->fetchProduct()
#2 C:\xampp\htdocs\free-membership\system\CodeIgniter.php(432): CodeIgniter\CodeIgniter->runController(Object(App\Controllers\AjaxController))
#3 C:\xampp\htdocs\free-membership\system\CodeIgniter.php(333): CodeIgniter\CodeIgniter->handleRequest(NULL, Object(Config\Cache), false)
#4 C:\xampp\htdocs\free-membership\public\index.php(44): CodeIgniter\CodeIgniter->run()
#5 C:\xampp\htdocs\free-membership\index.php(6): require_once('C:\\xampp\\htdocs...')
#6 {main}
CRITICAL - 2021-10-16 16:37:22 --> Undefined variable: data
#0 C:\xampp\htdocs\free-membership\app\Controllers\AjaxController.php(116): CodeIgniter\Debug\Exceptions->errorHandler(8, 'Undefined varia...', 'C:\\xampp\\htdocs...', 116, Array)
#1 C:\xampp\htdocs\free-membership\system\CodeIgniter.php(936): App\Controllers\AjaxController->fetchProduct()
#2 C:\xampp\htdocs\free-membership\system\CodeIgniter.php(432): CodeIgniter\CodeIgniter->runController(Object(App\Controllers\AjaxController))
#3 C:\xampp\htdocs\free-membership\system\CodeIgniter.php(333): CodeIgniter\CodeIgniter->handleRequest(NULL, Object(Config\Cache), false)
#4 C:\xampp\htdocs\free-membership\public\index.php(44): CodeIgniter\CodeIgniter->run()
#5 C:\xampp\htdocs\free-membership\index.php(6): require_once('C:\\xampp\\htdocs...')
#6 {main}
CRITICAL - 2021-10-16 16:37:36 --> Undefined variable: data
#0 C:\xampp\htdocs\free-membership\app\Controllers\AjaxController.php(116): CodeIgniter\Debug\Exceptions->errorHandler(8, 'Undefined varia...', 'C:\\xampp\\htdocs...', 116, Array)
#1 C:\xampp\htdocs\free-membership\system\CodeIgniter.php(936): App\Controllers\AjaxController->fetchProduct()
#2 C:\xampp\htdocs\free-membership\system\CodeIgniter.php(432): CodeIgniter\CodeIgniter->runController(Object(App\Controllers\AjaxController))
#3 C:\xampp\htdocs\free-membership\system\CodeIgniter.php(333): CodeIgniter\CodeIgniter->handleRequest(NULL, Object(Config\Cache), false)
#4 C:\xampp\htdocs\free-membership\public\index.php(44): CodeIgniter\CodeIgniter->run()
#5 C:\xampp\htdocs\free-membership\index.php(6): require_once('C:\\xampp\\htdocs...')
#6 {main}
CRITICAL - 2021-10-16 16:37:56 --> Undefined variable: data
#0 C:\xampp\htdocs\free-membership\app\Controllers\AjaxController.php(116): CodeIgniter\Debug\Exceptions->errorHandler(8, 'Undefined varia...', 'C:\\xampp\\htdocs...', 116, Array)
#1 C:\xampp\htdocs\free-membership\system\CodeIgniter.php(936): App\Controllers\AjaxController->fetchProduct()
#2 C:\xampp\htdocs\free-membership\system\CodeIgniter.php(432): CodeIgniter\CodeIgniter->runController(Object(App\Controllers\AjaxController))
#3 C:\xampp\htdocs\free-membership\system\CodeIgniter.php(333): CodeIgniter\CodeIgniter->handleRequest(NULL, Object(Config\Cache), false)
#4 C:\xampp\htdocs\free-membership\public\index.php(44): CodeIgniter\CodeIgniter->run()
#5 C:\xampp\htdocs\free-membership\index.php(6): require_once('C:\\xampp\\htdocs...')
#6 {main}
CRITICAL - 2021-10-16 16:38:04 --> Undefined variable: data
#0 C:\xampp\htdocs\free-membership\app\Controllers\AjaxController.php(116): CodeIgniter\Debug\Exceptions->errorHandler(8, 'Undefined varia...', 'C:\\xampp\\htdocs...', 116, Array)
#1 C:\xampp\htdocs\free-membership\system\CodeIgniter.php(936): App\Controllers\AjaxController->fetchProduct()
#2 C:\xampp\htdocs\free-membership\system\CodeIgniter.php(432): CodeIgniter\CodeIgniter->runController(Object(App\Controllers\AjaxController))
#3 C:\xampp\htdocs\free-membership\system\CodeIgniter.php(333): CodeIgniter\CodeIgniter->handleRequest(NULL, Object(Config\Cache), false)
#4 C:\xampp\htdocs\free-membership\public\index.php(44): CodeIgniter\CodeIgniter->run()
#5 C:\xampp\htdocs\free-membership\index.php(6): require_once('C:\\xampp\\htdocs...')
#6 {main}
CRITICAL - 2021-10-16 16:38:25 --> Undefined variable: data
#0 C:\xampp\htdocs\free-membership\app\Controllers\AjaxController.php(116): CodeIgniter\Debug\Exceptions->errorHandler(8, 'Undefined varia...', 'C:\\xampp\\htdocs...', 116, Array)
#1 C:\xampp\htdocs\free-membership\system\CodeIgniter.php(936): App\Controllers\AjaxController->fetchProduct()
#2 C:\xampp\htdocs\free-membership\system\CodeIgniter.php(432): CodeIgniter\CodeIgniter->runController(Object(App\Controllers\AjaxController))
#3 C:\xampp\htdocs\free-membership\system\CodeIgniter.php(333): CodeIgniter\CodeIgniter->handleRequest(NULL, Object(Config\Cache), false)
#4 C:\xampp\htdocs\free-membership\public\index.php(44): CodeIgniter\CodeIgniter->run()
#5 C:\xampp\htdocs\free-membership\index.php(6): require_once('C:\\xampp\\htdocs...')
#6 {main}
CRITICAL - 2021-10-16 17:29:59 --> Undefined variable: data
#0 C:\xampp\htdocs\free-membership\app\Controllers\AjaxController.php(116): CodeIgniter\Debug\Exceptions->errorHandler(8, 'Undefined varia...', 'C:\\xampp\\htdocs...', 116, Array)
#1 C:\xampp\htdocs\free-membership\system\CodeIgniter.php(936): App\Controllers\AjaxController->fetchProduct()
#2 C:\xampp\htdocs\free-membership\system\CodeIgniter.php(432): CodeIgniter\CodeIgniter->runController(Object(App\Controllers\AjaxController))
#3 C:\xampp\htdocs\free-membership\system\CodeIgniter.php(333): CodeIgniter\CodeIgniter->handleRequest(NULL, Object(Config\Cache), false)
#4 C:\xampp\htdocs\free-membership\public\index.php(44): CodeIgniter\CodeIgniter->run()
#5 C:\xampp\htdocs\free-membership\index.php(6): require_once('C:\\xampp\\htdocs...')
#6 {main}
CRITICAL - 2021-10-16 18:37:30 --> Undefined variable: data
#0 C:\xampp\htdocs\free-membership\app\Controllers\AjaxController.php(116): CodeIgniter\Debug\Exceptions->errorHandler(8, 'Undefined varia...', 'C:\\xampp\\htdocs...', 116, Array)
#1 C:\xampp\htdocs\free-membership\system\CodeIgniter.php(936): App\Controllers\AjaxController->fetchProduct()
#2 C:\xampp\htdocs\free-membership\system\CodeIgniter.php(432): CodeIgniter\CodeIgniter->runController(Object(App\Controllers\AjaxController))
#3 C:\xampp\htdocs\free-membership\system\CodeIgniter.php(333): CodeIgniter\CodeIgniter->handleRequest(NULL, Object(Config\Cache), false)
#4 C:\xampp\htdocs\free-membership\public\index.php(44): CodeIgniter\CodeIgniter->run()
#5 C:\xampp\htdocs\free-membership\index.php(6): require_once('C:\\xampp\\htdocs...')
#6 {main}
CRITICAL - 2021-10-16 19:48:57 --> Undefined variable: data
#0 C:\xampp\htdocs\free-membership\app\Controllers\AjaxController.php(116): CodeIgniter\Debug\Exceptions->errorHandler(8, 'Undefined varia...', 'C:\\xampp\\htdocs...', 116, Array)
#1 C:\xampp\htdocs\free-membership\system\CodeIgniter.php(936): App\Controllers\AjaxController->fetchProduct()
#2 C:\xampp\htdocs\free-membership\system\CodeIgniter.php(432): CodeIgniter\CodeIgniter->runController(Object(App\Controllers\AjaxController))
#3 C:\xampp\htdocs\free-membership\system\CodeIgniter.php(333): CodeIgniter\CodeIgniter->handleRequest(NULL, Object(Config\Cache), false)
#4 C:\xampp\htdocs\free-membership\public\index.php(44): CodeIgniter\CodeIgniter->run()
#5 C:\xampp\htdocs\free-membership\index.php(6): require_once('C:\\xampp\\htdocs...')
#6 {main}
