CRITICAL - 2021-08-21 05:36:10 --> Undefined variable: client
#0 C:\xampp\htdocs\prive\app\Controllers\Admin\Testing.php(38): CodeIgniter\Debug\Exceptions->errorHandler(8, 'Undefined varia...', 'C:\\xampp\\htdocs...', 38, Array)
#1 C:\xampp\htdocs\prive\system\CodeIgniter.php(936): App\Controllers\Admin\Testing->kota()
#2 C:\xampp\htdocs\prive\system\CodeIgniter.php(432): CodeIgniter\CodeIgniter->runController(Object(App\Controllers\Admin\Testing))
#3 C:\xampp\htdocs\prive\system\CodeIgniter.php(333): CodeIgniter\CodeIgniter->handleRequest(NULL, Object(Config\Cache), false)
#4 C:\xampp\htdocs\prive\public\index.php(44): CodeIgniter\CodeIgniter->run()
#5 C:\xampp\htdocs\prive\index.php(6): require_once('C:\\xampp\\htdocs...')
#6 {main}
CRITICAL - 2021-08-21 05:56:46 --> syntax error, unexpected '$posts_data' (T_VARIABLE)
#0 C:\xampp\htdocs\prive\system\Autoloader\Autoloader.php(265): CodeIgniter\Autoloader\Autoloader->includeFile('C:\\xampp\\htdocs...')
#1 C:\xampp\htdocs\prive\system\Autoloader\Autoloader.php(228): CodeIgniter\Autoloader\Autoloader->loadInNamespace('App\\Controllers...')
#2 [internal function]: CodeIgniter\Autoloader\Autoloader->loadClass('App\\Controllers...')
#3 [internal function]: spl_autoload_call('App\\Controllers...')
#4 C:\xampp\htdocs\prive\system\CodeIgniter.php(893): class_exists('\\App\\Controller...', true)
#5 C:\xampp\htdocs\prive\system\CodeIgniter.php(417): CodeIgniter\CodeIgniter->startController()
#6 C:\xampp\htdocs\prive\system\CodeIgniter.php(333): CodeIgniter\CodeIgniter->handleRequest(NULL, Object(Config\Cache), false)
#7 C:\xampp\htdocs\prive\public\index.php(44): CodeIgniter\CodeIgniter->run()
#8 C:\xampp\htdocs\prive\index.php(6): require_once('C:\\xampp\\htdocs...')
#9 {main}
CRITICAL - 2021-08-21 06:07:59 --> 22 : The requested URL returned error: 403 Forbidden
#0 C:\xampp\htdocs\prive\system\HTTP\CURLRequest.php(805): CodeIgniter\HTTP\Exceptions\HTTPException::forCurlError('22', 'The requested U...')
#1 C:\xampp\htdocs\prive\system\HTTP\CURLRequest.php(418): CodeIgniter\HTTP\CURLRequest->sendRequest(Array)
#2 C:\xampp\htdocs\prive\system\HTTP\CURLRequest.php(127): CodeIgniter\HTTP\CURLRequest->send('get', 'http://csms.mod...')
#3 C:\xampp\htdocs\prive\system\HTTP\CURLRequest.php(144): CodeIgniter\HTTP\CURLRequest->request('get', 'http://csms.mod...', Array)
#4 C:\xampp\htdocs\prive\app\Controllers\Admin\Testing.php(51): CodeIgniter\HTTP\CURLRequest->get('http://csms.mod...', Array)
#5 C:\xampp\htdocs\prive\system\CodeIgniter.php(936): App\Controllers\Admin\Testing->cek()
#6 C:\xampp\htdocs\prive\system\CodeIgniter.php(432): CodeIgniter\CodeIgniter->runController(Object(App\Controllers\Admin\Testing))
#7 C:\xampp\htdocs\prive\system\CodeIgniter.php(333): CodeIgniter\CodeIgniter->handleRequest(NULL, Object(Config\Cache), false)
#8 C:\xampp\htdocs\prive\public\index.php(44): CodeIgniter\CodeIgniter->run()
#9 C:\xampp\htdocs\prive\index.php(6): require_once('C:\\xampp\\htdocs...')
#10 {main}
CRITICAL - 2021-08-21 06:08:39 --> 22 : The requested URL returned error: 403 Forbidden
#0 C:\xampp\htdocs\prive\system\HTTP\CURLRequest.php(805): CodeIgniter\HTTP\Exceptions\HTTPException::forCurlError('22', 'The requested U...')
#1 C:\xampp\htdocs\prive\system\HTTP\CURLRequest.php(418): CodeIgniter\HTTP\CURLRequest->sendRequest(Array)
#2 C:\xampp\htdocs\prive\system\HTTP\CURLRequest.php(127): CodeIgniter\HTTP\CURLRequest->send('get', 'http://csms.mod...')
#3 C:\xampp\htdocs\prive\system\HTTP\CURLRequest.php(144): CodeIgniter\HTTP\CURLRequest->request('get', 'http://csms.mod...', Array)
#4 C:\xampp\htdocs\prive\app\Controllers\Admin\Testing.php(51): CodeIgniter\HTTP\CURLRequest->get('http://csms.mod...', Array)
#5 C:\xampp\htdocs\prive\system\CodeIgniter.php(936): App\Controllers\Admin\Testing->cek()
#6 C:\xampp\htdocs\prive\system\CodeIgniter.php(432): CodeIgniter\CodeIgniter->runController(Object(App\Controllers\Admin\Testing))
#7 C:\xampp\htdocs\prive\system\CodeIgniter.php(333): CodeIgniter\CodeIgniter->handleRequest(NULL, Object(Config\Cache), false)
#8 C:\xampp\htdocs\prive\public\index.php(44): CodeIgniter\CodeIgniter->run()
#9 C:\xampp\htdocs\prive\index.php(6): require_once('C:\\xampp\\htdocs...')
#10 {main}
CRITICAL - 2021-08-21 06:08:45 --> 22 : The requested URL returned error: 403 Forbidden
#0 C:\xampp\htdocs\prive\system\HTTP\CURLRequest.php(805): CodeIgniter\HTTP\Exceptions\HTTPException::forCurlError('22', 'The requested U...')
#1 C:\xampp\htdocs\prive\system\HTTP\CURLRequest.php(418): CodeIgniter\HTTP\CURLRequest->sendRequest(Array)
#2 C:\xampp\htdocs\prive\system\HTTP\CURLRequest.php(127): CodeIgniter\HTTP\CURLRequest->send('get', 'http://csms.mod...')
#3 C:\xampp\htdocs\prive\system\HTTP\CURLRequest.php(144): CodeIgniter\HTTP\CURLRequest->request('get', 'http://csms.mod...', Array)
#4 C:\xampp\htdocs\prive\app\Controllers\Admin\Testing.php(51): CodeIgniter\HTTP\CURLRequest->get('http://csms.mod...', Array)
#5 C:\xampp\htdocs\prive\system\CodeIgniter.php(936): App\Controllers\Admin\Testing->cek()
#6 C:\xampp\htdocs\prive\system\CodeIgniter.php(432): CodeIgniter\CodeIgniter->runController(Object(App\Controllers\Admin\Testing))
#7 C:\xampp\htdocs\prive\system\CodeIgniter.php(333): CodeIgniter\CodeIgniter->handleRequest(NULL, Object(Config\Cache), false)
#8 C:\xampp\htdocs\prive\public\index.php(44): CodeIgniter\CodeIgniter->run()
#9 C:\xampp\htdocs\prive\index.php(6): require_once('C:\\xampp\\htdocs...')
#10 {main}
CRITICAL - 2021-08-21 06:09:17 --> 22 : The requested URL returned error: 403 Forbidden
#0 C:\xampp\htdocs\prive\system\HTTP\CURLRequest.php(805): CodeIgniter\HTTP\Exceptions\HTTPException::forCurlError('22', 'The requested U...')
#1 C:\xampp\htdocs\prive\system\HTTP\CURLRequest.php(418): CodeIgniter\HTTP\CURLRequest->sendRequest(Array)
#2 C:\xampp\htdocs\prive\system\HTTP\CURLRequest.php(127): CodeIgniter\HTTP\CURLRequest->send('get', 'http://csms.mod...')
#3 C:\xampp\htdocs\prive\system\HTTP\CURLRequest.php(144): CodeIgniter\HTTP\CURLRequest->request('get', 'http://csms.mod...', Array)
#4 C:\xampp\htdocs\prive\app\Controllers\Admin\Testing.php(51): CodeIgniter\HTTP\CURLRequest->get('http://csms.mod...', Array)
#5 C:\xampp\htdocs\prive\system\CodeIgniter.php(936): App\Controllers\Admin\Testing->cek()
#6 C:\xampp\htdocs\prive\system\CodeIgniter.php(432): CodeIgniter\CodeIgniter->runController(Object(App\Controllers\Admin\Testing))
#7 C:\xampp\htdocs\prive\system\CodeIgniter.php(333): CodeIgniter\CodeIgniter->handleRequest(NULL, Object(Config\Cache), false)
#8 C:\xampp\htdocs\prive\public\index.php(44): CodeIgniter\CodeIgniter->run()
#9 C:\xampp\htdocs\prive\index.php(6): require_once('C:\\xampp\\htdocs...')
#10 {main}
CRITICAL - 2021-08-21 06:10:21 --> Undefined offset: 0
#0 C:\xampp\htdocs\prive\system\HTTP\CURLRequest.php(606): CodeIgniter\Debug\Exceptions->errorHandler(8, 'Undefined offse...', 'C:\\xampp\\htdocs...', 606, Array)
#1 C:\xampp\htdocs\prive\system\HTTP\CURLRequest.php(408): CodeIgniter\HTTP\CURLRequest->setCURLOptions(Array, Array)
#2 C:\xampp\htdocs\prive\system\HTTP\CURLRequest.php(127): CodeIgniter\HTTP\CURLRequest->send('get', 'http://csms.mod...')
#3 C:\xampp\htdocs\prive\system\HTTP\CURLRequest.php(144): CodeIgniter\HTTP\CURLRequest->request('get', 'http://csms.mod...', Array)
#4 C:\xampp\htdocs\prive\app\Controllers\Admin\Testing.php(51): CodeIgniter\HTTP\CURLRequest->get('http://csms.mod...', Array)
#5 C:\xampp\htdocs\prive\system\CodeIgniter.php(936): App\Controllers\Admin\Testing->cek()
#6 C:\xampp\htdocs\prive\system\CodeIgniter.php(432): CodeIgniter\CodeIgniter->runController(Object(App\Controllers\Admin\Testing))
#7 C:\xampp\htdocs\prive\system\CodeIgniter.php(333): CodeIgniter\CodeIgniter->handleRequest(NULL, Object(Config\Cache), false)
#8 C:\xampp\htdocs\prive\public\index.php(44): CodeIgniter\CodeIgniter->run()
#9 C:\xampp\htdocs\prive\index.php(6): require_once('C:\\xampp\\htdocs...')
#10 {main}
CRITICAL - 2021-08-21 06:14:18 --> 22 : The requested URL returned error: 403 Forbidden
#0 C:\xampp\htdocs\prive\system\HTTP\CURLRequest.php(805): CodeIgniter\HTTP\Exceptions\HTTPException::forCurlError('22', 'The requested U...')
#1 C:\xampp\htdocs\prive\system\HTTP\CURLRequest.php(418): CodeIgniter\HTTP\CURLRequest->sendRequest(Array)
#2 C:\xampp\htdocs\prive\system\HTTP\CURLRequest.php(127): CodeIgniter\HTTP\CURLRequest->send('get', 'http://csms.mod...')
#3 C:\xampp\htdocs\prive\system\HTTP\CURLRequest.php(144): CodeIgniter\HTTP\CURLRequest->request('get', 'http://csms.mod...', Array)
#4 C:\xampp\htdocs\prive\app\Controllers\Admin\Testing.php(51): CodeIgniter\HTTP\CURLRequest->get('http://csms.mod...', Array)
#5 C:\xampp\htdocs\prive\system\CodeIgniter.php(936): App\Controllers\Admin\Testing->cek()
#6 C:\xampp\htdocs\prive\system\CodeIgniter.php(432): CodeIgniter\CodeIgniter->runController(Object(App\Controllers\Admin\Testing))
#7 C:\xampp\htdocs\prive\system\CodeIgniter.php(333): CodeIgniter\CodeIgniter->handleRequest(NULL, Object(Config\Cache), false)
#8 C:\xampp\htdocs\prive\public\index.php(44): CodeIgniter\CodeIgniter->run()
#9 C:\xampp\htdocs\prive\index.php(6): require_once('C:\\xampp\\htdocs...')
#10 {main}
CRITICAL - 2021-08-21 07:07:31 --> 22 : The requested URL returned error: 403 Forbidden
#0 C:\xampp\htdocs\prive\system\HTTP\CURLRequest.php(805): CodeIgniter\HTTP\Exceptions\HTTPException::forCurlError('22', 'The requested U...')
#1 C:\xampp\htdocs\prive\system\HTTP\CURLRequest.php(418): CodeIgniter\HTTP\CURLRequest->sendRequest(Array)
#2 C:\xampp\htdocs\prive\system\HTTP\CURLRequest.php(127): CodeIgniter\HTTP\CURLRequest->send('get', 'http://csms.mod...')
#3 C:\xampp\htdocs\prive\system\HTTP\CURLRequest.php(144): CodeIgniter\HTTP\CURLRequest->request('get', 'http://csms.mod...', Array)
#4 C:\xampp\htdocs\prive\app\Controllers\Admin\Testing.php(70): CodeIgniter\HTTP\CURLRequest->get('http://csms.mod...', Array)
#5 C:\xampp\htdocs\prive\system\CodeIgniter.php(936): App\Controllers\Admin\Testing->cek()
#6 C:\xampp\htdocs\prive\system\CodeIgniter.php(432): CodeIgniter\CodeIgniter->runController(Object(App\Controllers\Admin\Testing))
#7 C:\xampp\htdocs\prive\system\CodeIgniter.php(333): CodeIgniter\CodeIgniter->handleRequest(NULL, Object(Config\Cache), false)
#8 C:\xampp\htdocs\prive\public\index.php(44): CodeIgniter\CodeIgniter->run()
#9 C:\xampp\htdocs\prive\index.php(6): require_once('C:\\xampp\\htdocs...')
#10 {main}
CRITICAL - 2021-08-21 07:08:33 --> Undefined offset: 0
#0 C:\xampp\htdocs\prive\system\HTTP\CURLRequest.php(606): CodeIgniter\Debug\Exceptions->errorHandler(8, 'Undefined offse...', 'C:\\xampp\\htdocs...', 606, Array)
#1 C:\xampp\htdocs\prive\system\HTTP\CURLRequest.php(408): CodeIgniter\HTTP\CURLRequest->setCURLOptions(Array, Array)
#2 C:\xampp\htdocs\prive\system\HTTP\CURLRequest.php(127): CodeIgniter\HTTP\CURLRequest->send('get', 'http://csms.mod...')
#3 C:\xampp\htdocs\prive\system\HTTP\CURLRequest.php(144): CodeIgniter\HTTP\CURLRequest->request('get', 'http://csms.mod...', Array)
#4 C:\xampp\htdocs\prive\app\Controllers\Admin\Testing.php(74): CodeIgniter\HTTP\CURLRequest->get('http://csms.mod...', Array)
#5 C:\xampp\htdocs\prive\system\CodeIgniter.php(936): App\Controllers\Admin\Testing->cek()
#6 C:\xampp\htdocs\prive\system\CodeIgniter.php(432): CodeIgniter\CodeIgniter->runController(Object(App\Controllers\Admin\Testing))
#7 C:\xampp\htdocs\prive\system\CodeIgniter.php(333): CodeIgniter\CodeIgniter->handleRequest(NULL, Object(Config\Cache), false)
#8 C:\xampp\htdocs\prive\public\index.php(44): CodeIgniter\CodeIgniter->run()
#9 C:\xampp\htdocs\prive\index.php(6): require_once('C:\\xampp\\htdocs...')
#10 {main}
CRITICAL - 2021-08-21 07:09:38 --> 22 : The requested URL returned error: 403 Forbidden
#0 C:\xampp\htdocs\prive\system\HTTP\CURLRequest.php(805): CodeIgniter\HTTP\Exceptions\HTTPException::forCurlError('22', 'The requested U...')
#1 C:\xampp\htdocs\prive\system\HTTP\CURLRequest.php(418): CodeIgniter\HTTP\CURLRequest->sendRequest(Array)
#2 C:\xampp\htdocs\prive\system\HTTP\CURLRequest.php(127): CodeIgniter\HTTP\CURLRequest->send('get', 'http://csms.mod...')
#3 C:\xampp\htdocs\prive\system\HTTP\CURLRequest.php(144): CodeIgniter\HTTP\CURLRequest->request('get', 'http://csms.mod...', Array)
#4 C:\xampp\htdocs\prive\app\Controllers\Admin\Testing.php(70): CodeIgniter\HTTP\CURLRequest->get('http://csms.mod...', Array)
#5 C:\xampp\htdocs\prive\system\CodeIgniter.php(936): App\Controllers\Admin\Testing->cek()
#6 C:\xampp\htdocs\prive\system\CodeIgniter.php(432): CodeIgniter\CodeIgniter->runController(Object(App\Controllers\Admin\Testing))
#7 C:\xampp\htdocs\prive\system\CodeIgniter.php(333): CodeIgniter\CodeIgniter->handleRequest(NULL, Object(Config\Cache), false)
#8 C:\xampp\htdocs\prive\public\index.php(44): CodeIgniter\CodeIgniter->run()
#9 C:\xampp\htdocs\prive\index.php(6): require_once('C:\\xampp\\htdocs...')
#10 {main}
CRITICAL - 2021-08-21 08:07:54 --> 22 : The requested URL returned error: 403 Forbidden
#0 C:\xampp\htdocs\prive\system\HTTP\CURLRequest.php(805): CodeIgniter\HTTP\Exceptions\HTTPException::forCurlError('22', 'The requested U...')
#1 C:\xampp\htdocs\prive\system\HTTP\CURLRequest.php(418): CodeIgniter\HTTP\CURLRequest->sendRequest(Array)
#2 C:\xampp\htdocs\prive\system\HTTP\CURLRequest.php(127): CodeIgniter\HTTP\CURLRequest->send('get', 'http://csms.mod...')
#3 C:\xampp\htdocs\prive\system\HTTP\CURLRequest.php(144): CodeIgniter\HTTP\CURLRequest->request('get', 'http://csms.mod...', Array)
#4 C:\xampp\htdocs\prive\app\Controllers\Admin\Testing.php(75): CodeIgniter\HTTP\CURLRequest->get('http://csms.mod...', Array)
#5 C:\xampp\htdocs\prive\system\CodeIgniter.php(936): App\Controllers\Admin\Testing->cek()
#6 C:\xampp\htdocs\prive\system\CodeIgniter.php(432): CodeIgniter\CodeIgniter->runController(Object(App\Controllers\Admin\Testing))
#7 C:\xampp\htdocs\prive\system\CodeIgniter.php(333): CodeIgniter\CodeIgniter->handleRequest(NULL, Object(Config\Cache), false)
#8 C:\xampp\htdocs\prive\public\index.php(44): CodeIgniter\CodeIgniter->run()
#9 C:\xampp\htdocs\prive\index.php(6): require_once('C:\\xampp\\htdocs...')
#10 {main}
CRITICAL - 2021-08-21 08:08:17 --> 22 : The requested URL returned error: 403 Forbidden
#0 C:\xampp\htdocs\prive\system\HTTP\CURLRequest.php(805): CodeIgniter\HTTP\Exceptions\HTTPException::forCurlError('22', 'The requested U...')
#1 C:\xampp\htdocs\prive\system\HTTP\CURLRequest.php(418): CodeIgniter\HTTP\CURLRequest->sendRequest(Array)
#2 C:\xampp\htdocs\prive\system\HTTP\CURLRequest.php(127): CodeIgniter\HTTP\CURLRequest->send('get', 'http://csms.mod...')
#3 C:\xampp\htdocs\prive\system\HTTP\CURLRequest.php(144): CodeIgniter\HTTP\CURLRequest->request('get', 'http://csms.mod...', Array)
#4 C:\xampp\htdocs\prive\app\Controllers\Admin\Testing.php(75): CodeIgniter\HTTP\CURLRequest->get('http://csms.mod...', Array)
#5 C:\xampp\htdocs\prive\system\CodeIgniter.php(936): App\Controllers\Admin\Testing->cek()
#6 C:\xampp\htdocs\prive\system\CodeIgniter.php(432): CodeIgniter\CodeIgniter->runController(Object(App\Controllers\Admin\Testing))
#7 C:\xampp\htdocs\prive\system\CodeIgniter.php(333): CodeIgniter\CodeIgniter->handleRequest(NULL, Object(Config\Cache), false)
#8 C:\xampp\htdocs\prive\public\index.php(44): CodeIgniter\CodeIgniter->run()
#9 C:\xampp\htdocs\prive\index.php(6): require_once('C:\\xampp\\htdocs...')
#10 {main}
CRITICAL - 2021-08-21 08:08:40 --> 22 : The requested URL returned error: 403 Forbidden
#0 C:\xampp\htdocs\prive\system\HTTP\CURLRequest.php(805): CodeIgniter\HTTP\Exceptions\HTTPException::forCurlError('22', 'The requested U...')
#1 C:\xampp\htdocs\prive\system\HTTP\CURLRequest.php(418): CodeIgniter\HTTP\CURLRequest->sendRequest(Array)
#2 C:\xampp\htdocs\prive\system\HTTP\CURLRequest.php(127): CodeIgniter\HTTP\CURLRequest->send('get', 'http://csms.mod...')
#3 C:\xampp\htdocs\prive\system\HTTP\CURLRequest.php(144): CodeIgniter\HTTP\CURLRequest->request('get', 'http://csms.mod...', Array)
#4 C:\xampp\htdocs\prive\app\Controllers\Admin\Testing.php(82): CodeIgniter\HTTP\CURLRequest->get('http://csms.mod...', Array)
#5 C:\xampp\htdocs\prive\system\CodeIgniter.php(936): App\Controllers\Admin\Testing->cek()
#6 C:\xampp\htdocs\prive\system\CodeIgniter.php(432): CodeIgniter\CodeIgniter->runController(Object(App\Controllers\Admin\Testing))
#7 C:\xampp\htdocs\prive\system\CodeIgniter.php(333): CodeIgniter\CodeIgniter->handleRequest(NULL, Object(Config\Cache), false)
#8 C:\xampp\htdocs\prive\public\index.php(44): CodeIgniter\CodeIgniter->run()
#9 C:\xampp\htdocs\prive\index.php(6): require_once('C:\\xampp\\htdocs...')
#10 {main}
CRITICAL - 2021-08-21 08:17:22 --> Call to undefined method CodeIgniter\HTTP\CURLRequest::getReason()
#0 C:\xampp\htdocs\prive\system\CodeIgniter.php(936): App\Controllers\Admin\Testing->cek()
#1 C:\xampp\htdocs\prive\system\CodeIgniter.php(432): CodeIgniter\CodeIgniter->runController(Object(App\Controllers\Admin\Testing))
#2 C:\xampp\htdocs\prive\system\CodeIgniter.php(333): CodeIgniter\CodeIgniter->handleRequest(NULL, Object(Config\Cache), false)
#3 C:\xampp\htdocs\prive\public\index.php(44): CodeIgniter\CodeIgniter->run()
#4 C:\xampp\htdocs\prive\index.php(6): require_once('C:\\xampp\\htdocs...')
#5 {main}
CRITICAL - 2021-08-21 08:37:26 --> 22 : The requested URL returned error: 403 Forbidden
#0 C:\xampp\htdocs\prive\system\HTTP\CURLRequest.php(805): CodeIgniter\HTTP\Exceptions\HTTPException::forCurlError('22', 'The requested U...')
#1 C:\xampp\htdocs\prive\system\HTTP\CURLRequest.php(418): CodeIgniter\HTTP\CURLRequest->sendRequest(Array)
#2 C:\xampp\htdocs\prive\system\HTTP\CURLRequest.php(127): CodeIgniter\HTTP\CURLRequest->send('get', 'http://csms.mod...')
#3 C:\xampp\htdocs\prive\system\HTTP\CURLRequest.php(144): CodeIgniter\HTTP\CURLRequest->request('get', 'http://csms.mod...', Array)
#4 C:\xampp\htdocs\prive\app\Controllers\Admin\Testing.php(90): CodeIgniter\HTTP\CURLRequest->get('http://csms.mod...', Array)
#5 C:\xampp\htdocs\prive\system\CodeIgniter.php(936): App\Controllers\Admin\Testing->cek()
#6 C:\xampp\htdocs\prive\system\CodeIgniter.php(432): CodeIgniter\CodeIgniter->runController(Object(App\Controllers\Admin\Testing))
#7 C:\xampp\htdocs\prive\system\CodeIgniter.php(333): CodeIgniter\CodeIgniter->handleRequest(NULL, Object(Config\Cache), false)
#8 C:\xampp\htdocs\prive\public\index.php(44): CodeIgniter\CodeIgniter->run()
#9 C:\xampp\htdocs\prive\index.php(6): require_once('C:\\xampp\\htdocs...')
#10 {main}
CRITICAL - 2021-08-21 08:50:37 --> syntax error, unexpected ''form_params'' (T_CONSTANT_ENCAPSED_STRING), expecting ']'
#0 C:\xampp\htdocs\prive\system\Autoloader\Autoloader.php(265): CodeIgniter\Autoloader\Autoloader->includeFile('C:\\xampp\\htdocs...')
#1 C:\xampp\htdocs\prive\system\Autoloader\Autoloader.php(228): CodeIgniter\Autoloader\Autoloader->loadInNamespace('App\\Controllers...')
#2 [internal function]: CodeIgniter\Autoloader\Autoloader->loadClass('App\\Controllers...')
#3 [internal function]: spl_autoload_call('App\\Controllers...')
#4 C:\xampp\htdocs\prive\system\CodeIgniter.php(893): class_exists('\\App\\Controller...', true)
#5 C:\xampp\htdocs\prive\system\CodeIgniter.php(417): CodeIgniter\CodeIgniter->startController()
#6 C:\xampp\htdocs\prive\system\CodeIgniter.php(333): CodeIgniter\CodeIgniter->handleRequest(NULL, Object(Config\Cache), false)
#7 C:\xampp\htdocs\prive\public\index.php(44): CodeIgniter\CodeIgniter->run()
#8 C:\xampp\htdocs\prive\index.php(6): require_once('C:\\xampp\\htdocs...')
#9 {main}
CRITICAL - 2021-08-21 08:51:04 --> 22 : The requested URL returned error: 403 Forbidden
#0 C:\xampp\htdocs\prive\system\HTTP\CURLRequest.php(805): CodeIgniter\HTTP\Exceptions\HTTPException::forCurlError('22', 'The requested U...')
#1 C:\xampp\htdocs\prive\system\HTTP\CURLRequest.php(418): CodeIgniter\HTTP\CURLRequest->sendRequest(Array)
#2 C:\xampp\htdocs\prive\system\HTTP\CURLRequest.php(127): CodeIgniter\HTTP\CURLRequest->send('get', 'http://csms.mod...')
#3 C:\xampp\htdocs\prive\system\HTTP\CURLRequest.php(144): CodeIgniter\HTTP\CURLRequest->request('get', 'http://csms.mod...', Array)
#4 C:\xampp\htdocs\prive\app\Controllers\Admin\Testing.php(73): CodeIgniter\HTTP\CURLRequest->get('http://csms.mod...', Array)
#5 C:\xampp\htdocs\prive\system\CodeIgniter.php(936): App\Controllers\Admin\Testing->cek()
#6 C:\xampp\htdocs\prive\system\CodeIgniter.php(432): CodeIgniter\CodeIgniter->runController(Object(App\Controllers\Admin\Testing))
#7 C:\xampp\htdocs\prive\system\CodeIgniter.php(333): CodeIgniter\CodeIgniter->handleRequest(NULL, Object(Config\Cache), false)
#8 C:\xampp\htdocs\prive\public\index.php(44): CodeIgniter\CodeIgniter->run()
#9 C:\xampp\htdocs\prive\index.php(6): require_once('C:\\xampp\\htdocs...')
#10 {main}
CRITICAL - 2021-08-21 08:52:22 --> 22 : The requested URL returned error: 403 Forbidden
#0 C:\xampp\htdocs\prive\system\HTTP\CURLRequest.php(805): CodeIgniter\HTTP\Exceptions\HTTPException::forCurlError('22', 'The requested U...')
#1 C:\xampp\htdocs\prive\system\HTTP\CURLRequest.php(418): CodeIgniter\HTTP\CURLRequest->sendRequest(Array)
#2 C:\xampp\htdocs\prive\system\HTTP\CURLRequest.php(127): CodeIgniter\HTTP\CURLRequest->send('get', 'http://csms.mod...')
#3 C:\xampp\htdocs\prive\system\HTTP\CURLRequest.php(144): CodeIgniter\HTTP\CURLRequest->request('get', 'http://csms.mod...', Array)
#4 C:\xampp\htdocs\prive\app\Controllers\Admin\Testing.php(73): CodeIgniter\HTTP\CURLRequest->get('http://csms.mod...', Array)
#5 C:\xampp\htdocs\prive\system\CodeIgniter.php(936): App\Controllers\Admin\Testing->cek()
#6 C:\xampp\htdocs\prive\system\CodeIgniter.php(432): CodeIgniter\CodeIgniter->runController(Object(App\Controllers\Admin\Testing))
#7 C:\xampp\htdocs\prive\system\CodeIgniter.php(333): CodeIgniter\CodeIgniter->handleRequest(NULL, Object(Config\Cache), false)
#8 C:\xampp\htdocs\prive\public\index.php(44): CodeIgniter\CodeIgniter->run()
#9 C:\xampp\htdocs\prive\index.php(6): require_once('C:\\xampp\\htdocs...')
#10 {main}
CRITICAL - 2021-08-21 08:52:40 --> 22 : The requested URL returned error: 403 Forbidden
#0 C:\xampp\htdocs\prive\system\HTTP\CURLRequest.php(805): CodeIgniter\HTTP\Exceptions\HTTPException::forCurlError('22', 'The requested U...')
#1 C:\xampp\htdocs\prive\system\HTTP\CURLRequest.php(418): CodeIgniter\HTTP\CURLRequest->sendRequest(Array)
#2 C:\xampp\htdocs\prive\system\HTTP\CURLRequest.php(127): CodeIgniter\HTTP\CURLRequest->send('get', 'http://csms.mod...')
#3 C:\xampp\htdocs\prive\system\HTTP\CURLRequest.php(144): CodeIgniter\HTTP\CURLRequest->request('get', 'http://csms.mod...', Array)
#4 C:\xampp\htdocs\prive\app\Controllers\Admin\Testing.php(74): CodeIgniter\HTTP\CURLRequest->get('http://csms.mod...', Array)
#5 C:\xampp\htdocs\prive\system\CodeIgniter.php(936): App\Controllers\Admin\Testing->cek()
#6 C:\xampp\htdocs\prive\system\CodeIgniter.php(432): CodeIgniter\CodeIgniter->runController(Object(App\Controllers\Admin\Testing))
#7 C:\xampp\htdocs\prive\system\CodeIgniter.php(333): CodeIgniter\CodeIgniter->handleRequest(NULL, Object(Config\Cache), false)
#8 C:\xampp\htdocs\prive\public\index.php(44): CodeIgniter\CodeIgniter->run()
#9 C:\xampp\htdocs\prive\index.php(6): require_once('C:\\xampp\\htdocs...')
#10 {main}
CRITICAL - 2021-08-21 08:55:02 --> 22 : The requested URL returned error: 403 Forbidden
#0 C:\xampp\htdocs\prive\system\HTTP\CURLRequest.php(805): CodeIgniter\HTTP\Exceptions\HTTPException::forCurlError('22', 'The requested U...')
#1 C:\xampp\htdocs\prive\system\HTTP\CURLRequest.php(418): CodeIgniter\HTTP\CURLRequest->sendRequest(Array)
#2 C:\xampp\htdocs\prive\system\HTTP\CURLRequest.php(127): CodeIgniter\HTTP\CURLRequest->send('get', 'http://csms.mod...')
#3 C:\xampp\htdocs\prive\system\HTTP\CURLRequest.php(144): CodeIgniter\HTTP\CURLRequest->request('get', 'http://csms.mod...', Array)
#4 C:\xampp\htdocs\prive\app\Controllers\Admin\Testing.php(76): CodeIgniter\HTTP\CURLRequest->get('http://csms.mod...', Array)
#5 C:\xampp\htdocs\prive\system\CodeIgniter.php(936): App\Controllers\Admin\Testing->cek()
#6 C:\xampp\htdocs\prive\system\CodeIgniter.php(432): CodeIgniter\CodeIgniter->runController(Object(App\Controllers\Admin\Testing))
#7 C:\xampp\htdocs\prive\system\CodeIgniter.php(333): CodeIgniter\CodeIgniter->handleRequest(NULL, Object(Config\Cache), false)
#8 C:\xampp\htdocs\prive\public\index.php(44): CodeIgniter\CodeIgniter->run()
#9 C:\xampp\htdocs\prive\index.php(6): require_once('C:\\xampp\\htdocs...')
#10 {main}
CRITICAL - 2021-08-21 08:56:01 --> 22 : The requested URL returned error: 403 Forbidden
#0 C:\xampp\htdocs\prive\system\HTTP\CURLRequest.php(805): CodeIgniter\HTTP\Exceptions\HTTPException::forCurlError('22', 'The requested U...')
#1 C:\xampp\htdocs\prive\system\HTTP\CURLRequest.php(418): CodeIgniter\HTTP\CURLRequest->sendRequest(Array)
#2 C:\xampp\htdocs\prive\system\HTTP\CURLRequest.php(127): CodeIgniter\HTTP\CURLRequest->send('get', 'http://csms.mod...')
#3 C:\xampp\htdocs\prive\system\HTTP\CURLRequest.php(144): CodeIgniter\HTTP\CURLRequest->request('get', 'http://csms.mod...', Array)
#4 C:\xampp\htdocs\prive\app\Controllers\Admin\Testing.php(77): CodeIgniter\HTTP\CURLRequest->get('http://csms.mod...', Array)
#5 C:\xampp\htdocs\prive\system\CodeIgniter.php(936): App\Controllers\Admin\Testing->cek()
#6 C:\xampp\htdocs\prive\system\CodeIgniter.php(432): CodeIgniter\CodeIgniter->runController(Object(App\Controllers\Admin\Testing))
#7 C:\xampp\htdocs\prive\system\CodeIgniter.php(333): CodeIgniter\CodeIgniter->handleRequest(NULL, Object(Config\Cache), false)
#8 C:\xampp\htdocs\prive\public\index.php(44): CodeIgniter\CodeIgniter->run()
#9 C:\xampp\htdocs\prive\index.php(6): require_once('C:\\xampp\\htdocs...')
#10 {main}
CRITICAL - 2021-08-21 08:58:47 --> 22 : The requested URL returned error: 403 Forbidden
#0 C:\xampp\htdocs\prive\system\HTTP\CURLRequest.php(805): CodeIgniter\HTTP\Exceptions\HTTPException::forCurlError('22', 'The requested U...')
#1 C:\xampp\htdocs\prive\system\HTTP\CURLRequest.php(418): CodeIgniter\HTTP\CURLRequest->sendRequest(Array)
#2 C:\xampp\htdocs\prive\system\HTTP\CURLRequest.php(127): CodeIgniter\HTTP\CURLRequest->send('get', 'http://csms.mod...')
#3 C:\xampp\htdocs\prive\system\HTTP\CURLRequest.php(144): CodeIgniter\HTTP\CURLRequest->request('get', 'http://csms.mod...', Array)
#4 C:\xampp\htdocs\prive\app\Controllers\Admin\Testing.php(81): CodeIgniter\HTTP\CURLRequest->get('http://csms.mod...', Array)
#5 C:\xampp\htdocs\prive\system\CodeIgniter.php(936): App\Controllers\Admin\Testing->cek()
#6 C:\xampp\htdocs\prive\system\CodeIgniter.php(432): CodeIgniter\CodeIgniter->runController(Object(App\Controllers\Admin\Testing))
#7 C:\xampp\htdocs\prive\system\CodeIgniter.php(333): CodeIgniter\CodeIgniter->handleRequest(NULL, Object(Config\Cache), false)
#8 C:\xampp\htdocs\prive\public\index.php(44): CodeIgniter\CodeIgniter->run()
#9 C:\xampp\htdocs\prive\index.php(6): require_once('C:\\xampp\\htdocs...')
#10 {main}
CRITICAL - 2021-08-21 08:59:43 --> 22 : The requested URL returned error: 403 Forbidden
#0 C:\xampp\htdocs\prive\system\HTTP\CURLRequest.php(805): CodeIgniter\HTTP\Exceptions\HTTPException::forCurlError('22', 'The requested U...')
#1 C:\xampp\htdocs\prive\system\HTTP\CURLRequest.php(418): CodeIgniter\HTTP\CURLRequest->sendRequest(Array)
#2 C:\xampp\htdocs\prive\system\HTTP\CURLRequest.php(127): CodeIgniter\HTTP\CURLRequest->send('get', 'http://csms.mod...')
#3 C:\xampp\htdocs\prive\system\HTTP\CURLRequest.php(144): CodeIgniter\HTTP\CURLRequest->request('get', 'http://csms.mod...', Array)
#4 C:\xampp\htdocs\prive\app\Controllers\Admin\Testing.php(71): CodeIgniter\HTTP\CURLRequest->get('http://csms.mod...', Array)
#5 C:\xampp\htdocs\prive\system\CodeIgniter.php(936): App\Controllers\Admin\Testing->cek()
#6 C:\xampp\htdocs\prive\system\CodeIgniter.php(432): CodeIgniter\CodeIgniter->runController(Object(App\Controllers\Admin\Testing))
#7 C:\xampp\htdocs\prive\system\CodeIgniter.php(333): CodeIgniter\CodeIgniter->handleRequest(NULL, Object(Config\Cache), false)
#8 C:\xampp\htdocs\prive\public\index.php(44): CodeIgniter\CodeIgniter->run()
#9 C:\xampp\htdocs\prive\index.php(6): require_once('C:\\xampp\\htdocs...')
#10 {main}
CRITICAL - 2021-08-21 09:00:06 --> 22 : The requested URL returned error: 403 Forbidden
#0 C:\xampp\htdocs\prive\system\HTTP\CURLRequest.php(805): CodeIgniter\HTTP\Exceptions\HTTPException::forCurlError('22', 'The requested U...')
#1 C:\xampp\htdocs\prive\system\HTTP\CURLRequest.php(418): CodeIgniter\HTTP\CURLRequest->sendRequest(Array)
#2 C:\xampp\htdocs\prive\system\HTTP\CURLRequest.php(127): CodeIgniter\HTTP\CURLRequest->send('get', 'http://csms.mod...')
#3 C:\xampp\htdocs\prive\system\HTTP\CURLRequest.php(144): CodeIgniter\HTTP\CURLRequest->request('get', 'http://csms.mod...', Array)
#4 C:\xampp\htdocs\prive\app\Controllers\Admin\Testing.php(85): CodeIgniter\HTTP\CURLRequest->get('http://csms.mod...', Array)
#5 C:\xampp\htdocs\prive\system\CodeIgniter.php(936): App\Controllers\Admin\Testing->cek()
#6 C:\xampp\htdocs\prive\system\CodeIgniter.php(432): CodeIgniter\CodeIgniter->runController(Object(App\Controllers\Admin\Testing))
#7 C:\xampp\htdocs\prive\system\CodeIgniter.php(333): CodeIgniter\CodeIgniter->handleRequest(NULL, Object(Config\Cache), false)
#8 C:\xampp\htdocs\prive\public\index.php(44): CodeIgniter\CodeIgniter->run()
#9 C:\xampp\htdocs\prive\index.php(6): require_once('C:\\xampp\\htdocs...')
#10 {main}
CRITICAL - 2021-08-21 09:15:11 --> syntax error, unexpected ''type'' (T_CONSTANT_ENCAPSED_STRING), expecting ']'
#0 C:\xampp\htdocs\prive\system\Autoloader\Autoloader.php(265): CodeIgniter\Autoloader\Autoloader->includeFile('C:\\xampp\\htdocs...')
#1 C:\xampp\htdocs\prive\system\Autoloader\Autoloader.php(228): CodeIgniter\Autoloader\Autoloader->loadInNamespace('App\\Controllers...')
#2 [internal function]: CodeIgniter\Autoloader\Autoloader->loadClass('App\\Controllers...')
#3 [internal function]: spl_autoload_call('App\\Controllers...')
#4 C:\xampp\htdocs\prive\system\CodeIgniter.php(893): class_exists('\\App\\Controller...', true)
#5 C:\xampp\htdocs\prive\system\CodeIgniter.php(417): CodeIgniter\CodeIgniter->startController()
#6 C:\xampp\htdocs\prive\system\CodeIgniter.php(333): CodeIgniter\CodeIgniter->handleRequest(NULL, Object(Config\Cache), false)
#7 C:\xampp\htdocs\prive\public\index.php(44): CodeIgniter\CodeIgniter->run()
#8 C:\xampp\htdocs\prive\index.php(6): require_once('C:\\xampp\\htdocs...')
#9 {main}
CRITICAL - 2021-08-21 10:20:02 --> Undefined variable: curl
#0 C:\xampp\htdocs\prive\app\Controllers\Admin\Testing.php(65): CodeIgniter\Debug\Exceptions->errorHandler(8, 'Undefined varia...', 'C:\\xampp\\htdocs...', 65, Array)
#1 C:\xampp\htdocs\prive\system\CodeIgniter.php(936): App\Controllers\Admin\Testing->cek()
#2 C:\xampp\htdocs\prive\system\CodeIgniter.php(432): CodeIgniter\CodeIgniter->runController(Object(App\Controllers\Admin\Testing))
#3 C:\xampp\htdocs\prive\system\CodeIgniter.php(333): CodeIgniter\CodeIgniter->handleRequest(NULL, Object(Config\Cache), false)
#4 C:\xampp\htdocs\prive\public\index.php(44): CodeIgniter\CodeIgniter->run()
#5 C:\xampp\htdocs\prive\index.php(6): require_once('C:\\xampp\\htdocs...')
#6 {main}
CRITICAL - 2021-08-21 10:37:27 --> Cannot use object of type CodeIgniter\HTTP\Response as array
#0 C:\xampp\htdocs\prive\system\CodeIgniter.php(936): App\Controllers\AjaxController->fetchProvince()
#1 C:\xampp\htdocs\prive\system\CodeIgniter.php(432): CodeIgniter\CodeIgniter->runController(Object(App\Controllers\AjaxController))
#2 C:\xampp\htdocs\prive\system\CodeIgniter.php(333): CodeIgniter\CodeIgniter->handleRequest(NULL, Object(Config\Cache), false)
#3 C:\xampp\htdocs\prive\public\index.php(44): CodeIgniter\CodeIgniter->run()
#4 C:\xampp\htdocs\prive\index.php(6): require_once('C:\\xampp\\htdocs...')
#5 {main}
CRITICAL - 2021-08-21 10:37:39 --> Cannot use object of type CodeIgniter\HTTP\Response as array
#0 C:\xampp\htdocs\prive\system\CodeIgniter.php(936): App\Controllers\AjaxController->fetchProvince()
#1 C:\xampp\htdocs\prive\system\CodeIgniter.php(432): CodeIgniter\CodeIgniter->runController(Object(App\Controllers\AjaxController))
#2 C:\xampp\htdocs\prive\system\CodeIgniter.php(333): CodeIgniter\CodeIgniter->handleRequest(NULL, Object(Config\Cache), false)
#3 C:\xampp\htdocs\prive\public\index.php(44): CodeIgniter\CodeIgniter->run()
#4 C:\xampp\htdocs\prive\index.php(6): require_once('C:\\xampp\\htdocs...')
#5 {main}
CRITICAL - 2021-08-21 10:39:00 --> Cannot use object of type CodeIgniter\HTTP\Response as array
#0 C:\xampp\htdocs\prive\system\CodeIgniter.php(936): App\Controllers\AjaxController->fetchProvince()
#1 C:\xampp\htdocs\prive\system\CodeIgniter.php(432): CodeIgniter\CodeIgniter->runController(Object(App\Controllers\AjaxController))
#2 C:\xampp\htdocs\prive\system\CodeIgniter.php(333): CodeIgniter\CodeIgniter->handleRequest(NULL, Object(Config\Cache), false)
#3 C:\xampp\htdocs\prive\public\index.php(44): CodeIgniter\CodeIgniter->run()
#4 C:\xampp\htdocs\prive\index.php(6): require_once('C:\\xampp\\htdocs...')
#5 {main}
CRITICAL - 2021-08-21 10:59:27 --> syntax error, unexpected '$row' (T_VARIABLE)
#0 C:\xampp\htdocs\prive\system\Router\Router.php(170): CodeIgniter\Router\Router->autoRoute('AjaxController/...')
#1 C:\xampp\htdocs\prive\system\CodeIgniter.php(816): CodeIgniter\Router\Router->handle('AjaxController/...')
#2 C:\xampp\htdocs\prive\system\CodeIgniter.php(385): CodeIgniter\CodeIgniter->tryToRouteIt(Object(CodeIgniter\Router\RouteCollection))
#3 C:\xampp\htdocs\prive\system\CodeIgniter.php(333): CodeIgniter\CodeIgniter->handleRequest(NULL, Object(Config\Cache), false)
#4 C:\xampp\htdocs\prive\public\index.php(44): CodeIgniter\CodeIgniter->run()
#5 C:\xampp\htdocs\prive\index.php(6): require_once('C:\\xampp\\htdocs...')
#6 {main}
CRITICAL - 2021-08-21 10:59:42 --> syntax error, unexpected '$row' (T_VARIABLE)
#0 C:\xampp\htdocs\prive\system\Router\Router.php(170): CodeIgniter\Router\Router->autoRoute('AjaxController/...')
#1 C:\xampp\htdocs\prive\system\CodeIgniter.php(816): CodeIgniter\Router\Router->handle('AjaxController/...')
#2 C:\xampp\htdocs\prive\system\CodeIgniter.php(385): CodeIgniter\CodeIgniter->tryToRouteIt(Object(CodeIgniter\Router\RouteCollection))
#3 C:\xampp\htdocs\prive\system\CodeIgniter.php(333): CodeIgniter\CodeIgniter->handleRequest(NULL, Object(Config\Cache), false)
#4 C:\xampp\htdocs\prive\public\index.php(44): CodeIgniter\CodeIgniter->run()
#5 C:\xampp\htdocs\prive\index.php(6): require_once('C:\\xampp\\htdocs...')
#6 {main}
CRITICAL - 2021-08-21 11:49:39 --> Array to string conversion
#0 [internal function]: CodeIgniter\Debug\Exceptions->errorHandler(8, 'Array to string...', 'C:\\xampp\\htdocs...', 78, Array)
#1 C:\xampp\htdocs\prive\app\Controllers\Admin\Testing.php(78): curl_setopt(Resource id #114, 10023, Array)
#2 C:\xampp\htdocs\prive\system\CodeIgniter.php(936): App\Controllers\Admin\Testing->cek()
#3 C:\xampp\htdocs\prive\system\CodeIgniter.php(432): CodeIgniter\CodeIgniter->runController(Object(App\Controllers\Admin\Testing))
#4 C:\xampp\htdocs\prive\system\CodeIgniter.php(333): CodeIgniter\CodeIgniter->handleRequest(NULL, Object(Config\Cache), false)
#5 C:\xampp\htdocs\prive\public\index.php(44): CodeIgniter\CodeIgniter->run()
#6 C:\xampp\htdocs\prive\index.php(6): require_once('C:\\xampp\\htdocs...')
#7 {main}
CRITICAL - 2021-08-21 11:54:28 --> Array to string conversion
#0 [internal function]: CodeIgniter\Debug\Exceptions->errorHandler(8, 'Array to string...', 'C:\\xampp\\htdocs...', 72, Array)
#1 C:\xampp\htdocs\prive\app\Controllers\Admin\Testing.php(72): curl_setopt(Resource id #114, 10015, Array)
#2 C:\xampp\htdocs\prive\system\CodeIgniter.php(936): App\Controllers\Admin\Testing->cek()
#3 C:\xampp\htdocs\prive\system\CodeIgniter.php(432): CodeIgniter\CodeIgniter->runController(Object(App\Controllers\Admin\Testing))
#4 C:\xampp\htdocs\prive\system\CodeIgniter.php(333): CodeIgniter\CodeIgniter->handleRequest(NULL, Object(Config\Cache), false)
#5 C:\xampp\htdocs\prive\public\index.php(44): CodeIgniter\CodeIgniter->run()
#6 C:\xampp\htdocs\prive\index.php(6): require_once('C:\\xampp\\htdocs...')
#7 {main}
CRITICAL - 2021-08-21 15:49:49 --> Trying to access array offset on value of type null
#0 C:\xampp\htdocs\prive\app\Controllers\Admin\Testing.php(69): CodeIgniter\Debug\Exceptions->errorHandler(8, 'Trying to acces...', 'C:\\xampp\\htdocs...', 69, Array)
#1 C:\xampp\htdocs\prive\system\CodeIgniter.php(936): App\Controllers\Admin\Testing->cek()
#2 C:\xampp\htdocs\prive\system\CodeIgniter.php(432): CodeIgniter\CodeIgniter->runController(Object(App\Controllers\Admin\Testing))
#3 C:\xampp\htdocs\prive\system\CodeIgniter.php(333): CodeIgniter\CodeIgniter->handleRequest(NULL, Object(Config\Cache), false)
#4 C:\xampp\htdocs\prive\public\index.php(44): CodeIgniter\CodeIgniter->run()
#5 C:\xampp\htdocs\prive\index.php(6): require_once('C:\\xampp\\htdocs...')
#6 {main}
CRITICAL - 2021-08-21 16:39:52 --> Undefined property: stdClass::$itemno
#0 C:\xampp\htdocs\prive\app\Controllers\Admin\Testing.php(89): CodeIgniter\Debug\Exceptions->errorHandler(8, 'Undefined prope...', 'C:\\xampp\\htdocs...', 89, Array)
#1 C:\xampp\htdocs\prive\system\CodeIgniter.php(936): App\Controllers\Admin\Testing->cekitem()
#2 C:\xampp\htdocs\prive\system\CodeIgniter.php(432): CodeIgniter\CodeIgniter->runController(Object(App\Controllers\Admin\Testing))
#3 C:\xampp\htdocs\prive\system\CodeIgniter.php(333): CodeIgniter\CodeIgniter->handleRequest(NULL, Object(Config\Cache), false)
#4 C:\xampp\htdocs\prive\public\index.php(44): CodeIgniter\CodeIgniter->run()
#5 C:\xampp\htdocs\prive\index.php(6): require_once('C:\\xampp\\htdocs...')
#6 {main}
CRITICAL - 2021-08-21 16:47:52 --> Illegal string offset 'data'
#0 C:\xampp\htdocs\prive\app\Controllers\Admin\Testing.php(87): CodeIgniter\Debug\Exceptions->errorHandler(2, 'Illegal string ...', 'C:\\xampp\\htdocs...', 87, Array)
#1 C:\xampp\htdocs\prive\system\CodeIgniter.php(936): App\Controllers\Admin\Testing->cekitem()
#2 C:\xampp\htdocs\prive\system\CodeIgniter.php(432): CodeIgniter\CodeIgniter->runController(Object(App\Controllers\Admin\Testing))
#3 C:\xampp\htdocs\prive\system\CodeIgniter.php(333): CodeIgniter\CodeIgniter->handleRequest(NULL, Object(Config\Cache), false)
#4 C:\xampp\htdocs\prive\public\index.php(44): CodeIgniter\CodeIgniter->run()
#5 C:\xampp\htdocs\prive\index.php(6): require_once('C:\\xampp\\htdocs...')
#6 {main}
CRITICAL - 2021-08-21 16:48:54 --> Illegal string offset 'data'
#0 C:\xampp\htdocs\prive\app\Controllers\Admin\Testing.php(88): CodeIgniter\Debug\Exceptions->errorHandler(2, 'Illegal string ...', 'C:\\xampp\\htdocs...', 88, Array)
#1 C:\xampp\htdocs\prive\system\CodeIgniter.php(936): App\Controllers\Admin\Testing->cekitem()
#2 C:\xampp\htdocs\prive\system\CodeIgniter.php(432): CodeIgniter\CodeIgniter->runController(Object(App\Controllers\Admin\Testing))
#3 C:\xampp\htdocs\prive\system\CodeIgniter.php(333): CodeIgniter\CodeIgniter->handleRequest(NULL, Object(Config\Cache), false)
#4 C:\xampp\htdocs\prive\public\index.php(44): CodeIgniter\CodeIgniter->run()
#5 C:\xampp\htdocs\prive\index.php(6): require_once('C:\\xampp\\htdocs...')
#6 {main}
CRITICAL - 2021-08-21 16:48:56 --> Illegal string offset 'data'
#0 C:\xampp\htdocs\prive\app\Controllers\Admin\Testing.php(88): CodeIgniter\Debug\Exceptions->errorHandler(2, 'Illegal string ...', 'C:\\xampp\\htdocs...', 88, Array)
#1 C:\xampp\htdocs\prive\system\CodeIgniter.php(936): App\Controllers\Admin\Testing->cekitem()
#2 C:\xampp\htdocs\prive\system\CodeIgniter.php(432): CodeIgniter\CodeIgniter->runController(Object(App\Controllers\Admin\Testing))
#3 C:\xampp\htdocs\prive\system\CodeIgniter.php(333): CodeIgniter\CodeIgniter->handleRequest(NULL, Object(Config\Cache), false)
#4 C:\xampp\htdocs\prive\public\index.php(44): CodeIgniter\CodeIgniter->run()
#5 C:\xampp\htdocs\prive\index.php(6): require_once('C:\\xampp\\htdocs...')
#6 {main}
CRITICAL - 2021-08-21 16:49:22 --> Trying to get property 'data' of non-object
#0 C:\xampp\htdocs\prive\app\Controllers\Admin\Testing.php(88): CodeIgniter\Debug\Exceptions->errorHandler(8, 'Trying to get p...', 'C:\\xampp\\htdocs...', 88, Array)
#1 C:\xampp\htdocs\prive\system\CodeIgniter.php(936): App\Controllers\Admin\Testing->cekitem()
#2 C:\xampp\htdocs\prive\system\CodeIgniter.php(432): CodeIgniter\CodeIgniter->runController(Object(App\Controllers\Admin\Testing))
#3 C:\xampp\htdocs\prive\system\CodeIgniter.php(333): CodeIgniter\CodeIgniter->handleRequest(NULL, Object(Config\Cache), false)
#4 C:\xampp\htdocs\prive\public\index.php(44): CodeIgniter\CodeIgniter->run()
#5 C:\xampp\htdocs\prive\index.php(6): require_once('C:\\xampp\\htdocs...')
#6 {main}
CRITICAL - 2021-08-21 16:52:29 --> json_decode() expects parameter 1 to be string, array given
#0 [internal function]: CodeIgniter\Debug\Exceptions->errorHandler(2, 'json_decode() e...', 'C:\\xampp\\htdocs...', 89, Array)
#1 C:\xampp\htdocs\prive\app\Controllers\Admin\Testing.php(89): json_decode(Array)
#2 C:\xampp\htdocs\prive\system\CodeIgniter.php(936): App\Controllers\Admin\Testing->cekitem()
#3 C:\xampp\htdocs\prive\system\CodeIgniter.php(432): CodeIgniter\CodeIgniter->runController(Object(App\Controllers\Admin\Testing))
#4 C:\xampp\htdocs\prive\system\CodeIgniter.php(333): CodeIgniter\CodeIgniter->handleRequest(NULL, Object(Config\Cache), false)
#5 C:\xampp\htdocs\prive\public\index.php(44): CodeIgniter\CodeIgniter->run()
#6 C:\xampp\htdocs\prive\index.php(6): require_once('C:\\xampp\\htdocs...')
#7 {main}
CRITICAL - 2021-08-21 17:09:55 --> Undefined variable: curl
#0 C:\xampp\htdocs\prive\app\Controllers\AjaxController.php(79): CodeIgniter\Debug\Exceptions->errorHandler(8, 'Undefined varia...', 'C:\\xampp\\htdocs...', 79, Array)
#1 C:\xampp\htdocs\prive\system\CodeIgniter.php(936): App\Controllers\AjaxController->fetchProduct()
#2 C:\xampp\htdocs\prive\system\CodeIgniter.php(432): CodeIgniter\CodeIgniter->runController(Object(App\Controllers\AjaxController))
#3 C:\xampp\htdocs\prive\system\CodeIgniter.php(333): CodeIgniter\CodeIgniter->handleRequest(NULL, Object(Config\Cache), false)
#4 C:\xampp\htdocs\prive\public\index.php(44): CodeIgniter\CodeIgniter->run()
#5 C:\xampp\htdocs\prive\index.php(6): require_once('C:\\xampp\\htdocs...')
#6 {main}
CRITICAL - 2021-08-21 17:10:13 --> Undefined variable: curl
#0 C:\xampp\htdocs\prive\app\Controllers\AjaxController.php(79): CodeIgniter\Debug\Exceptions->errorHandler(8, 'Undefined varia...', 'C:\\xampp\\htdocs...', 79, Array)
#1 C:\xampp\htdocs\prive\system\CodeIgniter.php(936): App\Controllers\AjaxController->fetchProduct()
#2 C:\xampp\htdocs\prive\system\CodeIgniter.php(432): CodeIgniter\CodeIgniter->runController(Object(App\Controllers\AjaxController))
#3 C:\xampp\htdocs\prive\system\CodeIgniter.php(333): CodeIgniter\CodeIgniter->handleRequest(NULL, Object(Config\Cache), false)
#4 C:\xampp\htdocs\prive\public\index.php(44): CodeIgniter\CodeIgniter->run()
#5 C:\xampp\htdocs\prive\index.php(6): require_once('C:\\xampp\\htdocs...')
#6 {main}
CRITICAL - 2021-08-21 17:54:30 --> Cannot use temporary expression in write context
#0 [internal function]: CodeIgniter\Debug\Exceptions->shutdownHandler()
#1 {main}
CRITICAL - 2021-08-21 17:55:50 --> syntax error, unexpected ')'
#0 C:\xampp\htdocs\prive\system\Autoloader\Autoloader.php(265): CodeIgniter\Autoloader\Autoloader->includeFile('C:\\xampp\\htdocs...')
#1 C:\xampp\htdocs\prive\system\Autoloader\Autoloader.php(228): CodeIgniter\Autoloader\Autoloader->loadInNamespace('App\\Controllers...')
#2 [internal function]: CodeIgniter\Autoloader\Autoloader->loadClass('App\\Controllers...')
#3 [internal function]: spl_autoload_call('App\\Controllers...')
#4 C:\xampp\htdocs\prive\system\CodeIgniter.php(893): class_exists('\\App\\Controller...', true)
#5 C:\xampp\htdocs\prive\system\CodeIgniter.php(417): CodeIgniter\CodeIgniter->startController()
#6 C:\xampp\htdocs\prive\system\CodeIgniter.php(333): CodeIgniter\CodeIgniter->handleRequest(NULL, Object(Config\Cache), false)
#7 C:\xampp\htdocs\prive\public\index.php(44): CodeIgniter\CodeIgniter->run()
#8 C:\xampp\htdocs\prive\index.php(6): require_once('C:\\xampp\\htdocs...')
#9 {main}
CRITICAL - 2021-08-21 18:38:05 --> Undefined variable: id
#0 C:\xampp\htdocs\prive\app\Controllers\AjaxController.php(36): CodeIgniter\Debug\Exceptions->errorHandler(8, 'Undefined varia...', 'C:\\xampp\\htdocs...', 36, Array)
#1 C:\xampp\htdocs\prive\system\CodeIgniter.php(936): App\Controllers\AjaxController->fetchDistrict()
#2 C:\xampp\htdocs\prive\system\CodeIgniter.php(432): CodeIgniter\CodeIgniter->runController(Object(App\Controllers\AjaxController))
#3 C:\xampp\htdocs\prive\system\CodeIgniter.php(333): CodeIgniter\CodeIgniter->handleRequest(NULL, Object(Config\Cache), false)
#4 C:\xampp\htdocs\prive\public\index.php(44): CodeIgniter\CodeIgniter->run()
#5 C:\xampp\htdocs\prive\index.php(6): require_once('C:\\xampp\\htdocs...')
#6 {main}
CRITICAL - 2021-08-21 18:38:14 --> Undefined variable: id
#0 C:\xampp\htdocs\prive\app\Controllers\AjaxController.php(36): CodeIgniter\Debug\Exceptions->errorHandler(8, 'Undefined varia...', 'C:\\xampp\\htdocs...', 36, Array)
#1 C:\xampp\htdocs\prive\system\CodeIgniter.php(936): App\Controllers\AjaxController->fetchDistrict()
#2 C:\xampp\htdocs\prive\system\CodeIgniter.php(432): CodeIgniter\CodeIgniter->runController(Object(App\Controllers\AjaxController))
#3 C:\xampp\htdocs\prive\system\CodeIgniter.php(333): CodeIgniter\CodeIgniter->handleRequest(NULL, Object(Config\Cache), false)
#4 C:\xampp\htdocs\prive\public\index.php(44): CodeIgniter\CodeIgniter->run()
#5 C:\xampp\htdocs\prive\index.php(6): require_once('C:\\xampp\\htdocs...')
#6 {main}
CRITICAL - 2021-08-21 18:38:21 --> Undefined variable: id
#0 C:\xampp\htdocs\prive\app\Controllers\AjaxController.php(36): CodeIgniter\Debug\Exceptions->errorHandler(8, 'Undefined varia...', 'C:\\xampp\\htdocs...', 36, Array)
#1 C:\xampp\htdocs\prive\system\CodeIgniter.php(936): App\Controllers\AjaxController->fetchDistrict()
#2 C:\xampp\htdocs\prive\system\CodeIgniter.php(432): CodeIgniter\CodeIgniter->runController(Object(App\Controllers\AjaxController))
#3 C:\xampp\htdocs\prive\system\CodeIgniter.php(333): CodeIgniter\CodeIgniter->handleRequest(NULL, Object(Config\Cache), false)
#4 C:\xampp\htdocs\prive\public\index.php(44): CodeIgniter\CodeIgniter->run()
#5 C:\xampp\htdocs\prive\index.php(6): require_once('C:\\xampp\\htdocs...')
#6 {main}
CRITICAL - 2021-08-21 18:48:01 --> Undefined variable: curl
#0 C:\xampp\htdocs\prive\app\Controllers\AjaxController.php(108): CodeIgniter\Debug\Exceptions->errorHandler(8, 'Undefined varia...', 'C:\\xampp\\htdocs...', 108, Array)
#1 C:\xampp\htdocs\prive\system\CodeIgniter.php(936): App\Controllers\AjaxController->fetchCustomerProfile()
#2 C:\xampp\htdocs\prive\system\CodeIgniter.php(432): CodeIgniter\CodeIgniter->runController(Object(App\Controllers\AjaxController))
#3 C:\xampp\htdocs\prive\system\CodeIgniter.php(333): CodeIgniter\CodeIgniter->handleRequest(NULL, Object(Config\Cache), false)
#4 C:\xampp\htdocs\prive\public\index.php(44): CodeIgniter\CodeIgniter->run()
#5 C:\xampp\htdocs\prive\index.php(6): require_once('C:\\xampp\\htdocs...')
#6 {main}
CRITICAL - 2021-08-21 18:48:27 --> Cannot use object of type stdClass as array
#0 C:\xampp\htdocs\prive\system\CodeIgniter.php(936): App\Controllers\AjaxController->fetchCustomerProfile()
#1 C:\xampp\htdocs\prive\system\CodeIgniter.php(432): CodeIgniter\CodeIgniter->runController(Object(App\Controllers\AjaxController))
#2 C:\xampp\htdocs\prive\system\CodeIgniter.php(333): CodeIgniter\CodeIgniter->handleRequest(NULL, Object(Config\Cache), false)
#3 C:\xampp\htdocs\prive\public\index.php(44): CodeIgniter\CodeIgniter->run()
#4 C:\xampp\htdocs\prive\index.php(6): require_once('C:\\xampp\\htdocs...')
#5 {main}
CRITICAL - 2021-08-21 18:48:34 --> Cannot use object of type stdClass as array
#0 C:\xampp\htdocs\prive\system\CodeIgniter.php(936): App\Controllers\AjaxController->fetchCustomerProfile()
#1 C:\xampp\htdocs\prive\system\CodeIgniter.php(432): CodeIgniter\CodeIgniter->runController(Object(App\Controllers\AjaxController))
#2 C:\xampp\htdocs\prive\system\CodeIgniter.php(333): CodeIgniter\CodeIgniter->handleRequest(NULL, Object(Config\Cache), false)
#3 C:\xampp\htdocs\prive\public\index.php(44): CodeIgniter\CodeIgniter->run()
#4 C:\xampp\htdocs\prive\index.php(6): require_once('C:\\xampp\\htdocs...')
#5 {main}
CRITICAL - 2021-08-21 18:48:42 --> Cannot use object of type stdClass as array
#0 C:\xampp\htdocs\prive\system\CodeIgniter.php(936): App\Controllers\AjaxController->fetchCustomerProfile()
#1 C:\xampp\htdocs\prive\system\CodeIgniter.php(432): CodeIgniter\CodeIgniter->runController(Object(App\Controllers\AjaxController))
#2 C:\xampp\htdocs\prive\system\CodeIgniter.php(333): CodeIgniter\CodeIgniter->handleRequest(NULL, Object(Config\Cache), false)
#3 C:\xampp\htdocs\prive\public\index.php(44): CodeIgniter\CodeIgniter->run()
#4 C:\xampp\htdocs\prive\index.php(6): require_once('C:\\xampp\\htdocs...')
#5 {main}
CRITICAL - 2021-08-21 18:48:53 --> Cannot use object of type stdClass as array
#0 C:\xampp\htdocs\prive\system\CodeIgniter.php(936): App\Controllers\AjaxController->fetchCustomerProfile()
#1 C:\xampp\htdocs\prive\system\CodeIgniter.php(432): CodeIgniter\CodeIgniter->runController(Object(App\Controllers\AjaxController))
#2 C:\xampp\htdocs\prive\system\CodeIgniter.php(333): CodeIgniter\CodeIgniter->handleRequest(NULL, Object(Config\Cache), false)
#3 C:\xampp\htdocs\prive\public\index.php(44): CodeIgniter\CodeIgniter->run()
#4 C:\xampp\htdocs\prive\index.php(6): require_once('C:\\xampp\\htdocs...')
#5 {main}
CRITICAL - 2021-08-21 18:49:04 --> Cannot use object of type stdClass as array
#0 C:\xampp\htdocs\prive\system\CodeIgniter.php(936): App\Controllers\AjaxController->fetchCustomerProfile()
#1 C:\xampp\htdocs\prive\system\CodeIgniter.php(432): CodeIgniter\CodeIgniter->runController(Object(App\Controllers\AjaxController))
#2 C:\xampp\htdocs\prive\system\CodeIgniter.php(333): CodeIgniter\CodeIgniter->handleRequest(NULL, Object(Config\Cache), false)
#3 C:\xampp\htdocs\prive\public\index.php(44): CodeIgniter\CodeIgniter->run()
#4 C:\xampp\htdocs\prive\index.php(6): require_once('C:\\xampp\\htdocs...')
#5 {main}
CRITICAL - 2021-08-21 18:50:43 --> Cannot use object of type stdClass as array
#0 C:\xampp\htdocs\prive\system\CodeIgniter.php(936): App\Controllers\AjaxController->fetchCustomerProfile()
#1 C:\xampp\htdocs\prive\system\CodeIgniter.php(432): CodeIgniter\CodeIgniter->runController(Object(App\Controllers\AjaxController))
#2 C:\xampp\htdocs\prive\system\CodeIgniter.php(333): CodeIgniter\CodeIgniter->handleRequest(NULL, Object(Config\Cache), false)
#3 C:\xampp\htdocs\prive\public\index.php(44): CodeIgniter\CodeIgniter->run()
#4 C:\xampp\htdocs\prive\index.php(6): require_once('C:\\xampp\\htdocs...')
#5 {main}
CRITICAL - 2021-08-21 18:50:47 --> Cannot use object of type stdClass as array
#0 C:\xampp\htdocs\prive\system\CodeIgniter.php(936): App\Controllers\AjaxController->fetchCustomerProfile()
#1 C:\xampp\htdocs\prive\system\CodeIgniter.php(432): CodeIgniter\CodeIgniter->runController(Object(App\Controllers\AjaxController))
#2 C:\xampp\htdocs\prive\system\CodeIgniter.php(333): CodeIgniter\CodeIgniter->handleRequest(NULL, Object(Config\Cache), false)
#3 C:\xampp\htdocs\prive\public\index.php(44): CodeIgniter\CodeIgniter->run()
#4 C:\xampp\htdocs\prive\index.php(6): require_once('C:\\xampp\\htdocs...')
#5 {main}
CRITICAL - 2021-08-21 18:50:58 --> Cannot use object of type stdClass as array
#0 C:\xampp\htdocs\prive\system\CodeIgniter.php(936): App\Controllers\AjaxController->fetchCustomerProfile()
#1 C:\xampp\htdocs\prive\system\CodeIgniter.php(432): CodeIgniter\CodeIgniter->runController(Object(App\Controllers\AjaxController))
#2 C:\xampp\htdocs\prive\system\CodeIgniter.php(333): CodeIgniter\CodeIgniter->handleRequest(NULL, Object(Config\Cache), false)
#3 C:\xampp\htdocs\prive\public\index.php(44): CodeIgniter\CodeIgniter->run()
#4 C:\xampp\htdocs\prive\index.php(6): require_once('C:\\xampp\\htdocs...')
#5 {main}
CRITICAL - 2021-08-21 18:51:01 --> Cannot use object of type stdClass as array
#0 C:\xampp\htdocs\prive\system\CodeIgniter.php(936): App\Controllers\AjaxController->fetchCustomerProfile()
#1 C:\xampp\htdocs\prive\system\CodeIgniter.php(432): CodeIgniter\CodeIgniter->runController(Object(App\Controllers\AjaxController))
#2 C:\xampp\htdocs\prive\system\CodeIgniter.php(333): CodeIgniter\CodeIgniter->handleRequest(NULL, Object(Config\Cache), false)
#3 C:\xampp\htdocs\prive\public\index.php(44): CodeIgniter\CodeIgniter->run()
#4 C:\xampp\htdocs\prive\index.php(6): require_once('C:\\xampp\\htdocs...')
#5 {main}
CRITICAL - 2021-08-21 18:57:33 --> Cannot use object of type stdClass as array
#0 C:\xampp\htdocs\prive\system\CodeIgniter.php(936): App\Controllers\AjaxController->fetchCustomerProfile()
#1 C:\xampp\htdocs\prive\system\CodeIgniter.php(432): CodeIgniter\CodeIgniter->runController(Object(App\Controllers\AjaxController))
#2 C:\xampp\htdocs\prive\system\CodeIgniter.php(333): CodeIgniter\CodeIgniter->handleRequest(NULL, Object(Config\Cache), false)
#3 C:\xampp\htdocs\prive\public\index.php(44): CodeIgniter\CodeIgniter->run()
#4 C:\xampp\htdocs\prive\index.php(6): require_once('C:\\xampp\\htdocs...')
#5 {main}
CRITICAL - 2021-08-21 18:57:36 --> Cannot use object of type stdClass as array
#0 C:\xampp\htdocs\prive\system\CodeIgniter.php(936): App\Controllers\AjaxController->fetchCustomerProfile()
#1 C:\xampp\htdocs\prive\system\CodeIgniter.php(432): CodeIgniter\CodeIgniter->runController(Object(App\Controllers\AjaxController))
#2 C:\xampp\htdocs\prive\system\CodeIgniter.php(333): CodeIgniter\CodeIgniter->handleRequest(NULL, Object(Config\Cache), false)
#3 C:\xampp\htdocs\prive\public\index.php(44): CodeIgniter\CodeIgniter->run()
#4 C:\xampp\htdocs\prive\index.php(6): require_once('C:\\xampp\\htdocs...')
#5 {main}
CRITICAL - 2021-08-21 18:58:59 --> Use of undefined constant print_r - assumed 'print_r' (this will throw an Error in a future version of PHP)
#0 C:\xampp\htdocs\prive\app\Controllers\AjaxController.php(118): CodeIgniter\Debug\Exceptions->errorHandler(2, 'Use of undefine...', 'C:\\xampp\\htdocs...', 118, Array)
#1 C:\xampp\htdocs\prive\system\CodeIgniter.php(936): App\Controllers\AjaxController->fetchCustomerProfile()
#2 C:\xampp\htdocs\prive\system\CodeIgniter.php(432): CodeIgniter\CodeIgniter->runController(Object(App\Controllers\AjaxController))
#3 C:\xampp\htdocs\prive\system\CodeIgniter.php(333): CodeIgniter\CodeIgniter->handleRequest(NULL, Object(Config\Cache), false)
#4 C:\xampp\htdocs\prive\public\index.php(44): CodeIgniter\CodeIgniter->run()
#5 C:\xampp\htdocs\prive\index.php(6): require_once('C:\\xampp\\htdocs...')
#6 {main}
CRITICAL - 2021-08-21 18:59:00 --> Use of undefined constant print_r - assumed 'print_r' (this will throw an Error in a future version of PHP)
#0 C:\xampp\htdocs\prive\app\Controllers\AjaxController.php(118): CodeIgniter\Debug\Exceptions->errorHandler(2, 'Use of undefine...', 'C:\\xampp\\htdocs...', 118, Array)
#1 C:\xampp\htdocs\prive\system\CodeIgniter.php(936): App\Controllers\AjaxController->fetchCustomerProfile()
#2 C:\xampp\htdocs\prive\system\CodeIgniter.php(432): CodeIgniter\CodeIgniter->runController(Object(App\Controllers\AjaxController))
#3 C:\xampp\htdocs\prive\system\CodeIgniter.php(333): CodeIgniter\CodeIgniter->handleRequest(NULL, Object(Config\Cache), false)
#4 C:\xampp\htdocs\prive\public\index.php(44): CodeIgniter\CodeIgniter->run()
#5 C:\xampp\htdocs\prive\index.php(6): require_once('C:\\xampp\\htdocs...')
#6 {main}
CRITICAL - 2021-08-21 18:59:24 --> Use of undefined constant arObj - assumed 'arObj' (this will throw an Error in a future version of PHP)
#0 C:\xampp\htdocs\prive\app\Controllers\AjaxController.php(118): CodeIgniter\Debug\Exceptions->errorHandler(2, 'Use of undefine...', 'C:\\xampp\\htdocs...', 118, Array)
#1 C:\xampp\htdocs\prive\system\CodeIgniter.php(936): App\Controllers\AjaxController->fetchCustomerProfile()
#2 C:\xampp\htdocs\prive\system\CodeIgniter.php(432): CodeIgniter\CodeIgniter->runController(Object(App\Controllers\AjaxController))
#3 C:\xampp\htdocs\prive\system\CodeIgniter.php(333): CodeIgniter\CodeIgniter->handleRequest(NULL, Object(Config\Cache), false)
#4 C:\xampp\htdocs\prive\public\index.php(44): CodeIgniter\CodeIgniter->run()
#5 C:\xampp\htdocs\prive\index.php(6): require_once('C:\\xampp\\htdocs...')
#6 {main}
CRITICAL - 2021-08-21 18:59:40 --> Cannot use object of type stdClass as array
#0 C:\xampp\htdocs\prive\system\CodeIgniter.php(936): App\Controllers\AjaxController->fetchCustomerProfile()
#1 C:\xampp\htdocs\prive\system\CodeIgniter.php(432): CodeIgniter\CodeIgniter->runController(Object(App\Controllers\AjaxController))
#2 C:\xampp\htdocs\prive\system\CodeIgniter.php(333): CodeIgniter\CodeIgniter->handleRequest(NULL, Object(Config\Cache), false)
#3 C:\xampp\htdocs\prive\public\index.php(44): CodeIgniter\CodeIgniter->run()
#4 C:\xampp\htdocs\prive\index.php(6): require_once('C:\\xampp\\htdocs...')
#5 {main}
CRITICAL - 2021-08-21 18:59:54 --> Cannot use object of type stdClass as array
#0 C:\xampp\htdocs\prive\system\CodeIgniter.php(936): App\Controllers\AjaxController->fetchCustomerProfile()
#1 C:\xampp\htdocs\prive\system\CodeIgniter.php(432): CodeIgniter\CodeIgniter->runController(Object(App\Controllers\AjaxController))
#2 C:\xampp\htdocs\prive\system\CodeIgniter.php(333): CodeIgniter\CodeIgniter->handleRequest(NULL, Object(Config\Cache), false)
#3 C:\xampp\htdocs\prive\public\index.php(44): CodeIgniter\CodeIgniter->run()
#4 C:\xampp\htdocs\prive\index.php(6): require_once('C:\\xampp\\htdocs...')
#5 {main}
CRITICAL - 2021-08-21 20:22:10 --> Cannot use object of type stdClass as array
#0 C:\xampp\htdocs\prive\system\CodeIgniter.php(936): App\Controllers\Admin\Testing->cek()
#1 C:\xampp\htdocs\prive\system\CodeIgniter.php(432): CodeIgniter\CodeIgniter->runController(Object(App\Controllers\Admin\Testing))
#2 C:\xampp\htdocs\prive\system\CodeIgniter.php(333): CodeIgniter\CodeIgniter->handleRequest(NULL, Object(Config\Cache), false)
#3 C:\xampp\htdocs\prive\public\index.php(44): CodeIgniter\CodeIgniter->run()
#4 C:\xampp\htdocs\prive\index.php(6): require_once('C:\\xampp\\htdocs...')
#5 {main}
CRITICAL - 2021-08-21 20:27:31 --> Undefined variable: data
#0 C:\xampp\htdocs\prive\app\Controllers\Admin\Testing.php(72): CodeIgniter\Debug\Exceptions->errorHandler(8, 'Undefined varia...', 'C:\\xampp\\htdocs...', 72, Array)
#1 C:\xampp\htdocs\prive\system\CodeIgniter.php(936): App\Controllers\Admin\Testing->cek()
#2 C:\xampp\htdocs\prive\system\CodeIgniter.php(432): CodeIgniter\CodeIgniter->runController(Object(App\Controllers\Admin\Testing))
#3 C:\xampp\htdocs\prive\system\CodeIgniter.php(333): CodeIgniter\CodeIgniter->handleRequest(NULL, Object(Config\Cache), false)
#4 C:\xampp\htdocs\prive\public\index.php(44): CodeIgniter\CodeIgniter->run()
#5 C:\xampp\htdocs\prive\index.php(6): require_once('C:\\xampp\\htdocs...')
#6 {main}
CRITICAL - 2021-08-21 20:28:16 --> Trying to get property 'customer_id' of non-object
#0 C:\xampp\htdocs\prive\app\Controllers\Admin\Testing.php(72): CodeIgniter\Debug\Exceptions->errorHandler(8, 'Trying to get p...', 'C:\\xampp\\htdocs...', 72, Array)
#1 C:\xampp\htdocs\prive\system\CodeIgniter.php(936): App\Controllers\Admin\Testing->cek()
#2 C:\xampp\htdocs\prive\system\CodeIgniter.php(432): CodeIgniter\CodeIgniter->runController(Object(App\Controllers\Admin\Testing))
#3 C:\xampp\htdocs\prive\system\CodeIgniter.php(333): CodeIgniter\CodeIgniter->handleRequest(NULL, Object(Config\Cache), false)
#4 C:\xampp\htdocs\prive\public\index.php(44): CodeIgniter\CodeIgniter->run()
#5 C:\xampp\htdocs\prive\index.php(6): require_once('C:\\xampp\\htdocs...')
#6 {main}
CRITICAL - 2021-08-21 20:36:31 --> Trying to get property 'status' of non-object
#0 C:\xampp\htdocs\prive\app\Controllers\Admin\Testing.php(70): CodeIgniter\Debug\Exceptions->errorHandler(8, 'Trying to get p...', 'C:\\xampp\\htdocs...', 70, Array)
#1 C:\xampp\htdocs\prive\system\CodeIgniter.php(936): App\Controllers\Admin\Testing->cek()
#2 C:\xampp\htdocs\prive\system\CodeIgniter.php(432): CodeIgniter\CodeIgniter->runController(Object(App\Controllers\Admin\Testing))
#3 C:\xampp\htdocs\prive\system\CodeIgniter.php(333): CodeIgniter\CodeIgniter->handleRequest(NULL, Object(Config\Cache), false)
#4 C:\xampp\htdocs\prive\public\index.php(44): CodeIgniter\CodeIgniter->run()
#5 C:\xampp\htdocs\prive\index.php(6): require_once('C:\\xampp\\htdocs...')
#6 {main}
CRITICAL - 2021-08-21 20:37:38 --> Illegal string offset 'status'
#0 C:\xampp\htdocs\prive\app\Controllers\Admin\Testing.php(70): CodeIgniter\Debug\Exceptions->errorHandler(2, 'Illegal string ...', 'C:\\xampp\\htdocs...', 70, Array)
#1 C:\xampp\htdocs\prive\system\CodeIgniter.php(936): App\Controllers\Admin\Testing->cek()
#2 C:\xampp\htdocs\prive\system\CodeIgniter.php(432): CodeIgniter\CodeIgniter->runController(Object(App\Controllers\Admin\Testing))
#3 C:\xampp\htdocs\prive\system\CodeIgniter.php(333): CodeIgniter\CodeIgniter->handleRequest(NULL, Object(Config\Cache), false)
#4 C:\xampp\htdocs\prive\public\index.php(44): CodeIgniter\CodeIgniter->run()
#5 C:\xampp\htdocs\prive\index.php(6): require_once('C:\\xampp\\htdocs...')
#6 {main}
CRITICAL - 2021-08-21 20:39:33 --> Trying to get property 'status' of non-object
#0 C:\xampp\htdocs\prive\app\Controllers\Admin\Testing.php(69): CodeIgniter\Debug\Exceptions->errorHandler(8, 'Trying to get p...', 'C:\\xampp\\htdocs...', 69, Array)
#1 C:\xampp\htdocs\prive\system\CodeIgniter.php(936): App\Controllers\Admin\Testing->cek()
#2 C:\xampp\htdocs\prive\system\CodeIgniter.php(432): CodeIgniter\CodeIgniter->runController(Object(App\Controllers\Admin\Testing))
#3 C:\xampp\htdocs\prive\system\CodeIgniter.php(333): CodeIgniter\CodeIgniter->handleRequest(NULL, Object(Config\Cache), false)
#4 C:\xampp\htdocs\prive\public\index.php(44): CodeIgniter\CodeIgniter->run()
#5 C:\xampp\htdocs\prive\index.php(6): require_once('C:\\xampp\\htdocs...')
#6 {main}
CRITICAL - 2021-08-21 20:39:51 --> Illegal string offset 'status'
#0 C:\xampp\htdocs\prive\app\Controllers\Admin\Testing.php(69): CodeIgniter\Debug\Exceptions->errorHandler(2, 'Illegal string ...', 'C:\\xampp\\htdocs...', 69, Array)
#1 C:\xampp\htdocs\prive\system\CodeIgniter.php(936): App\Controllers\Admin\Testing->cek()
#2 C:\xampp\htdocs\prive\system\CodeIgniter.php(432): CodeIgniter\CodeIgniter->runController(Object(App\Controllers\Admin\Testing))
#3 C:\xampp\htdocs\prive\system\CodeIgniter.php(333): CodeIgniter\CodeIgniter->handleRequest(NULL, Object(Config\Cache), false)
#4 C:\xampp\htdocs\prive\public\index.php(44): CodeIgniter\CodeIgniter->run()
#5 C:\xampp\htdocs\prive\index.php(6): require_once('C:\\xampp\\htdocs...')
#6 {main}
CRITICAL - 2021-08-21 21:30:55 --> Invalid argument supplied for foreach()
#0 C:\xampp\htdocs\prive\app\Controllers\AjaxController.php(53): CodeIgniter\Debug\Exceptions->errorHandler(2, 'Invalid argumen...', 'C:\\xampp\\htdocs...', 53, Array)
#1 C:\xampp\htdocs\prive\system\CodeIgniter.php(936): App\Controllers\AjaxController->fetchSubDistrict()
#2 C:\xampp\htdocs\prive\system\CodeIgniter.php(432): CodeIgniter\CodeIgniter->runController(Object(App\Controllers\AjaxController))
#3 C:\xampp\htdocs\prive\system\CodeIgniter.php(333): CodeIgniter\CodeIgniter->handleRequest(NULL, Object(Config\Cache), false)
#4 C:\xampp\htdocs\prive\public\index.php(44): CodeIgniter\CodeIgniter->run()
#5 C:\xampp\htdocs\prive\index.php(6): require_once('C:\\xampp\\htdocs...')
#6 {main}
CRITICAL - 2021-08-21 21:31:26 --> Invalid argument supplied for foreach()
#0 C:\xampp\htdocs\prive\app\Controllers\AjaxController.php(53): CodeIgniter\Debug\Exceptions->errorHandler(2, 'Invalid argumen...', 'C:\\xampp\\htdocs...', 53, Array)
#1 C:\xampp\htdocs\prive\system\CodeIgniter.php(936): App\Controllers\AjaxController->fetchSubDistrict()
#2 C:\xampp\htdocs\prive\system\CodeIgniter.php(432): CodeIgniter\CodeIgniter->runController(Object(App\Controllers\AjaxController))
#3 C:\xampp\htdocs\prive\system\CodeIgniter.php(333): CodeIgniter\CodeIgniter->handleRequest(NULL, Object(Config\Cache), false)
#4 C:\xampp\htdocs\prive\public\index.php(44): CodeIgniter\CodeIgniter->run()
#5 C:\xampp\htdocs\prive\index.php(6): require_once('C:\\xampp\\htdocs...')
#6 {main}
CRITICAL - 2021-08-21 21:32:00 --> Invalid argument supplied for foreach()
#0 C:\xampp\htdocs\prive\app\Controllers\AjaxController.php(53): CodeIgniter\Debug\Exceptions->errorHandler(2, 'Invalid argumen...', 'C:\\xampp\\htdocs...', 53, Array)
#1 C:\xampp\htdocs\prive\system\CodeIgniter.php(936): App\Controllers\AjaxController->fetchSubDistrict()
#2 C:\xampp\htdocs\prive\system\CodeIgniter.php(432): CodeIgniter\CodeIgniter->runController(Object(App\Controllers\AjaxController))
#3 C:\xampp\htdocs\prive\system\CodeIgniter.php(333): CodeIgniter\CodeIgniter->handleRequest(NULL, Object(Config\Cache), false)
#4 C:\xampp\htdocs\prive\public\index.php(44): CodeIgniter\CodeIgniter->run()
#5 C:\xampp\htdocs\prive\index.php(6): require_once('C:\\xampp\\htdocs...')
#6 {main}
CRITICAL - 2021-08-21 21:33:54 --> Invalid argument supplied for foreach()
#0 C:\xampp\htdocs\prive\app\Controllers\AjaxController.php(53): CodeIgniter\Debug\Exceptions->errorHandler(2, 'Invalid argumen...', 'C:\\xampp\\htdocs...', 53, Array)
#1 C:\xampp\htdocs\prive\system\CodeIgniter.php(936): App\Controllers\AjaxController->fetchSubDistrict()
#2 C:\xampp\htdocs\prive\system\CodeIgniter.php(432): CodeIgniter\CodeIgniter->runController(Object(App\Controllers\AjaxController))
#3 C:\xampp\htdocs\prive\system\CodeIgniter.php(333): CodeIgniter\CodeIgniter->handleRequest(NULL, Object(Config\Cache), false)
#4 C:\xampp\htdocs\prive\public\index.php(44): CodeIgniter\CodeIgniter->run()
#5 C:\xampp\htdocs\prive\index.php(6): require_once('C:\\xampp\\htdocs...')
#6 {main}
CRITICAL - 2021-08-21 21:34:00 --> Invalid argument supplied for foreach()
#0 C:\xampp\htdocs\prive\app\Controllers\AjaxController.php(53): CodeIgniter\Debug\Exceptions->errorHandler(2, 'Invalid argumen...', 'C:\\xampp\\htdocs...', 53, Array)
#1 C:\xampp\htdocs\prive\system\CodeIgniter.php(936): App\Controllers\AjaxController->fetchSubDistrict()
#2 C:\xampp\htdocs\prive\system\CodeIgniter.php(432): CodeIgniter\CodeIgniter->runController(Object(App\Controllers\AjaxController))
#3 C:\xampp\htdocs\prive\system\CodeIgniter.php(333): CodeIgniter\CodeIgniter->handleRequest(NULL, Object(Config\Cache), false)
#4 C:\xampp\htdocs\prive\public\index.php(44): CodeIgniter\CodeIgniter->run()
#5 C:\xampp\htdocs\prive\index.php(6): require_once('C:\\xampp\\htdocs...')
#6 {main}
CRITICAL - 2021-08-21 21:36:51 --> Invalid argument supplied for foreach()
#0 C:\xampp\htdocs\prive\app\Controllers\AjaxController.php(53): CodeIgniter\Debug\Exceptions->errorHandler(2, 'Invalid argumen...', 'C:\\xampp\\htdocs...', 53, Array)
#1 C:\xampp\htdocs\prive\system\CodeIgniter.php(936): App\Controllers\AjaxController->fetchSubDistrict()
#2 C:\xampp\htdocs\prive\system\CodeIgniter.php(432): CodeIgniter\CodeIgniter->runController(Object(App\Controllers\AjaxController))
#3 C:\xampp\htdocs\prive\system\CodeIgniter.php(333): CodeIgniter\CodeIgniter->handleRequest(NULL, Object(Config\Cache), false)
#4 C:\xampp\htdocs\prive\public\index.php(44): CodeIgniter\CodeIgniter->run()
#5 C:\xampp\htdocs\prive\index.php(6): require_once('C:\\xampp\\htdocs...')
#6 {main}
CRITICAL - 2021-08-21 21:44:06 --> Invalid argument supplied for foreach()
#0 C:\xampp\htdocs\prive\app\Controllers\AjaxController.php(53): CodeIgniter\Debug\Exceptions->errorHandler(2, 'Invalid argumen...', 'C:\\xampp\\htdocs...', 53, Array)
#1 C:\xampp\htdocs\prive\system\CodeIgniter.php(936): App\Controllers\AjaxController->fetchSubDistrict()
#2 C:\xampp\htdocs\prive\system\CodeIgniter.php(432): CodeIgniter\CodeIgniter->runController(Object(App\Controllers\AjaxController))
#3 C:\xampp\htdocs\prive\system\CodeIgniter.php(333): CodeIgniter\CodeIgniter->handleRequest(NULL, Object(Config\Cache), false)
#4 C:\xampp\htdocs\prive\public\index.php(44): CodeIgniter\CodeIgniter->run()
#5 C:\xampp\htdocs\prive\index.php(6): require_once('C:\\xampp\\htdocs...')
#6 {main}
CRITICAL - 2021-08-21 21:44:17 --> Invalid argument supplied for foreach()
#0 C:\xampp\htdocs\prive\app\Controllers\AjaxController.php(53): CodeIgniter\Debug\Exceptions->errorHandler(2, 'Invalid argumen...', 'C:\\xampp\\htdocs...', 53, Array)
#1 C:\xampp\htdocs\prive\system\CodeIgniter.php(936): App\Controllers\AjaxController->fetchSubDistrict()
#2 C:\xampp\htdocs\prive\system\CodeIgniter.php(432): CodeIgniter\CodeIgniter->runController(Object(App\Controllers\AjaxController))
#3 C:\xampp\htdocs\prive\system\CodeIgniter.php(333): CodeIgniter\CodeIgniter->handleRequest(NULL, Object(Config\Cache), false)
#4 C:\xampp\htdocs\prive\public\index.php(44): CodeIgniter\CodeIgniter->run()
#5 C:\xampp\htdocs\prive\index.php(6): require_once('C:\\xampp\\htdocs...')
#6 {main}
CRITICAL - 2021-08-21 21:45:16 --> Invalid argument supplied for foreach()
#0 C:\xampp\htdocs\prive\app\Controllers\AjaxController.php(53): CodeIgniter\Debug\Exceptions->errorHandler(2, 'Invalid argumen...', 'C:\\xampp\\htdocs...', 53, Array)
#1 C:\xampp\htdocs\prive\system\CodeIgniter.php(936): App\Controllers\AjaxController->fetchSubDistrict()
#2 C:\xampp\htdocs\prive\system\CodeIgniter.php(432): CodeIgniter\CodeIgniter->runController(Object(App\Controllers\AjaxController))
#3 C:\xampp\htdocs\prive\system\CodeIgniter.php(333): CodeIgniter\CodeIgniter->handleRequest(NULL, Object(Config\Cache), false)
#4 C:\xampp\htdocs\prive\public\index.php(44): CodeIgniter\CodeIgniter->run()
#5 C:\xampp\htdocs\prive\index.php(6): require_once('C:\\xampp\\htdocs...')
#6 {main}
CRITICAL - 2021-08-21 21:57:02 --> Invalid argument supplied for foreach()
#0 C:\xampp\htdocs\prive\app\Controllers\AjaxController.php(53): CodeIgniter\Debug\Exceptions->errorHandler(2, 'Invalid argumen...', 'C:\\xampp\\htdocs...', 53, Array)
#1 C:\xampp\htdocs\prive\system\CodeIgniter.php(936): App\Controllers\AjaxController->fetchSubDistrict()
#2 C:\xampp\htdocs\prive\system\CodeIgniter.php(432): CodeIgniter\CodeIgniter->runController(Object(App\Controllers\AjaxController))
#3 C:\xampp\htdocs\prive\system\CodeIgniter.php(333): CodeIgniter\CodeIgniter->handleRequest(NULL, Object(Config\Cache), false)
#4 C:\xampp\htdocs\prive\public\index.php(44): CodeIgniter\CodeIgniter->run()
#5 C:\xampp\htdocs\prive\index.php(6): require_once('C:\\xampp\\htdocs...')
#6 {main}
CRITICAL - 2021-08-21 21:58:09 --> Invalid argument supplied for foreach()
#0 C:\xampp\htdocs\prive\app\Controllers\AjaxController.php(40): CodeIgniter\Debug\Exceptions->errorHandler(2, 'Invalid argumen...', 'C:\\xampp\\htdocs...', 40, Array)
#1 C:\xampp\htdocs\prive\system\CodeIgniter.php(936): App\Controllers\AjaxController->fetchDistrict()
#2 C:\xampp\htdocs\prive\system\CodeIgniter.php(432): CodeIgniter\CodeIgniter->runController(Object(App\Controllers\AjaxController))
#3 C:\xampp\htdocs\prive\system\CodeIgniter.php(333): CodeIgniter\CodeIgniter->handleRequest(NULL, Object(Config\Cache), false)
#4 C:\xampp\htdocs\prive\public\index.php(44): CodeIgniter\CodeIgniter->run()
#5 C:\xampp\htdocs\prive\index.php(6): require_once('C:\\xampp\\htdocs...')
#6 {main}
CRITICAL - 2021-08-21 21:59:58 --> Invalid argument supplied for foreach()
#0 C:\xampp\htdocs\prive\app\Controllers\AjaxController.php(53): CodeIgniter\Debug\Exceptions->errorHandler(2, 'Invalid argumen...', 'C:\\xampp\\htdocs...', 53, Array)
#1 C:\xampp\htdocs\prive\system\CodeIgniter.php(936): App\Controllers\AjaxController->fetchSubDistrict()
#2 C:\xampp\htdocs\prive\system\CodeIgniter.php(432): CodeIgniter\CodeIgniter->runController(Object(App\Controllers\AjaxController))
#3 C:\xampp\htdocs\prive\system\CodeIgniter.php(333): CodeIgniter\CodeIgniter->handleRequest(NULL, Object(Config\Cache), false)
#4 C:\xampp\htdocs\prive\public\index.php(44): CodeIgniter\CodeIgniter->run()
#5 C:\xampp\htdocs\prive\index.php(6): require_once('C:\\xampp\\htdocs...')
#6 {main}
CRITICAL - 2021-08-21 22:12:57 --> Invalid argument supplied for foreach()
#0 C:\xampp\htdocs\prive\app\Controllers\AjaxController.php(40): CodeIgniter\Debug\Exceptions->errorHandler(2, 'Invalid argumen...', 'C:\\xampp\\htdocs...', 40, Array)
#1 C:\xampp\htdocs\prive\system\CodeIgniter.php(936): App\Controllers\AjaxController->fetchDistrict()
#2 C:\xampp\htdocs\prive\system\CodeIgniter.php(432): CodeIgniter\CodeIgniter->runController(Object(App\Controllers\AjaxController))
#3 C:\xampp\htdocs\prive\system\CodeIgniter.php(333): CodeIgniter\CodeIgniter->handleRequest(NULL, Object(Config\Cache), false)
#4 C:\xampp\htdocs\prive\public\index.php(44): CodeIgniter\CodeIgniter->run()
#5 C:\xampp\htdocs\prive\index.php(6): require_once('C:\\xampp\\htdocs...')
#6 {main}
CRITICAL - 2021-08-21 22:14:59 --> Invalid argument supplied for foreach()
#0 C:\xampp\htdocs\prive\app\Controllers\AjaxController.php(40): CodeIgniter\Debug\Exceptions->errorHandler(2, 'Invalid argumen...', 'C:\\xampp\\htdocs...', 40, Array)
#1 C:\xampp\htdocs\prive\system\CodeIgniter.php(936): App\Controllers\AjaxController->fetchDistrict()
#2 C:\xampp\htdocs\prive\system\CodeIgniter.php(432): CodeIgniter\CodeIgniter->runController(Object(App\Controllers\AjaxController))
#3 C:\xampp\htdocs\prive\system\CodeIgniter.php(333): CodeIgniter\CodeIgniter->handleRequest(NULL, Object(Config\Cache), false)
#4 C:\xampp\htdocs\prive\public\index.php(44): CodeIgniter\CodeIgniter->run()
#5 C:\xampp\htdocs\prive\index.php(6): require_once('C:\\xampp\\htdocs...')
#6 {main}
CRITICAL - 2021-08-21 22:17:22 --> Invalid argument supplied for foreach()
#0 C:\xampp\htdocs\prive\app\Controllers\AjaxController.php(40): CodeIgniter\Debug\Exceptions->errorHandler(2, 'Invalid argumen...', 'C:\\xampp\\htdocs...', 40, Array)
#1 C:\xampp\htdocs\prive\system\CodeIgniter.php(936): App\Controllers\AjaxController->fetchDistrict()
#2 C:\xampp\htdocs\prive\system\CodeIgniter.php(432): CodeIgniter\CodeIgniter->runController(Object(App\Controllers\AjaxController))
#3 C:\xampp\htdocs\prive\system\CodeIgniter.php(333): CodeIgniter\CodeIgniter->handleRequest(NULL, Object(Config\Cache), false)
#4 C:\xampp\htdocs\prive\public\index.php(44): CodeIgniter\CodeIgniter->run()
#5 C:\xampp\htdocs\prive\index.php(6): require_once('C:\\xampp\\htdocs...')
#6 {main}
CRITICAL - 2021-08-21 22:17:24 --> Invalid argument supplied for foreach()
#0 C:\xampp\htdocs\prive\app\Controllers\AjaxController.php(40): CodeIgniter\Debug\Exceptions->errorHandler(2, 'Invalid argumen...', 'C:\\xampp\\htdocs...', 40, Array)
#1 C:\xampp\htdocs\prive\system\CodeIgniter.php(936): App\Controllers\AjaxController->fetchDistrict()
#2 C:\xampp\htdocs\prive\system\CodeIgniter.php(432): CodeIgniter\CodeIgniter->runController(Object(App\Controllers\AjaxController))
#3 C:\xampp\htdocs\prive\system\CodeIgniter.php(333): CodeIgniter\CodeIgniter->handleRequest(NULL, Object(Config\Cache), false)
#4 C:\xampp\htdocs\prive\public\index.php(44): CodeIgniter\CodeIgniter->run()
#5 C:\xampp\htdocs\prive\index.php(6): require_once('C:\\xampp\\htdocs...')
#6 {main}
CRITICAL - 2021-08-21 22:17:26 --> Invalid argument supplied for foreach()
#0 C:\xampp\htdocs\prive\app\Controllers\AjaxController.php(40): CodeIgniter\Debug\Exceptions->errorHandler(2, 'Invalid argumen...', 'C:\\xampp\\htdocs...', 40, Array)
#1 C:\xampp\htdocs\prive\system\CodeIgniter.php(936): App\Controllers\AjaxController->fetchDistrict()
#2 C:\xampp\htdocs\prive\system\CodeIgniter.php(432): CodeIgniter\CodeIgniter->runController(Object(App\Controllers\AjaxController))
#3 C:\xampp\htdocs\prive\system\CodeIgniter.php(333): CodeIgniter\CodeIgniter->handleRequest(NULL, Object(Config\Cache), false)
#4 C:\xampp\htdocs\prive\public\index.php(44): CodeIgniter\CodeIgniter->run()
#5 C:\xampp\htdocs\prive\index.php(6): require_once('C:\\xampp\\htdocs...')
#6 {main}
