CRITICAL - 2021-08-20 08:47:30 --> Argument 3 passed to view() must be of the type array, bool given, called in C:\xampp\htdocs\prive\app\Controllers\Admin\Kirim_email.php on line 45
#0 C:\xampp\htdocs\prive\app\Controllers\Admin\Kirim_email.php(45): view('email/voucher', Array, true)
#1 C:\xampp\htdocs\prive\system\CodeIgniter.php(936): App\Controllers\Admin\Kirim_email->send()
#2 C:\xampp\htdocs\prive\system\CodeIgniter.php(432): CodeIgniter\CodeIgniter->runController(Object(App\Controllers\Admin\Kirim_email))
#3 C:\xampp\htdocs\prive\system\CodeIgniter.php(333): CodeIgniter\CodeIgniter->handleRequest(NULL, Object(Config\Cache), false)
#4 C:\xampp\htdocs\prive\public\index.php(44): CodeIgniter\CodeIgniter->run()
#5 C:\xampp\htdocs\prive\index.php(6): require_once('C:\\xampp\\htdocs...')
#6 {main}
CRITICAL - 2021-08-20 08:49:30 --> Undefined property: App\Controllers\Admin\Kirim_email::$load
#0 C:\xampp\htdocs\prive\app\Controllers\Admin\Kirim_email.php(45): CodeIgniter\Debug\Exceptions->errorHandler(8, 'Undefined prope...', 'C:\\xampp\\htdocs...', 45, Array)
#1 C:\xampp\htdocs\prive\system\CodeIgniter.php(936): App\Controllers\Admin\Kirim_email->send()
#2 C:\xampp\htdocs\prive\system\CodeIgniter.php(432): CodeIgniter\CodeIgniter->runController(Object(App\Controllers\Admin\Kirim_email))
#3 C:\xampp\htdocs\prive\system\CodeIgniter.php(333): CodeIgniter\CodeIgniter->handleRequest(NULL, Object(Config\Cache), false)
#4 C:\xampp\htdocs\prive\public\index.php(44): CodeIgniter\CodeIgniter->run()
#5 C:\xampp\htdocs\prive\index.php(6): require_once('C:\\xampp\\htdocs...')
#6 {main}
CRITICAL - 2021-08-20 08:50:46 --> Trying to get property 'mail' of non-object
#0 C:\xampp\htdocs\prive\app\Controllers\Admin\Kirim_email.php(45): CodeIgniter\Debug\Exceptions->errorHandler(8, 'Trying to get p...', 'C:\\xampp\\htdocs...', 45, Array)
#1 C:\xampp\htdocs\prive\system\CodeIgniter.php(936): App\Controllers\Admin\Kirim_email->send()
#2 C:\xampp\htdocs\prive\system\CodeIgniter.php(432): CodeIgniter\CodeIgniter->runController(Object(App\Controllers\Admin\Kirim_email))
#3 C:\xampp\htdocs\prive\system\CodeIgniter.php(333): CodeIgniter\CodeIgniter->handleRequest(NULL, Object(Config\Cache), false)
#4 C:\xampp\htdocs\prive\public\index.php(44): CodeIgniter\CodeIgniter->run()
#5 C:\xampp\htdocs\prive\index.php(6): require_once('C:\\xampp\\htdocs...')
#6 {main}
CRITICAL - 2021-08-20 08:51:30 --> Trying to get property 'mail' of non-object
#0 C:\xampp\htdocs\prive\app\Controllers\Admin\Kirim_email.php(45): CodeIgniter\Debug\Exceptions->errorHandler(8, 'Trying to get p...', 'C:\\xampp\\htdocs...', 45, Array)
#1 C:\xampp\htdocs\prive\system\CodeIgniter.php(936): App\Controllers\Admin\Kirim_email->send()
#2 C:\xampp\htdocs\prive\system\CodeIgniter.php(432): CodeIgniter\CodeIgniter->runController(Object(App\Controllers\Admin\Kirim_email))
#3 C:\xampp\htdocs\prive\system\CodeIgniter.php(333): CodeIgniter\CodeIgniter->handleRequest(NULL, Object(Config\Cache), false)
#4 C:\xampp\htdocs\prive\public\index.php(44): CodeIgniter\CodeIgniter->run()
#5 C:\xampp\htdocs\prive\index.php(6): require_once('C:\\xampp\\htdocs...')
#6 {main}
CRITICAL - 2021-08-20 08:51:40 --> Trying to get property 'mail' of non-object
#0 C:\xampp\htdocs\prive\app\Controllers\Admin\Kirim_email.php(45): CodeIgniter\Debug\Exceptions->errorHandler(8, 'Trying to get p...', 'C:\\xampp\\htdocs...', 45, Array)
#1 C:\xampp\htdocs\prive\system\CodeIgniter.php(936): App\Controllers\Admin\Kirim_email->send()
#2 C:\xampp\htdocs\prive\system\CodeIgniter.php(432): CodeIgniter\CodeIgniter->runController(Object(App\Controllers\Admin\Kirim_email))
#3 C:\xampp\htdocs\prive\system\CodeIgniter.php(333): CodeIgniter\CodeIgniter->handleRequest(NULL, Object(Config\Cache), false)
#4 C:\xampp\htdocs\prive\public\index.php(44): CodeIgniter\CodeIgniter->run()
#5 C:\xampp\htdocs\prive\index.php(6): require_once('C:\\xampp\\htdocs...')
#6 {main}
CRITICAL - 2021-08-20 08:55:42 --> Call to undefined method PHPMailer\PHPMailer\PHPMailer::setMessage()
#0 C:\xampp\htdocs\prive\system\CodeIgniter.php(936): App\Controllers\Admin\Kirim_email->send()
#1 C:\xampp\htdocs\prive\system\CodeIgniter.php(432): CodeIgniter\CodeIgniter->runController(Object(App\Controllers\Admin\Kirim_email))
#2 C:\xampp\htdocs\prive\system\CodeIgniter.php(333): CodeIgniter\CodeIgniter->handleRequest(NULL, Object(Config\Cache), false)
#3 C:\xampp\htdocs\prive\public\index.php(44): CodeIgniter\CodeIgniter->run()
#4 C:\xampp\htdocs\prive\index.php(6): require_once('C:\\xampp\\htdocs...')
#5 {main}
CRITICAL - 2021-08-20 10:33:56 --> syntax error, unexpected 'echo' (T_ECHO)
#0 C:\xampp\htdocs\prive\system\Autoloader\Autoloader.php(265): CodeIgniter\Autoloader\Autoloader->includeFile('C:\\xampp\\htdocs...')
#1 C:\xampp\htdocs\prive\system\Autoloader\Autoloader.php(228): CodeIgniter\Autoloader\Autoloader->loadInNamespace('App\\Controllers...')
#2 [internal function]: CodeIgniter\Autoloader\Autoloader->loadClass('App\\Controllers...')
#3 [internal function]: spl_autoload_call('App\\Controllers...')
#4 C:\xampp\htdocs\prive\system\CodeIgniter.php(893): class_exists('\\App\\Controller...', true)
#5 C:\xampp\htdocs\prive\system\CodeIgniter.php(417): CodeIgniter\CodeIgniter->startController()
#6 C:\xampp\htdocs\prive\system\CodeIgniter.php(333): CodeIgniter\CodeIgniter->handleRequest(NULL, Object(Config\Cache), false)
#7 C:\xampp\htdocs\prive\public\index.php(44): CodeIgniter\CodeIgniter->run()
#8 C:\xampp\htdocs\prive\index.php(6): require_once('C:\\xampp\\htdocs...')
#9 {main}
CRITICAL - 2021-08-20 10:34:20 --> Call to undefined function App\Controllers\Admin\url()
#0 C:\xampp\htdocs\prive\system\CodeIgniter.php(936): App\Controllers\Admin\Kirim_email->send()
#1 C:\xampp\htdocs\prive\system\CodeIgniter.php(432): CodeIgniter\CodeIgniter->runController(Object(App\Controllers\Admin\Kirim_email))
#2 C:\xampp\htdocs\prive\system\CodeIgniter.php(333): CodeIgniter\CodeIgniter->handleRequest(NULL, Object(Config\Cache), false)
#3 C:\xampp\htdocs\prive\public\index.php(44): CodeIgniter\CodeIgniter->run()
#4 C:\xampp\htdocs\prive\index.php(6): require_once('C:\\xampp\\htdocs...')
#5 {main}
CRITICAL - 2021-08-20 10:34:33 --> Undefined variable: mail
#0 C:\xampp\htdocs\prive\app\Controllers\Admin\Kirim_email.php(60): CodeIgniter\Debug\Exceptions->errorHandler(8, 'Undefined varia...', 'C:\\xampp\\htdocs...', 60, Array)
#1 C:\xampp\htdocs\prive\system\CodeIgniter.php(936): App\Controllers\Admin\Kirim_email->send()
#2 C:\xampp\htdocs\prive\system\CodeIgniter.php(432): CodeIgniter\CodeIgniter->runController(Object(App\Controllers\Admin\Kirim_email))
#3 C:\xampp\htdocs\prive\system\CodeIgniter.php(333): CodeIgniter\CodeIgniter->handleRequest(NULL, Object(Config\Cache), false)
#4 C:\xampp\htdocs\prive\public\index.php(44): CodeIgniter\CodeIgniter->run()
#5 C:\xampp\htdocs\prive\index.php(6): require_once('C:\\xampp\\htdocs...')
#6 {main}
CRITICAL - 2021-08-20 10:36:33 --> syntax error, unexpected ','
#0 C:\xampp\htdocs\prive\system\Autoloader\Autoloader.php(265): CodeIgniter\Autoloader\Autoloader->includeFile('C:\\xampp\\htdocs...')
#1 C:\xampp\htdocs\prive\system\Autoloader\Autoloader.php(228): CodeIgniter\Autoloader\Autoloader->loadInNamespace('App\\Controllers...')
#2 [internal function]: CodeIgniter\Autoloader\Autoloader->loadClass('App\\Controllers...')
#3 [internal function]: spl_autoload_call('App\\Controllers...')
#4 C:\xampp\htdocs\prive\system\CodeIgniter.php(893): class_exists('\\App\\Controller...', true)
#5 C:\xampp\htdocs\prive\system\CodeIgniter.php(417): CodeIgniter\CodeIgniter->startController()
#6 C:\xampp\htdocs\prive\system\CodeIgniter.php(333): CodeIgniter\CodeIgniter->handleRequest(NULL, Object(Config\Cache), false)
#7 C:\xampp\htdocs\prive\public\index.php(44): CodeIgniter\CodeIgniter->run()
#8 C:\xampp\htdocs\prive\index.php(6): require_once('C:\\xampp\\htdocs...')
#9 {main}
CRITICAL - 2021-08-20 14:37:03 --> Class 'App\Models\Kategori_galeri_model' not found
#0 C:\xampp\htdocs\prive\system\CodeIgniter.php(936): App\Controllers\Admin\Galeri->index()
#1 C:\xampp\htdocs\prive\system\CodeIgniter.php(432): CodeIgniter\CodeIgniter->runController(Object(App\Controllers\Admin\Galeri))
#2 C:\xampp\htdocs\prive\system\CodeIgniter.php(333): CodeIgniter\CodeIgniter->handleRequest(NULL, Object(Config\Cache), false)
#3 C:\xampp\htdocs\prive\public\index.php(44): CodeIgniter\CodeIgniter->run()
#4 C:\xampp\htdocs\prive\index.php(6): require_once('C:\\xampp\\htdocs...')
#5 {main}
ERROR - 2021-08-20 14:41:11 --> mysqli_sql_exception: Table 'modena_prive.client' doesn't exist in C:\xampp\htdocs\prive\system\Database\MySQLi\Connection.php:314
Stack trace:
#0 C:\xampp\htdocs\prive\system\Database\MySQLi\Connection.php(314): mysqli->query('SELECT *\nFROM `...')
#1 C:\xampp\htdocs\prive\system\Database\BaseConnection.php(713): CodeIgniter\Database\MySQLi\Connection->execute('SELECT *\nFROM `...')
#2 C:\xampp\htdocs\prive\system\Database\BaseConnection.php(641): CodeIgniter\Database\BaseConnection->simpleQuery('SELECT *\nFROM `...')
#3 C:\xampp\htdocs\prive\system\Database\BaseBuilder.php(1866): CodeIgniter\Database\BaseConnection->query('SELECT *\nFROM `...', Array, false)
#4 C:\xampp\htdocs\prive\app\Models\Dasbor_model.php(29): CodeIgniter\Database\BaseBuilder->get()
#5 C:\xampp\htdocs\prive\app\Views\admin\dasbor\index.php(21): App\Models\Dasbor_model->client()
#6 C:\xampp\htdocs\prive\system\View\View.php(220): include('C:\\xampp\\htdocs...')
#7 C:\xampp\htdocs\prive\system\View\View.php(222): CodeIgniter\View\View->CodeIgniter\View\{closure}()
#8 C:\xampp\htdocs\prive\system\Common.php(1217): CodeIgniter\View\View->render('admin/dasbor/in...', Array, true)
#9 C:\xampp\htdocs\prive\app\Views\admin\layout\content.php(4): view('admin/dasbor/in...')
#10 C:\xampp\htdocs\prive\app\Views\admin\layout\wrapper.php(11): require_once('C:\\xampp\\htdocs...')
#11 C:\xampp\htdocs\prive\system\View\View.php(220): include('C:\\xampp\\htdocs...')
#12 C:\xampp\htdocs\prive\system\View\View.php(222): CodeIgniter\View\View->CodeIgniter\View\{closure}()
#13 C:\xampp\htdocs\prive\system\Common.php(1217): CodeIgniter\View\View->render('admin/layout/wr...', Array, true)
#14 C:\xampp\htdocs\prive\app\Controllers\Admin\Dasbor.php(15): view('admin/layout/wr...', Array)
#15 C:\xampp\htdocs\prive\system\CodeIgniter.php(936): App\Controllers\Admin\Dasbor->index()
#16 C:\xampp\htdocs\prive\system\CodeIgniter.php(432): CodeIgniter\CodeIgniter->runController(Object(App\Controllers\Admin\Dasbor))
#17 C:\xampp\htdocs\prive\system\CodeIgniter.php(333): CodeIgniter\CodeIgniter->handleRequest(NULL, Object(Config\Cache), false)
#18 C:\xampp\htdocs\prive\public\index.php(44): CodeIgniter\CodeIgniter->run()
#19 C:\xampp\htdocs\prive\index.php(6): require_once('C:\\xampp\\htdocs...')
#20 {main}
CRITICAL - 2021-08-20 14:41:11 --> Table 'modena_prive.client' doesn't exist
#0 C:\xampp\htdocs\prive\system\Database\MySQLi\Connection.php(314): mysqli->query('SELECT *\nFROM `...')
#1 C:\xampp\htdocs\prive\system\Database\BaseConnection.php(713): CodeIgniter\Database\MySQLi\Connection->execute('SELECT *\nFROM `...')
#2 C:\xampp\htdocs\prive\system\Database\BaseConnection.php(641): CodeIgniter\Database\BaseConnection->simpleQuery('SELECT *\nFROM `...')
#3 C:\xampp\htdocs\prive\system\Database\BaseBuilder.php(1866): CodeIgniter\Database\BaseConnection->query('SELECT *\nFROM `...', Array, false)
#4 C:\xampp\htdocs\prive\app\Models\Dasbor_model.php(29): CodeIgniter\Database\BaseBuilder->get()
#5 C:\xampp\htdocs\prive\app\Views\admin\dasbor\index.php(21): App\Models\Dasbor_model->client()
#6 C:\xampp\htdocs\prive\system\View\View.php(220): include('C:\\xampp\\htdocs...')
#7 C:\xampp\htdocs\prive\system\View\View.php(222): CodeIgniter\View\View->CodeIgniter\View\{closure}()
#8 C:\xampp\htdocs\prive\system\Common.php(1217): CodeIgniter\View\View->render('admin/dasbor/in...', Array, true)
#9 C:\xampp\htdocs\prive\app\Views\admin\layout\content.php(4): view('admin/dasbor/in...')
#10 C:\xampp\htdocs\prive\app\Views\admin\layout\wrapper.php(11): require_once('C:\\xampp\\htdocs...')
#11 C:\xampp\htdocs\prive\system\View\View.php(220): include('C:\\xampp\\htdocs...')
#12 C:\xampp\htdocs\prive\system\View\View.php(222): CodeIgniter\View\View->CodeIgniter\View\{closure}()
#13 C:\xampp\htdocs\prive\system\Common.php(1217): CodeIgniter\View\View->render('admin/layout/wr...', Array, true)
#14 C:\xampp\htdocs\prive\app\Controllers\Admin\Dasbor.php(15): view('admin/layout/wr...', Array)
#15 C:\xampp\htdocs\prive\system\CodeIgniter.php(936): App\Controllers\Admin\Dasbor->index()
#16 C:\xampp\htdocs\prive\system\CodeIgniter.php(432): CodeIgniter\CodeIgniter->runController(Object(App\Controllers\Admin\Dasbor))
#17 C:\xampp\htdocs\prive\system\CodeIgniter.php(333): CodeIgniter\CodeIgniter->handleRequest(NULL, Object(Config\Cache), false)
#18 C:\xampp\htdocs\prive\public\index.php(44): CodeIgniter\CodeIgniter->run()
#19 C:\xampp\htdocs\prive\index.php(6): require_once('C:\\xampp\\htdocs...')
#20 {main}
ERROR - 2021-08-20 14:41:15 --> mysqli_sql_exception: Table 'modena_prive.client' doesn't exist in C:\xampp\htdocs\prive\system\Database\MySQLi\Connection.php:314
Stack trace:
#0 C:\xampp\htdocs\prive\system\Database\MySQLi\Connection.php(314): mysqli->query('SELECT *\nFROM `...')
#1 C:\xampp\htdocs\prive\system\Database\BaseConnection.php(713): CodeIgniter\Database\MySQLi\Connection->execute('SELECT *\nFROM `...')
#2 C:\xampp\htdocs\prive\system\Database\BaseConnection.php(641): CodeIgniter\Database\BaseConnection->simpleQuery('SELECT *\nFROM `...')
#3 C:\xampp\htdocs\prive\system\Database\BaseBuilder.php(1866): CodeIgniter\Database\BaseConnection->query('SELECT *\nFROM `...', Array, false)
#4 C:\xampp\htdocs\prive\app\Models\Dasbor_model.php(29): CodeIgniter\Database\BaseBuilder->get()
#5 C:\xampp\htdocs\prive\app\Views\admin\dasbor\index.php(21): App\Models\Dasbor_model->client()
#6 C:\xampp\htdocs\prive\system\View\View.php(220): include('C:\\xampp\\htdocs...')
#7 C:\xampp\htdocs\prive\system\View\View.php(222): CodeIgniter\View\View->CodeIgniter\View\{closure}()
#8 C:\xampp\htdocs\prive\system\Common.php(1217): CodeIgniter\View\View->render('admin/dasbor/in...', Array, true)
#9 C:\xampp\htdocs\prive\app\Views\admin\layout\content.php(4): view('admin/dasbor/in...')
#10 C:\xampp\htdocs\prive\app\Views\admin\layout\wrapper.php(11): require_once('C:\\xampp\\htdocs...')
#11 C:\xampp\htdocs\prive\system\View\View.php(220): include('C:\\xampp\\htdocs...')
#12 C:\xampp\htdocs\prive\system\View\View.php(222): CodeIgniter\View\View->CodeIgniter\View\{closure}()
#13 C:\xampp\htdocs\prive\system\Common.php(1217): CodeIgniter\View\View->render('admin/layout/wr...', Array, true)
#14 C:\xampp\htdocs\prive\app\Controllers\Admin\Dasbor.php(15): view('admin/layout/wr...', Array)
#15 C:\xampp\htdocs\prive\system\CodeIgniter.php(936): App\Controllers\Admin\Dasbor->index()
#16 C:\xampp\htdocs\prive\system\CodeIgniter.php(432): CodeIgniter\CodeIgniter->runController(Object(App\Controllers\Admin\Dasbor))
#17 C:\xampp\htdocs\prive\system\CodeIgniter.php(333): CodeIgniter\CodeIgniter->handleRequest(NULL, Object(Config\Cache), false)
#18 C:\xampp\htdocs\prive\public\index.php(44): CodeIgniter\CodeIgniter->run()
#19 C:\xampp\htdocs\prive\index.php(6): require_once('C:\\xampp\\htdocs...')
#20 {main}
CRITICAL - 2021-08-20 14:41:15 --> Table 'modena_prive.client' doesn't exist
#0 C:\xampp\htdocs\prive\system\Database\MySQLi\Connection.php(314): mysqli->query('SELECT *\nFROM `...')
#1 C:\xampp\htdocs\prive\system\Database\BaseConnection.php(713): CodeIgniter\Database\MySQLi\Connection->execute('SELECT *\nFROM `...')
#2 C:\xampp\htdocs\prive\system\Database\BaseConnection.php(641): CodeIgniter\Database\BaseConnection->simpleQuery('SELECT *\nFROM `...')
#3 C:\xampp\htdocs\prive\system\Database\BaseBuilder.php(1866): CodeIgniter\Database\BaseConnection->query('SELECT *\nFROM `...', Array, false)
#4 C:\xampp\htdocs\prive\app\Models\Dasbor_model.php(29): CodeIgniter\Database\BaseBuilder->get()
#5 C:\xampp\htdocs\prive\app\Views\admin\dasbor\index.php(21): App\Models\Dasbor_model->client()
#6 C:\xampp\htdocs\prive\system\View\View.php(220): include('C:\\xampp\\htdocs...')
#7 C:\xampp\htdocs\prive\system\View\View.php(222): CodeIgniter\View\View->CodeIgniter\View\{closure}()
#8 C:\xampp\htdocs\prive\system\Common.php(1217): CodeIgniter\View\View->render('admin/dasbor/in...', Array, true)
#9 C:\xampp\htdocs\prive\app\Views\admin\layout\content.php(4): view('admin/dasbor/in...')
#10 C:\xampp\htdocs\prive\app\Views\admin\layout\wrapper.php(11): require_once('C:\\xampp\\htdocs...')
#11 C:\xampp\htdocs\prive\system\View\View.php(220): include('C:\\xampp\\htdocs...')
#12 C:\xampp\htdocs\prive\system\View\View.php(222): CodeIgniter\View\View->CodeIgniter\View\{closure}()
#13 C:\xampp\htdocs\prive\system\Common.php(1217): CodeIgniter\View\View->render('admin/layout/wr...', Array, true)
#14 C:\xampp\htdocs\prive\app\Controllers\Admin\Dasbor.php(15): view('admin/layout/wr...', Array)
#15 C:\xampp\htdocs\prive\system\CodeIgniter.php(936): App\Controllers\Admin\Dasbor->index()
#16 C:\xampp\htdocs\prive\system\CodeIgniter.php(432): CodeIgniter\CodeIgniter->runController(Object(App\Controllers\Admin\Dasbor))
#17 C:\xampp\htdocs\prive\system\CodeIgniter.php(333): CodeIgniter\CodeIgniter->handleRequest(NULL, Object(Config\Cache), false)
#18 C:\xampp\htdocs\prive\public\index.php(44): CodeIgniter\CodeIgniter->run()
#19 C:\xampp\htdocs\prive\index.php(6): require_once('C:\\xampp\\htdocs...')
#20 {main}
ERROR - 2021-08-20 14:41:29 --> mysqli_sql_exception: Table 'modena_prive.client' doesn't exist in C:\xampp\htdocs\prive\system\Database\MySQLi\Connection.php:314
Stack trace:
#0 C:\xampp\htdocs\prive\system\Database\MySQLi\Connection.php(314): mysqli->query('SELECT *\nFROM `...')
#1 C:\xampp\htdocs\prive\system\Database\BaseConnection.php(713): CodeIgniter\Database\MySQLi\Connection->execute('SELECT *\nFROM `...')
#2 C:\xampp\htdocs\prive\system\Database\BaseConnection.php(641): CodeIgniter\Database\BaseConnection->simpleQuery('SELECT *\nFROM `...')
#3 C:\xampp\htdocs\prive\system\Database\BaseBuilder.php(1866): CodeIgniter\Database\BaseConnection->query('SELECT *\nFROM `...', Array, false)
#4 C:\xampp\htdocs\prive\app\Models\Dasbor_model.php(29): CodeIgniter\Database\BaseBuilder->get()
#5 C:\xampp\htdocs\prive\app\Views\admin\dasbor\index.php(21): App\Models\Dasbor_model->client()
#6 C:\xampp\htdocs\prive\system\View\View.php(220): include('C:\\xampp\\htdocs...')
#7 C:\xampp\htdocs\prive\system\View\View.php(222): CodeIgniter\View\View->CodeIgniter\View\{closure}()
#8 C:\xampp\htdocs\prive\system\Common.php(1217): CodeIgniter\View\View->render('admin/dasbor/in...', Array, true)
#9 C:\xampp\htdocs\prive\app\Views\admin\layout\content.php(4): view('admin/dasbor/in...')
#10 C:\xampp\htdocs\prive\app\Views\admin\layout\wrapper.php(11): require_once('C:\\xampp\\htdocs...')
#11 C:\xampp\htdocs\prive\system\View\View.php(220): include('C:\\xampp\\htdocs...')
#12 C:\xampp\htdocs\prive\system\View\View.php(222): CodeIgniter\View\View->CodeIgniter\View\{closure}()
#13 C:\xampp\htdocs\prive\system\Common.php(1217): CodeIgniter\View\View->render('admin/layout/wr...', Array, true)
#14 C:\xampp\htdocs\prive\app\Controllers\Admin\Dasbor.php(15): view('admin/layout/wr...', Array)
#15 C:\xampp\htdocs\prive\system\CodeIgniter.php(936): App\Controllers\Admin\Dasbor->index()
#16 C:\xampp\htdocs\prive\system\CodeIgniter.php(432): CodeIgniter\CodeIgniter->runController(Object(App\Controllers\Admin\Dasbor))
#17 C:\xampp\htdocs\prive\system\CodeIgniter.php(333): CodeIgniter\CodeIgniter->handleRequest(NULL, Object(Config\Cache), false)
#18 C:\xampp\htdocs\prive\public\index.php(44): CodeIgniter\CodeIgniter->run()
#19 C:\xampp\htdocs\prive\index.php(6): require_once('C:\\xampp\\htdocs...')
#20 {main}
CRITICAL - 2021-08-20 14:41:29 --> Table 'modena_prive.client' doesn't exist
#0 C:\xampp\htdocs\prive\system\Database\MySQLi\Connection.php(314): mysqli->query('SELECT *\nFROM `...')
#1 C:\xampp\htdocs\prive\system\Database\BaseConnection.php(713): CodeIgniter\Database\MySQLi\Connection->execute('SELECT *\nFROM `...')
#2 C:\xampp\htdocs\prive\system\Database\BaseConnection.php(641): CodeIgniter\Database\BaseConnection->simpleQuery('SELECT *\nFROM `...')
#3 C:\xampp\htdocs\prive\system\Database\BaseBuilder.php(1866): CodeIgniter\Database\BaseConnection->query('SELECT *\nFROM `...', Array, false)
#4 C:\xampp\htdocs\prive\app\Models\Dasbor_model.php(29): CodeIgniter\Database\BaseBuilder->get()
#5 C:\xampp\htdocs\prive\app\Views\admin\dasbor\index.php(21): App\Models\Dasbor_model->client()
#6 C:\xampp\htdocs\prive\system\View\View.php(220): include('C:\\xampp\\htdocs...')
#7 C:\xampp\htdocs\prive\system\View\View.php(222): CodeIgniter\View\View->CodeIgniter\View\{closure}()
#8 C:\xampp\htdocs\prive\system\Common.php(1217): CodeIgniter\View\View->render('admin/dasbor/in...', Array, true)
#9 C:\xampp\htdocs\prive\app\Views\admin\layout\content.php(4): view('admin/dasbor/in...')
#10 C:\xampp\htdocs\prive\app\Views\admin\layout\wrapper.php(11): require_once('C:\\xampp\\htdocs...')
#11 C:\xampp\htdocs\prive\system\View\View.php(220): include('C:\\xampp\\htdocs...')
#12 C:\xampp\htdocs\prive\system\View\View.php(222): CodeIgniter\View\View->CodeIgniter\View\{closure}()
#13 C:\xampp\htdocs\prive\system\Common.php(1217): CodeIgniter\View\View->render('admin/layout/wr...', Array, true)
#14 C:\xampp\htdocs\prive\app\Controllers\Admin\Dasbor.php(15): view('admin/layout/wr...', Array)
#15 C:\xampp\htdocs\prive\system\CodeIgniter.php(936): App\Controllers\Admin\Dasbor->index()
#16 C:\xampp\htdocs\prive\system\CodeIgniter.php(432): CodeIgniter\CodeIgniter->runController(Object(App\Controllers\Admin\Dasbor))
#17 C:\xampp\htdocs\prive\system\CodeIgniter.php(333): CodeIgniter\CodeIgniter->handleRequest(NULL, Object(Config\Cache), false)
#18 C:\xampp\htdocs\prive\public\index.php(44): CodeIgniter\CodeIgniter->run()
#19 C:\xampp\htdocs\prive\index.php(6): require_once('C:\\xampp\\htdocs...')
#20 {main}
CRITICAL - 2021-08-20 14:45:05 --> You must set the database table to be used with your query.
#0 C:\xampp\htdocs\prive\system\Model.php(615): CodeIgniter\Database\BaseConnection->table(NULL)
#1 C:\xampp\htdocs\prive\system\Model.php(834): CodeIgniter\Model->builder()
#2 C:\xampp\htdocs\prive\app\Views\admin\dasbor\index.php(38): CodeIgniter\Model->__call('staff', Array)
#3 C:\xampp\htdocs\prive\system\View\View.php(220): include('C:\\xampp\\htdocs...')
#4 C:\xampp\htdocs\prive\system\View\View.php(222): CodeIgniter\View\View->CodeIgniter\View\{closure}()
#5 C:\xampp\htdocs\prive\system\Common.php(1217): CodeIgniter\View\View->render('admin/dasbor/in...', Array, true)
#6 C:\xampp\htdocs\prive\app\Views\admin\layout\content.php(4): view('admin/dasbor/in...')
#7 C:\xampp\htdocs\prive\app\Views\admin\layout\wrapper.php(11): require_once('C:\\xampp\\htdocs...')
#8 C:\xampp\htdocs\prive\system\View\View.php(220): include('C:\\xampp\\htdocs...')
#9 C:\xampp\htdocs\prive\system\View\View.php(222): CodeIgniter\View\View->CodeIgniter\View\{closure}()
#10 C:\xampp\htdocs\prive\system\Common.php(1217): CodeIgniter\View\View->render('admin/layout/wr...', Array, true)
#11 C:\xampp\htdocs\prive\app\Controllers\Admin\Dasbor.php(15): view('admin/layout/wr...', Array)
#12 C:\xampp\htdocs\prive\system\CodeIgniter.php(936): App\Controllers\Admin\Dasbor->index()
#13 C:\xampp\htdocs\prive\system\CodeIgniter.php(432): CodeIgniter\CodeIgniter->runController(Object(App\Controllers\Admin\Dasbor))
#14 C:\xampp\htdocs\prive\system\CodeIgniter.php(333): CodeIgniter\CodeIgniter->handleRequest(NULL, Object(Config\Cache), false)
#15 C:\xampp\htdocs\prive\public\index.php(44): CodeIgniter\CodeIgniter->run()
#16 C:\xampp\htdocs\prive\index.php(6): require_once('C:\\xampp\\htdocs...')
#17 {main}
CRITICAL - 2021-08-20 14:45:21 --> You must set the database table to be used with your query.
#0 C:\xampp\htdocs\prive\system\Model.php(615): CodeIgniter\Database\BaseConnection->table(NULL)
#1 C:\xampp\htdocs\prive\system\Model.php(834): CodeIgniter\Model->builder()
#2 C:\xampp\htdocs\prive\app\Views\admin\dasbor\index.php(38): CodeIgniter\Model->__call('staff', Array)
#3 C:\xampp\htdocs\prive\system\View\View.php(220): include('C:\\xampp\\htdocs...')
#4 C:\xampp\htdocs\prive\system\View\View.php(222): CodeIgniter\View\View->CodeIgniter\View\{closure}()
#5 C:\xampp\htdocs\prive\system\Common.php(1217): CodeIgniter\View\View->render('admin/dasbor/in...', Array, true)
#6 C:\xampp\htdocs\prive\app\Views\admin\layout\content.php(4): view('admin/dasbor/in...')
#7 C:\xampp\htdocs\prive\app\Views\admin\layout\wrapper.php(11): require_once('C:\\xampp\\htdocs...')
#8 C:\xampp\htdocs\prive\system\View\View.php(220): include('C:\\xampp\\htdocs...')
#9 C:\xampp\htdocs\prive\system\View\View.php(222): CodeIgniter\View\View->CodeIgniter\View\{closure}()
#10 C:\xampp\htdocs\prive\system\Common.php(1217): CodeIgniter\View\View->render('admin/layout/wr...', Array, true)
#11 C:\xampp\htdocs\prive\app\Controllers\Admin\Dasbor.php(15): view('admin/layout/wr...', Array)
#12 C:\xampp\htdocs\prive\system\CodeIgniter.php(936): App\Controllers\Admin\Dasbor->index()
#13 C:\xampp\htdocs\prive\system\CodeIgniter.php(432): CodeIgniter\CodeIgniter->runController(Object(App\Controllers\Admin\Dasbor))
#14 C:\xampp\htdocs\prive\system\CodeIgniter.php(333): CodeIgniter\CodeIgniter->handleRequest(NULL, Object(Config\Cache), false)
#15 C:\xampp\htdocs\prive\public\index.php(44): CodeIgniter\CodeIgniter->run()
#16 C:\xampp\htdocs\prive\index.php(6): require_once('C:\\xampp\\htdocs...')
#17 {main}
CRITICAL - 2021-08-20 20:24:18 --> Undefined index: mobile
#0 C:\xampp\htdocs\prive\app\Libraries\PhoneRules.php(6): CodeIgniter\Debug\Exceptions->errorHandler(8, 'Undefined index...', 'C:\\xampp\\htdocs...', 6, Array)
#1 C:\xampp\htdocs\prive\system\Validation\Validation.php(306): App\Libraries\PhoneRules->mobile('092131', 'mobile', Array, NULL)
#2 C:\xampp\htdocs\prive\system\Validation\Validation.php(164): CodeIgniter\Validation\Validation->processRules('handphone', 'handphone', '092131', Array, Array)
#3 C:\xampp\htdocs\prive\system\Controller.php(181): CodeIgniter\Validation\Validation->run()
#4 C:\xampp\htdocs\prive\app\Controllers\Customers.php(50): CodeIgniter\Controller->validate(Array)
#5 C:\xampp\htdocs\prive\system\CodeIgniter.php(936): App\Controllers\Customers->register()
#6 C:\xampp\htdocs\prive\system\CodeIgniter.php(432): CodeIgniter\CodeIgniter->runController(Object(App\Controllers\Customers))
#7 C:\xampp\htdocs\prive\system\CodeIgniter.php(333): CodeIgniter\CodeIgniter->handleRequest(NULL, Object(Config\Cache), false)
#8 C:\xampp\htdocs\prive\public\index.php(44): CodeIgniter\CodeIgniter->run()
#9 C:\xampp\htdocs\prive\index.php(6): require_once('C:\\xampp\\htdocs...')
#10 {main}
