ERROR - 2021-09-20 11:27:00 --> mysqli_sql_exception: Column 'id_kategori_galeri' cannot be null in C:\xampp\htdocs\crm_dev\system\Database\MySQLi\Connection.php:314
Stack trace:
#0 C:\xampp\htdocs\crm_dev\system\Database\MySQLi\Connection.php(314): mysqli->query('INSERT INTO `ga...')
#1 C:\xampp\htdocs\crm_dev\system\Database\BaseConnection.php(713): CodeIgniter\Database\MySQLi\Connection->execute('INSERT INTO `ga...')
#2 C:\xampp\htdocs\crm_dev\system\Database\BaseConnection.php(641): CodeIgniter\Database\BaseConnection->simpleQuery('INSERT INTO `ga...')
#3 C:\xampp\htdocs\crm_dev\system\Database\BaseBuilder.php(2263): CodeIgniter\Database\BaseConnection->query('INSERT INTO `ga...', Array, false)
#4 C:\xampp\htdocs\crm_dev\app\Models\Galeri_model.php(49): CodeIgniter\Database\BaseBuilder->insert(Array)
#5 C:\xampp\htdocs\crm_dev\app\Controllers\Admin\Galeri.php(67): App\Models\Galeri_model->tambah(Array)
#6 C:\xampp\htdocs\crm_dev\system\CodeIgniter.php(936): App\Controllers\Admin\Galeri->tambah()
#7 C:\xampp\htdocs\crm_dev\system\CodeIgniter.php(432): CodeIgniter\CodeIgniter->runController(Object(App\Controllers\Admin\Galeri))
#8 C:\xampp\htdocs\crm_dev\system\CodeIgniter.php(333): CodeIgniter\CodeIgniter->handleRequest(NULL, Object(Config\Cache), false)
#9 C:\xampp\htdocs\crm_dev\public\index.php(44): CodeIgniter\CodeIgniter->run()
#10 C:\xampp\htdocs\crm_dev\index.php(6): require_once('C:\\xampp\\htdocs...')
#11 {main}
CRITICAL - 2021-09-20 11:27:00 --> Column 'id_kategori_galeri' cannot be null
#0 C:\xampp\htdocs\crm_dev\system\Database\MySQLi\Connection.php(314): mysqli->query('INSERT INTO `ga...')
#1 C:\xampp\htdocs\crm_dev\system\Database\BaseConnection.php(713): CodeIgniter\Database\MySQLi\Connection->execute('INSERT INTO `ga...')
#2 C:\xampp\htdocs\crm_dev\system\Database\BaseConnection.php(641): CodeIgniter\Database\BaseConnection->simpleQuery('INSERT INTO `ga...')
#3 C:\xampp\htdocs\crm_dev\system\Database\BaseBuilder.php(2263): CodeIgniter\Database\BaseConnection->query('INSERT INTO `ga...', Array, false)
#4 C:\xampp\htdocs\crm_dev\app\Models\Galeri_model.php(49): CodeIgniter\Database\BaseBuilder->insert(Array)
#5 C:\xampp\htdocs\crm_dev\app\Controllers\Admin\Galeri.php(67): App\Models\Galeri_model->tambah(Array)
#6 C:\xampp\htdocs\crm_dev\system\CodeIgniter.php(936): App\Controllers\Admin\Galeri->tambah()
#7 C:\xampp\htdocs\crm_dev\system\CodeIgniter.php(432): CodeIgniter\CodeIgniter->runController(Object(App\Controllers\Admin\Galeri))
#8 C:\xampp\htdocs\crm_dev\system\CodeIgniter.php(333): CodeIgniter\CodeIgniter->handleRequest(NULL, Object(Config\Cache), false)
#9 C:\xampp\htdocs\crm_dev\public\index.php(44): CodeIgniter\CodeIgniter->run()
#10 C:\xampp\htdocs\crm_dev\index.php(6): require_once('C:\\xampp\\htdocs...')
#11 {main}
ERROR - 2021-09-20 11:27:21 --> mysqli_sql_exception: Column 'id_kategori_galeri' cannot be null in C:\xampp\htdocs\crm_dev\system\Database\MySQLi\Connection.php:314
Stack trace:
#0 C:\xampp\htdocs\crm_dev\system\Database\MySQLi\Connection.php(314): mysqli->query('INSERT INTO `ga...')
#1 C:\xampp\htdocs\crm_dev\system\Database\BaseConnection.php(713): CodeIgniter\Database\MySQLi\Connection->execute('INSERT INTO `ga...')
#2 C:\xampp\htdocs\crm_dev\system\Database\BaseConnection.php(641): CodeIgniter\Database\BaseConnection->simpleQuery('INSERT INTO `ga...')
#3 C:\xampp\htdocs\crm_dev\system\Database\BaseBuilder.php(2263): CodeIgniter\Database\BaseConnection->query('INSERT INTO `ga...', Array, false)
#4 C:\xampp\htdocs\crm_dev\app\Models\Galeri_model.php(49): CodeIgniter\Database\BaseBuilder->insert(Array)
#5 C:\xampp\htdocs\crm_dev\app\Controllers\Admin\Galeri.php(67): App\Models\Galeri_model->tambah(Array)
#6 C:\xampp\htdocs\crm_dev\system\CodeIgniter.php(936): App\Controllers\Admin\Galeri->tambah()
#7 C:\xampp\htdocs\crm_dev\system\CodeIgniter.php(432): CodeIgniter\CodeIgniter->runController(Object(App\Controllers\Admin\Galeri))
#8 C:\xampp\htdocs\crm_dev\system\CodeIgniter.php(333): CodeIgniter\CodeIgniter->handleRequest(NULL, Object(Config\Cache), false)
#9 C:\xampp\htdocs\crm_dev\public\index.php(44): CodeIgniter\CodeIgniter->run()
#10 C:\xampp\htdocs\crm_dev\index.php(6): require_once('C:\\xampp\\htdocs...')
#11 {main}
CRITICAL - 2021-09-20 11:27:21 --> Column 'id_kategori_galeri' cannot be null
#0 C:\xampp\htdocs\crm_dev\system\Database\MySQLi\Connection.php(314): mysqli->query('INSERT INTO `ga...')
#1 C:\xampp\htdocs\crm_dev\system\Database\BaseConnection.php(713): CodeIgniter\Database\MySQLi\Connection->execute('INSERT INTO `ga...')
#2 C:\xampp\htdocs\crm_dev\system\Database\BaseConnection.php(641): CodeIgniter\Database\BaseConnection->simpleQuery('INSERT INTO `ga...')
#3 C:\xampp\htdocs\crm_dev\system\Database\BaseBuilder.php(2263): CodeIgniter\Database\BaseConnection->query('INSERT INTO `ga...', Array, false)
#4 C:\xampp\htdocs\crm_dev\app\Models\Galeri_model.php(49): CodeIgniter\Database\BaseBuilder->insert(Array)
#5 C:\xampp\htdocs\crm_dev\app\Controllers\Admin\Galeri.php(67): App\Models\Galeri_model->tambah(Array)
#6 C:\xampp\htdocs\crm_dev\system\CodeIgniter.php(936): App\Controllers\Admin\Galeri->tambah()
#7 C:\xampp\htdocs\crm_dev\system\CodeIgniter.php(432): CodeIgniter\CodeIgniter->runController(Object(App\Controllers\Admin\Galeri))
#8 C:\xampp\htdocs\crm_dev\system\CodeIgniter.php(333): CodeIgniter\CodeIgniter->handleRequest(NULL, Object(Config\Cache), false)
#9 C:\xampp\htdocs\crm_dev\public\index.php(44): CodeIgniter\CodeIgniter->run()
#10 C:\xampp\htdocs\crm_dev\index.php(6): require_once('C:\\xampp\\htdocs...')
#11 {main}
CRITICAL - 2021-09-20 16:07:34 --> Trying to get property 'title' of non-object
#0 C:\xampp\htdocs\crm_dev\app\Views\home\index.php(146): CodeIgniter\Debug\Exceptions->errorHandler(8, 'Trying to get p...', 'C:\\xampp\\htdocs...', 146, Array)
#1 C:\xampp\htdocs\crm_dev\system\View\View.php(220): include('C:\\xampp\\htdocs...')
#2 C:\xampp\htdocs\crm_dev\system\View\View.php(222): CodeIgniter\View\View->CodeIgniter\View\{closure}()
#3 C:\xampp\htdocs\crm_dev\system\Common.php(1217): CodeIgniter\View\View->render('home/index', Array, true)
#4 C:\xampp\htdocs\crm_dev\app\Controllers\Home.php(25): view('home/index', Array)
#5 C:\xampp\htdocs\crm_dev\system\CodeIgniter.php(936): App\Controllers\Home->index()
#6 C:\xampp\htdocs\crm_dev\system\CodeIgniter.php(432): CodeIgniter\CodeIgniter->runController(Object(App\Controllers\Home))
#7 C:\xampp\htdocs\crm_dev\system\CodeIgniter.php(333): CodeIgniter\CodeIgniter->handleRequest(NULL, Object(Config\Cache), false)
#8 C:\xampp\htdocs\crm_dev\public\index.php(44): CodeIgniter\CodeIgniter->run()
#9 C:\xampp\htdocs\crm_dev\index.php(6): require_once('C:\\xampp\\htdocs...')
#10 {main}
CRITICAL - 2021-09-20 16:09:05 --> Array to string conversion
#0 C:\xampp\htdocs\crm_dev\app\Views\home\index.php(146): CodeIgniter\Debug\Exceptions->errorHandler(8, 'Array to string...', 'C:\\xampp\\htdocs...', 146, Array)
#1 C:\xampp\htdocs\crm_dev\system\View\View.php(220): include('C:\\xampp\\htdocs...')
#2 C:\xampp\htdocs\crm_dev\system\View\View.php(222): CodeIgniter\View\View->CodeIgniter\View\{closure}()
#3 C:\xampp\htdocs\crm_dev\system\Common.php(1217): CodeIgniter\View\View->render('home/index', Array, true)
#4 C:\xampp\htdocs\crm_dev\app\Controllers\Home.php(25): view('home/index', Array)
#5 C:\xampp\htdocs\crm_dev\system\CodeIgniter.php(936): App\Controllers\Home->index()
#6 C:\xampp\htdocs\crm_dev\system\CodeIgniter.php(432): CodeIgniter\CodeIgniter->runController(Object(App\Controllers\Home))
#7 C:\xampp\htdocs\crm_dev\system\CodeIgniter.php(333): CodeIgniter\CodeIgniter->handleRequest(NULL, Object(Config\Cache), false)
#8 C:\xampp\htdocs\crm_dev\public\index.php(44): CodeIgniter\CodeIgniter->run()
#9 C:\xampp\htdocs\crm_dev\index.php(6): require_once('C:\\xampp\\htdocs...')
#10 {main}
CRITICAL - 2021-09-20 16:10:26 --> Undefined index: title
#0 C:\xampp\htdocs\crm_dev\app\Views\home\index.php(146): CodeIgniter\Debug\Exceptions->errorHandler(8, 'Undefined index...', 'C:\\xampp\\htdocs...', 146, Array)
#1 C:\xampp\htdocs\crm_dev\system\View\View.php(220): include('C:\\xampp\\htdocs...')
#2 C:\xampp\htdocs\crm_dev\system\View\View.php(222): CodeIgniter\View\View->CodeIgniter\View\{closure}()
#3 C:\xampp\htdocs\crm_dev\system\Common.php(1217): CodeIgniter\View\View->render('home/index', Array, true)
#4 C:\xampp\htdocs\crm_dev\app\Controllers\Home.php(25): view('home/index', Array)
#5 C:\xampp\htdocs\crm_dev\system\CodeIgniter.php(936): App\Controllers\Home->index()
#6 C:\xampp\htdocs\crm_dev\system\CodeIgniter.php(432): CodeIgniter\CodeIgniter->runController(Object(App\Controllers\Home))
#7 C:\xampp\htdocs\crm_dev\system\CodeIgniter.php(333): CodeIgniter\CodeIgniter->handleRequest(NULL, Object(Config\Cache), false)
#8 C:\xampp\htdocs\crm_dev\public\index.php(44): CodeIgniter\CodeIgniter->run()
#9 C:\xampp\htdocs\crm_dev\index.php(6): require_once('C:\\xampp\\htdocs...')
#10 {main}
