CRITICAL - 2021-10-18 04:22:37 --> Undefined variable: data
#0 C:\xampp\htdocs\free-membership\app\Controllers\AjaxController.php(116): CodeIgniter\Debug\Exceptions->errorHandler(8, 'Undefined varia...', 'C:\\xampp\\htdocs...', 116, Array)
#1 C:\xampp\htdocs\free-membership\system\CodeIgniter.php(936): App\Controllers\AjaxController->fetchProduct()
#2 C:\xampp\htdocs\free-membership\system\CodeIgniter.php(432): CodeIgniter\CodeIgniter->runController(Object(App\Controllers\AjaxController))
#3 C:\xampp\htdocs\free-membership\system\CodeIgniter.php(333): CodeIgniter\CodeIgniter->handleRequest(NULL, Object(Config\Cache), false)
#4 C:\xampp\htdocs\free-membership\public\index.php(44): CodeIgniter\CodeIgniter->run()
#5 C:\xampp\htdocs\free-membership\index.php(6): require_once('C:\\xampp\\htdocs...')
#6 {main}
CRITICAL - 2021-10-18 06:46:47 --> Undefined variable: data
#0 C:\xampp\htdocs\free-membership\app\Controllers\AjaxController.php(116): CodeIgniter\Debug\Exceptions->errorHandler(8, 'Undefined varia...', 'C:\\xampp\\htdocs...', 116, Array)
#1 C:\xampp\htdocs\free-membership\system\CodeIgniter.php(936): App\Controllers\AjaxController->fetchProduct()
#2 C:\xampp\htdocs\free-membership\system\CodeIgniter.php(432): CodeIgniter\CodeIgniter->runController(Object(App\Controllers\AjaxController))
#3 C:\xampp\htdocs\free-membership\system\CodeIgniter.php(333): CodeIgniter\CodeIgniter->handleRequest(NULL, Object(Config\Cache), false)
#4 C:\xampp\htdocs\free-membership\public\index.php(44): CodeIgniter\CodeIgniter->run()
#5 C:\xampp\htdocs\free-membership\index.php(6): require_once('C:\\xampp\\htdocs...')
#6 {main}
CRITICAL - 2021-10-18 08:19:00 --> Undefined variable: data
#0 C:\xampp\htdocs\free-membership\app\Controllers\AjaxController.php(116): CodeIgniter\Debug\Exceptions->errorHandler(8, 'Undefined varia...', 'C:\\xampp\\htdocs...', 116, Array)
#1 C:\xampp\htdocs\free-membership\system\CodeIgniter.php(936): App\Controllers\AjaxController->fetchProduct()
#2 C:\xampp\htdocs\free-membership\system\CodeIgniter.php(432): CodeIgniter\CodeIgniter->runController(Object(App\Controllers\AjaxController))
#3 C:\xampp\htdocs\free-membership\system\CodeIgniter.php(333): CodeIgniter\CodeIgniter->handleRequest(NULL, Object(Config\Cache), false)
#4 C:\xampp\htdocs\free-membership\public\index.php(44): CodeIgniter\CodeIgniter->run()
#5 C:\xampp\htdocs\free-membership\index.php(6): require_once('C:\\xampp\\htdocs...')
#6 {main}
CRITICAL - 2021-10-18 09:19:45 --> Undefined variable: data
#0 C:\xampp\htdocs\free-membership\app\Controllers\AjaxController.php(116): CodeIgniter\Debug\Exceptions->errorHandler(8, 'Undefined varia...', 'C:\\xampp\\htdocs...', 116, Array)
#1 C:\xampp\htdocs\free-membership\system\CodeIgniter.php(936): App\Controllers\AjaxController->fetchProduct()
#2 C:\xampp\htdocs\free-membership\system\CodeIgniter.php(432): CodeIgniter\CodeIgniter->runController(Object(App\Controllers\AjaxController))
#3 C:\xampp\htdocs\free-membership\system\CodeIgniter.php(333): CodeIgniter\CodeIgniter->handleRequest(NULL, Object(Config\Cache), false)
#4 C:\xampp\htdocs\free-membership\public\index.php(44): CodeIgniter\CodeIgniter->run()
#5 C:\xampp\htdocs\free-membership\index.php(6): require_once('C:\\xampp\\htdocs...')
#6 {main}
CRITICAL - 2021-10-18 13:02:32 --> Undefined variable: data
#0 C:\xampp\htdocs\free-membership\app\Controllers\AjaxController.php(116): CodeIgniter\Debug\Exceptions->errorHandler(8, 'Undefined varia...', 'C:\\xampp\\htdocs...', 116, Array)
#1 C:\xampp\htdocs\free-membership\system\CodeIgniter.php(936): App\Controllers\AjaxController->fetchProduct()
#2 C:\xampp\htdocs\free-membership\system\CodeIgniter.php(432): CodeIgniter\CodeIgniter->runController(Object(App\Controllers\AjaxController))
#3 C:\xampp\htdocs\free-membership\system\CodeIgniter.php(333): CodeIgniter\CodeIgniter->handleRequest(NULL, Object(Config\Cache), false)
#4 C:\xampp\htdocs\free-membership\public\index.php(44): CodeIgniter\CodeIgniter->run()
#5 C:\xampp\htdocs\free-membership\index.php(6): require_once('C:\\xampp\\htdocs...')
#6 {main}
CRITICAL - 2021-10-18 14:45:18 --> Undefined variable: data
#0 C:\xampp\htdocs\free-membership\app\Controllers\AjaxController.php(116): CodeIgniter\Debug\Exceptions->errorHandler(8, 'Undefined varia...', 'C:\\xampp\\htdocs...', 116, Array)
#1 C:\xampp\htdocs\free-membership\system\CodeIgniter.php(936): App\Controllers\AjaxController->fetchProduct()
#2 C:\xampp\htdocs\free-membership\system\CodeIgniter.php(432): CodeIgniter\CodeIgniter->runController(Object(App\Controllers\AjaxController))
#3 C:\xampp\htdocs\free-membership\system\CodeIgniter.php(333): CodeIgniter\CodeIgniter->handleRequest(NULL, Object(Config\Cache), false)
#4 C:\xampp\htdocs\free-membership\public\index.php(44): CodeIgniter\CodeIgniter->run()
#5 C:\xampp\htdocs\free-membership\index.php(6): require_once('C:\\xampp\\htdocs...')
#6 {main}
CRITICAL - 2021-10-18 15:43:44 --> Undefined variable: data
#0 C:\xampp\htdocs\free-membership\app\Controllers\AjaxController.php(116): CodeIgniter\Debug\Exceptions->errorHandler(8, 'Undefined varia...', 'C:\\xampp\\htdocs...', 116, Array)
#1 C:\xampp\htdocs\free-membership\system\CodeIgniter.php(936): App\Controllers\AjaxController->fetchProduct()
#2 C:\xampp\htdocs\free-membership\system\CodeIgniter.php(432): CodeIgniter\CodeIgniter->runController(Object(App\Controllers\AjaxController))
#3 C:\xampp\htdocs\free-membership\system\CodeIgniter.php(333): CodeIgniter\CodeIgniter->handleRequest(NULL, Object(Config\Cache), false)
#4 C:\xampp\htdocs\free-membership\public\index.php(44): CodeIgniter\CodeIgniter->run()
#5 C:\xampp\htdocs\free-membership\index.php(6): require_once('C:\\xampp\\htdocs...')
#6 {main}
CRITICAL - 2021-10-18 15:50:35 --> Undefined variable: data
#0 C:\xampp\htdocs\free-membership\app\Controllers\AjaxController.php(116): CodeIgniter\Debug\Exceptions->errorHandler(8, 'Undefined varia...', 'C:\\xampp\\htdocs...', 116, Array)
#1 C:\xampp\htdocs\free-membership\system\CodeIgniter.php(936): App\Controllers\AjaxController->fetchProduct()
#2 C:\xampp\htdocs\free-membership\system\CodeIgniter.php(432): CodeIgniter\CodeIgniter->runController(Object(App\Controllers\AjaxController))
#3 C:\xampp\htdocs\free-membership\system\CodeIgniter.php(333): CodeIgniter\CodeIgniter->handleRequest(NULL, Object(Config\Cache), false)
#4 C:\xampp\htdocs\free-membership\public\index.php(44): CodeIgniter\CodeIgniter->run()
#5 C:\xampp\htdocs\free-membership\index.php(6): require_once('C:\\xampp\\htdocs...')
#6 {main}
CRITICAL - 2021-10-18 21:27:57 --> Undefined variable: data
#0 C:\xampp\htdocs\free-membership\app\Controllers\AjaxController.php(116): CodeIgniter\Debug\Exceptions->errorHandler(8, 'Undefined varia...', 'C:\\xampp\\htdocs...', 116, Array)
#1 C:\xampp\htdocs\free-membership\system\CodeIgniter.php(936): App\Controllers\AjaxController->fetchProduct()
#2 C:\xampp\htdocs\free-membership\system\CodeIgniter.php(432): CodeIgniter\CodeIgniter->runController(Object(App\Controllers\AjaxController))
#3 C:\xampp\htdocs\free-membership\system\CodeIgniter.php(333): CodeIgniter\CodeIgniter->handleRequest(NULL, Object(Config\Cache), false)
#4 C:\xampp\htdocs\free-membership\public\index.php(44): CodeIgniter\CodeIgniter->run()
#5 C:\xampp\htdocs\free-membership\index.php(6): require_once('C:\\xampp\\htdocs...')
#6 {main}
